Log file open, 04/23/22 14:02:38
LogWindows: Failed to load 'aqProf.dll' (GetLastError=126)
LogWindows: File 'aqProf.dll' does not exist
LogWindows: Failed to load 'VtuneApi.dll' (GetLastError=126)
LogWindows: File 'VtuneApi.dll' does not exist
LogWindows: Failed to load 'VtuneApi32e.dll' (GetLastError=126)
LogWindows: File 'VtuneApi32e.dll' does not exist
LogConsoleResponse: Display: Failed to find resolution value strings in scalability ini. Falling back to default.
LogConsoleResponse: Display: Failed to find resolution value strings in scalability ini. Falling back to default.
LogInit: Display: Running engine for game: The_Omnipresence
LogPlatformFile: Not using cached read wrapper
LogTaskGraph: Started task graph with 5 named threads and 23 total threads with 3 sets of task threads.
LogStats: Stats thread started at 0.272979
LogICUInternationalization: ICU TimeZone Detection - Raw Offset: +1:00, Platform Override: ''
LogInit: Display: Loading text-based GConfig....
LogPluginManager: Mounting plugin MeshPainting
LogPluginManager: Mounting plugin XGEController
LogPluginManager: Mounting plugin Paper2D
LogPluginManager: Mounting plugin LightPropagationVolume
LogPluginManager: Mounting plugin LiveLink
LogPluginManager: Mounting plugin CameraShakePreviewer
LogPluginManager: Mounting plugin GameplayCameras
LogPluginManager: Mounting plugin AISupport
LogPluginManager: Mounting plugin OodleNetwork
LogPluginManager: Mounting plugin OodleData
LogPluginManager: Mounting plugin BlueprintMaterialTextureNodes
LogPluginManager: Mounting plugin CryptoKeys
LogPluginManager: Mounting plugin CurveEditorTools
LogPluginManager: Mounting plugin AssetManagerEditor
LogPluginManager: Mounting plugin DataValidation
LogPluginManager: Mounting plugin GameplayTagsEditor
LogPluginManager: Mounting plugin GeometryMode
LogPluginManager: Mounting plugin FacialAnimation
LogPluginManager: Mounting plugin MacGraphicsSwitching
LogPluginManager: Mounting plugin MaterialAnalyzer
LogPluginManager: Mounting plugin PluginBrowser
LogPluginManager: Mounting plugin SpeedTreeImporter
LogPluginManager: Mounting plugin AnimationSharing
LogPluginManager: Mounting plugin StylusInput
LogPluginManager: Mounting plugin MobileLauncherProfileWizard
LogPluginManager: Mounting plugin CLionSourceCodeAccess
LogPluginManager: Mounting plugin CodeLiteSourceCodeAccess
LogPluginManager: Mounting plugin GitSourceControl
LogPluginManager: Mounting plugin AlembicImporter
LogPluginManager: Mounting plugin KDevelopSourceCodeAccess
LogPluginManager: Mounting plugin NullSourceCodeAccess
LogPluginManager: Mounting plugin AutomationUtils
LogPluginManager: Mounting plugin BackChannel
LogPluginManager: Mounting plugin PerforceSourceControl
LogPluginManager: Mounting plugin ChaosCloth
LogPluginManager: Mounting plugin ChaosClothEditor
LogPluginManager: Mounting plugin ChaosNiagara
LogPluginManager: Mounting plugin CharacterAI
LogPluginManager: Mounting plugin ChaosEditor
LogPluginManager: Mounting plugin ChaosSolverPlugin
LogPluginManager: Mounting plugin PlasticSourceControl
LogPluginManager: Mounting plugin PixWinPlugin
LogPluginManager: Mounting plugin DatasmithContent
LogPluginManager: Mounting plugin EnhancedInput
LogPluginManager: Mounting plugin GeometryCache
LogPluginManager: Mounting plugin PluginUtils
LogPluginManager: Mounting plugin PropertyAccessNode
LogPluginManager: Mounting plugin RiderSourceCodeAccess
LogPluginManager: Mounting plugin GeometryCollectionPlugin
LogPluginManager: Mounting plugin SubversionSourceControl
LogPluginManager: Mounting plugin VariantManagerContent
LogPluginManager: Mounting plugin TextureFormatOodle
LogPluginManager: Mounting plugin UObjectPlugin
LogPluginManager: Mounting plugin VisualStudioCodeSourceCodeAccess
LogPluginManager: Mounting plugin XCodeSourceCodeAccess
LogPluginManager: Mounting plugin VisualStudioSourceCodeAccess
LogPluginManager: Mounting plugin GeometryProcessing
LogPluginManager: Mounting plugin Landmass
LogPluginManager: Mounting plugin ModelingToolsEditorMode
LogPluginManager: Mounting plugin MeshModelingToolset
LogPluginManager: Mounting plugin MotoSynth
LogPluginManager: Mounting plugin OpenImageDenoise
LogPluginManager: Mounting plugin PythonScriptPlugin
LogPluginManager: Mounting plugin PlanarCut
LogPluginManager: Mounting plugin PlatformCrypto
LogPluginManager: Mounting plugin ProxyLODPlugin
LogPluginManager: Mounting plugin SkeletalReduction
LogPluginManager: Mounting plugin Water
LogPluginManager: Mounting plugin LuminPlatformFeatures
LogPluginManager: Mounting plugin MagicLeap
LogPluginManager: Mounting plugin MagicLeapLightEstimation
LogPluginManager: Mounting plugin MagicLeapMedia
LogPluginManager: Mounting plugin Niagara
LogPluginManager: Mounting plugin MagicLeapPassableWorld
LogPluginManager: Mounting plugin MLSDK
LogPluginManager: Mounting plugin UINavigation
LogPluginManager: Mounting plugin HiSQLite3
LogPluginManager: Mounting plugin AndroidMedia
LogPluginManager: Mounting plugin AvfMedia
LogPluginManager: Mounting plugin ImgMedia
LogPluginManager: Mounting plugin MediaCompositing
LogPluginManager: Mounting plugin MediaPlayerEditor
LogPluginManager: Mounting plugin WmfMedia
LogPluginManager: Mounting plugin WebMMedia
LogPluginManager: Mounting plugin TcpMessaging
LogPluginManager: Mounting plugin UdpMessaging
LogPluginManager: Mounting plugin ActorSequence
LogPluginManager: Mounting plugin LevelSequenceEditor
LogPluginManager: Mounting plugin MatineeToLevelSequence
LogPluginManager: Mounting plugin TemplateSequence
LogPluginManager: Mounting plugin OnlineSubsystem
LogPluginManager: Mounting plugin OnlineSubsystemNull
LogPluginManager: Mounting plugin OnlineSubsystemUtils
LogPluginManager: Mounting plugin LauncherChunkInstaller
LogPluginManager: Mounting plugin ScreenshotTools
LogPluginManager: Mounting plugin ActorLayerUtilities
LogPluginManager: Mounting plugin AndroidMoviePlayer
LogPluginManager: Mounting plugin AndroidDeviceProfileSelector
LogPluginManager: Mounting plugin AndroidPermission
LogPluginManager: Mounting plugin AppleImageUtils
LogPluginManager: Mounting plugin AppleMoviePlayer
LogPluginManager: Mounting plugin AudioCapture
LogPluginManager: Mounting plugin AssetTags
LogPluginManager: Mounting plugin ArchVisCharacter
LogPluginManager: Mounting plugin CableComponent
LogPluginManager: Mounting plugin AudioSynesthesia
LogPluginManager: Mounting plugin ChunkDownloader
LogPluginManager: Mounting plugin CustomMeshComponent
LogPluginManager: Mounting plugin EditableMesh
LogPluginManager: Mounting plugin ExampleDeviceProfileSelector
LogPluginManager: Mounting plugin GoogleCloudMessaging
LogPluginManager: Mounting plugin GooglePAD
LogPluginManager: Mounting plugin HairStrands
LogPluginManager: Mounting plugin LinuxDeviceProfileSelector
LogPluginManager: Mounting plugin IOSDeviceProfileSelector
LogPluginManager: Mounting plugin LocationServicesBPLibrary
LogPluginManager: Mounting plugin MobilePatchingUtils
LogPluginManager: Mounting plugin OpenXRHandTracking
LogPluginManager: Mounting plugin OpenXR
LogPluginManager: Mounting plugin OpenXREyeTracker
LogPluginManager: Mounting plugin PhysXVehicles
LogPluginManager: Mounting plugin Takes
LogPluginManager: Mounting plugin PostSplashScreen
LogPluginManager: Mounting plugin ProceduralMeshComponent
LogPluginManager: Mounting plugin PropertyAccessEditor
LogPluginManager: Mounting plugin SignificanceManager
LogPluginManager: Mounting plugin RuntimePhysXCooking
LogPluginManager: Mounting plugin SoundFields
LogPluginManager: Mounting plugin Synthesis
LogPluginManager: Mounting plugin WebMMoviePlayer
LogPluginManager: Mounting plugin WindowsMoviePlayer
LogPluginManager: Mounting plugin EnvironmentQueryEditor
LogPluginManager: Mounting plugin ContentBrowserAssetDataSource
LogPluginManager: Mounting plugin ContentBrowserClassDataSource
LogPluginManager: Mounting plugin ContentBrowserFileDataSource
LogPluginManager: Mounting plugin OnlineSubsystemIOS
LogPluginManager: Mounting plugin OnlineSubsystemGooglePlay
LogPluginManager: Mounting plugin DatabaseSupport
LogPluginManager: Mounting plugin SQLiteCore
LogPluginManager: Mounting plugin SQLiteSupport
LogPluginManager: Mounting plugin OculusVR
LogPluginManager: Mounting plugin SteamVR
PixWinPlugin: PIX capture plugin failed to initialize! Check that the process is launched from PIX.
LogInit: Using libcurl 7.55.1-DEV
LogInit:  - built for x86_64-pc-win32
LogInit:  - supports SSL with OpenSSL/1.1.1
LogInit:  - supports HTTP deflate (compression) using libz 1.2.8
LogInit:  - other features:
LogInit:      CURL_VERSION_SSL
LogInit:      CURL_VERSION_LIBZ
LogInit:      CURL_VERSION_IPV6
LogInit:      CURL_VERSION_ASYNCHDNS
LogInit:      CURL_VERSION_LARGEFILE
LogInit:      CURL_VERSION_IDN
LogInit:  CurlRequestOptions (configurable via config and command line):
LogInit:  - bVerifyPeer = true  - Libcurl will verify peer certificate
LogInit:  - bUseHttpProxy = false  - Libcurl will NOT use HTTP proxy
LogInit:  - bDontReuseConnections = false  - Libcurl will reuse connections
LogInit:  - MaxHostConnections = 16  - Libcurl will limit the number of connections to a host
LogInit:  - LocalHostAddr = Default
LogInit:  - BufferSize = 65536
LogOnline: OSS: Creating online subsystem instance for: NULL
LogInit: WinSock: version 1.1 (2.2), MaxSocks=32767, MaxUdp=65467
LogOnline: OSS: TryLoadSubsystemAndSetDefault: Loaded subsystem for module [NULL]
LogOculusPluginWrapper: OculusPlugin initialized successfully
LogHMD: Failed initializing OVRPlugin 1.59.0
LogInit: Build: ++UE4+Release-4.27-CL-18319896
LogInit: Engine Version: 4.27.2-18319896+++UE4+Release-4.27
LogInit: Compatible Engine Version: 4.27.0-17155196+++UE4+Release-4.27
LogInit: Net CL: 17155196
LogInit: OS: Windows 10 (Release 2009) (), CPU: AMD Ryzen 5 3400G with Radeon Vega Graphics    , GPU: AMD 15D8:C8
LogInit: Compiled (64-bit): Nov 30 2021 07:12:08
LogInit: Compiled with Visual C++: 19.24.28315.00
LogInit: Build Configuration: Development
LogInit: Branch Name: ++UE4+Release-4.27
LogInit: Command Line: 
LogInit: Base Directory: C:/UE_4.27/Engine/Binaries/Win64/
LogInit: Allocator: TBB
LogInit: Installed Engine Build: 1
LogDevObjectVersion: Number of dev versions registered: 29
LogDevObjectVersion:   Dev-Blueprints (B0D832E4-1F89-4F0D-ACCF-7EB736FD4AA2): 10
LogDevObjectVersion:   Dev-Build (E1C64328-A22C-4D53-A36C-8E866417BD8C): 0
LogDevObjectVersion:   Dev-Core (375EC13C-06E4-48FB-B500-84F0262A717E): 4
LogDevObjectVersion:   Dev-Editor (E4B068ED-F494-42E9-A231-DA0B2E46BB41): 40
LogDevObjectVersion:   Dev-Framework (CFFC743F-43B0-4480-9391-14DF171D2073): 37
LogDevObjectVersion:   Dev-Mobile (B02B49B5-BB20-44E9-A304-32B752E40360): 3
LogDevObjectVersion:   Dev-Networking (A4E4105C-59A1-49B5-A7C5-40C4547EDFEE): 0
LogDevObjectVersion:   Dev-Online (39C831C9-5AE6-47DC-9A44-9C173E1C8E7C): 0
LogDevObjectVersion:   Dev-Physics (78F01B33-EBEA-4F98-B9B4-84EACCB95AA2): 14
LogDevObjectVersion:   Dev-Platform (6631380F-2D4D-43E0-8009-CF276956A95A): 0
LogDevObjectVersion:   Dev-Rendering (12F88B9F-8875-4AFC-A67C-D90C383ABD29): 45
LogDevObjectVersion:   Dev-Sequencer (7B5AE74C-D270-4C10-A958-57980B212A5A): 13
LogDevObjectVersion:   Dev-VR (D7296918-1DD6-4BDD-9DE2-64A83CC13884): 3
LogDevObjectVersion:   Dev-LoadTimes (C2A15278-BFE7-4AFE-6C17-90FF531DF755): 1
LogDevObjectVersion:   Private-Geometry (6EACA3D4-40EC-4CC1-B786-8BED09428FC5): 3
LogDevObjectVersion:   Dev-AnimPhys (29E575DD-E0A3-4627-9D10-D276232CDCEA): 17
LogDevObjectVersion:   Dev-Anim (AF43A65D-7FD3-4947-9873-3E8ED9C1BB05): 15
LogDevObjectVersion:   Dev-ReflectionCapture (6B266CEC-1EC7-4B8F-A30B-E4D90942FC07): 1
LogDevObjectVersion:   Dev-Automation (0DF73D61-A23F-47EA-B727-89E90C41499A): 1
LogDevObjectVersion:   FortniteMain (601D1886-AC64-4F84-AA16-D3DE0DEAC7D6): 47
LogDevObjectVersion:   FortniteRelease (E7086368-6B23-4C58-8439-1B7016265E91): 1
LogDevObjectVersion:   Dev-Enterprise (9DFFBCD6-494F-0158-E221-12823C92A888): 10
LogDevObjectVersion:   Dev-Niagara (F2AED0AC-9AFE-416F-8664-AA7FFA26D6FC): 1
LogDevObjectVersion:   Dev-Destruction (174F1F0B-B4C6-45A5-B13F-2EE8D0FB917D): 10
LogDevObjectVersion:   Dev-Physics-Ext (35F94A83-E258-406C-A318-09F59610247C): 41
LogDevObjectVersion:   Dev-PhysicsMaterial-Chaos (B68FC16E-8B1B-42E2-B453-215C058844FE): 1
LogDevObjectVersion:   Dev-CineCamera (B2E18506-4273-CFC2-A54E-F4BB758BBA07): 1
LogDevObjectVersion:   Dev-VirtualProduction (64F58936-FD1B-42BA-BA96-7289D5D0FA4E): 1
LogDevObjectVersion:   Dev-MediaFramework (6F0ED827-A609-4895-9C91-998D90180EA4): 2
LogInit: Presizing for max 25165824 objects, including 0 objects not considered by GC, pre-allocating 0 bytes for permanent pool.
LogConfig: Applying CVar settings from Section [/Script/Engine.StreamingSettings] File [C:/Users/maxim/Desktop/The Omnipresence/The-Omnipresence/The_Omnipresence/Saved/Config/Windows/Engine.ini]
LogConfig: Setting CVar [[s.MinBulkDataSizeForAsyncLoading:131072]]
LogConfig: Setting CVar [[s.AsyncLoadingThreadEnabled:0]]
LogConfig: Setting CVar [[s.EventDrivenLoaderEnabled:1]]
LogConfig: Setting CVar [[s.WarnIfTimeLimitExceeded:0]]
LogConfig: Setting CVar [[s.TimeLimitExceededMultiplier:1.5]]
LogConfig: Setting CVar [[s.TimeLimitExceededMinTime:0.005]]
LogConfig: Setting CVar [[s.UseBackgroundLevelStreaming:1]]
LogConfig: Setting CVar [[s.PriorityAsyncLoadingExtraTime:15.0]]
LogConfig: Setting CVar [[s.LevelStreamingActorsUpdateTimeLimit:5.0]]
LogConfig: Setting CVar [[s.PriorityLevelStreamingActorsUpdateExtraTime:5.0]]
LogConfig: Setting CVar [[s.LevelStreamingComponentsRegistrationGranularity:10]]
LogConfig: Setting CVar [[s.UnregisterComponentsTimeLimit:1.0]]
LogConfig: Setting CVar [[s.LevelStreamingComponentsUnregistrationGranularity:5]]
LogConfig: Setting CVar [[s.FlushStreamingOnExit:1]]
LogInit: Object subsystem initialized
LogConfig: Setting CVar [[con.DebugEarlyDefault:1]]
LogConfig: Setting CVar [[r.setres:1280x720]]
LogConfig: Setting CVar [[fx.NiagaraAllowRuntimeScalabilityChanges:1]]
[2022.04.23-12.02.38:897][  0]LogConfig: Setting CVar [[r.VSync:0]]
[2022.04.23-12.02.38:897][  0]LogConfig: Setting CVar [[r.RHICmdBypass:0]]
[2022.04.23-12.02.38:897][  0]LogConfig: Applying CVar settings from Section [/Script/Engine.RendererSettings] File [C:/Users/maxim/Desktop/The Omnipresence/The-Omnipresence/The_Omnipresence/Saved/Config/Windows/Engine.ini]
[2022.04.23-12.02.38:897][  0]LogConfig: Setting CVar [[r.GPUCrashDebugging:0]]
[2022.04.23-12.02.38:897][  0]LogConfig: Applying CVar settings from Section [/Script/Engine.RendererOverrideSettings] File [C:/Users/maxim/Desktop/The Omnipresence/The-Omnipresence/The_Omnipresence/Saved/Config/Windows/Engine.ini]
[2022.04.23-12.02.38:897][  0]LogConfig: Applying CVar settings from Section [/Script/Engine.StreamingSettings] File [C:/Users/maxim/Desktop/The Omnipresence/The-Omnipresence/The_Omnipresence/Saved/Config/Windows/Engine.ini]
[2022.04.23-12.02.38:897][  0]LogConfig: Setting CVar [[s.MinBulkDataSizeForAsyncLoading:131072]]
[2022.04.23-12.02.38:897][  0]LogConfig: Setting CVar [[s.AsyncLoadingThreadEnabled:0]]
[2022.04.23-12.02.38:897][  0]LogConfig: Setting CVar [[s.EventDrivenLoaderEnabled:1]]
[2022.04.23-12.02.38:898][  0]LogConfig: Setting CVar [[s.WarnIfTimeLimitExceeded:0]]
[2022.04.23-12.02.38:898][  0]LogConfig: Setting CVar [[s.TimeLimitExceededMultiplier:1.5]]
[2022.04.23-12.02.38:898][  0]LogConfig: Setting CVar [[s.TimeLimitExceededMinTime:0.005]]
[2022.04.23-12.02.38:898][  0]LogConfig: Setting CVar [[s.UseBackgroundLevelStreaming:1]]
[2022.04.23-12.02.38:898][  0]LogConfig: Setting CVar [[s.PriorityAsyncLoadingExtraTime:15.0]]
[2022.04.23-12.02.38:898][  0]LogConfig: Setting CVar [[s.LevelStreamingActorsUpdateTimeLimit:5.0]]
[2022.04.23-12.02.38:898][  0]LogConfig: Setting CVar [[s.PriorityLevelStreamingActorsUpdateExtraTime:5.0]]
[2022.04.23-12.02.38:898][  0]LogConfig: Setting CVar [[s.LevelStreamingComponentsRegistrationGranularity:10]]
[2022.04.23-12.02.38:898][  0]LogConfig: Setting CVar [[s.UnregisterComponentsTimeLimit:1.0]]
[2022.04.23-12.02.38:898][  0]LogConfig: Setting CVar [[s.LevelStreamingComponentsUnregistrationGranularity:5]]
[2022.04.23-12.02.38:898][  0]LogConfig: Setting CVar [[s.FlushStreamingOnExit:1]]
[2022.04.23-12.02.38:898][  0]LogConfig: Applying CVar settings from Section [/Script/Engine.GarbageCollectionSettings] File [C:/Users/maxim/Desktop/The Omnipresence/The-Omnipresence/The_Omnipresence/Saved/Config/Windows/Engine.ini]
[2022.04.23-12.02.38:898][  0]LogConfig: Setting CVar [[gc.MaxObjectsNotConsideredByGC:1]]
[2022.04.23-12.02.38:898][  0]LogConfig: Setting CVar [[gc.SizeOfPermanentObjectPool:0]]
[2022.04.23-12.02.38:898][  0]LogConfig: Setting CVar [[gc.FlushStreamingOnGC:0]]
[2022.04.23-12.02.38:898][  0]LogConfig: Setting CVar [[gc.NumRetriesBeforeForcingGC:10]]
[2022.04.23-12.02.38:898][  0]LogConfig: Setting CVar [[gc.AllowParallelGC:1]]
[2022.04.23-12.02.38:898][  0]LogConfig: Setting CVar [[gc.TimeBetweenPurgingPendingKillObjects:61.1]]
[2022.04.23-12.02.38:898][  0]LogConfig: Setting CVar [[gc.MaxObjectsInEditor:25165824]]
[2022.04.23-12.02.38:898][  0]LogConfig: Setting CVar [[gc.IncrementalBeginDestroyEnabled:1]]
[2022.04.23-12.02.38:898][  0]LogConfig: Setting CVar [[gc.CreateGCClusters:1]]
[2022.04.23-12.02.38:898][  0]LogConfig: Setting CVar [[gc.MinGCClusterSize:5]]
[2022.04.23-12.02.38:898][  0]LogConfig: Setting CVar [[gc.ActorClusteringEnabled:0]]
[2022.04.23-12.02.38:898][  0]LogConfig: Setting CVar [[gc.BlueprintClusteringEnabled:0]]
[2022.04.23-12.02.38:898][  0]LogConfig: Setting CVar [[gc.UseDisregardForGCOnDedicatedServers:0]]
[2022.04.23-12.02.38:898][  0]LogConfig: Setting CVar [[gc.MultithreadedDestructionEnabled:1]]
[2022.04.23-12.02.38:898][  0]LogConfig: Applying CVar settings from Section [/Script/Engine.NetworkSettings] File [C:/Users/maxim/Desktop/The Omnipresence/The-Omnipresence/The_Omnipresence/Saved/Config/Windows/Engine.ini]
[2022.04.23-12.02.38:898][  0]LogConfig: Applying CVar settings from Section [/Script/UnrealEd.CookerSettings] File [C:/Users/maxim/Desktop/The Omnipresence/The-Omnipresence/The_Omnipresence/Saved/Config/Windows/Engine.ini]
[2022.04.23-12.02.38:903][  0]LogConfig: Applying CVar settings from Section [ViewDistanceQuality@3] File [C:/Users/maxim/Desktop/The Omnipresence/The-Omnipresence/The_Omnipresence/Saved/Config/Windows/Scalability.ini]
[2022.04.23-12.02.38:903][  0]LogConfig: Setting CVar [[r.SkeletalMeshLODBias:0]]
[2022.04.23-12.02.38:903][  0]LogConfig: Setting CVar [[r.ViewDistanceScale:1.0]]
[2022.04.23-12.02.38:903][  0]LogConfig: Applying CVar settings from Section [AntiAliasingQuality@3] File [C:/Users/maxim/Desktop/The Omnipresence/The-Omnipresence/The_Omnipresence/Saved/Config/Windows/Scalability.ini]
[2022.04.23-12.02.38:903][  0]LogConfig: Setting CVar [[r.PostProcessAAQuality:4]]
[2022.04.23-12.02.38:903][  0]LogConfig: Applying CVar settings from Section [ShadowQuality@3] File [C:/Users/maxim/Desktop/The Omnipresence/The-Omnipresence/The_Omnipresence/Saved/Config/Windows/Scalability.ini]
[2022.04.23-12.02.38:903][  0]LogConfig: Setting CVar [[r.LightFunctionQuality:1]]
[2022.04.23-12.02.38:903][  0]LogConfig: Setting CVar [[r.ShadowQuality:5]]
[2022.04.23-12.02.38:903][  0]LogConfig: Setting CVar [[r.Shadow.CSM.MaxCascades:10]]
[2022.04.23-12.02.38:903][  0]LogConfig: Setting CVar [[r.Shadow.MaxResolution:2048]]
[2022.04.23-12.02.38:903][  0]LogConfig: Setting CVar [[r.Shadow.MaxCSMResolution:2048]]
[2022.04.23-12.02.38:903][  0]LogConfig: Setting CVar [[r.Shadow.RadiusThreshold:0.01]]
[2022.04.23-12.02.38:903][  0]LogConfig: Setting CVar [[r.Shadow.DistanceScale:1.0]]
[2022.04.23-12.02.38:903][  0]LogConfig: Setting CVar [[r.Shadow.CSM.TransitionScale:1.0]]
[2022.04.23-12.02.38:903][  0]LogConfig: Setting CVar [[r.Shadow.PreShadowResolutionFactor:1.0]]
[2022.04.23-12.02.38:903][  0]LogConfig: Setting CVar [[r.DistanceFieldShadowing:1]]
[2022.04.23-12.02.38:903][  0]LogConfig: Setting CVar [[r.DistanceFieldAO:1]]
[2022.04.23-12.02.38:903][  0]LogConfig: Setting CVar [[r.AOQuality:2]]
[2022.04.23-12.02.38:903][  0]LogConfig: Setting CVar [[r.VolumetricFog:1]]
[2022.04.23-12.02.38:903][  0]LogConfig: Setting CVar [[r.VolumetricFog.GridPixelSize:8]]
[2022.04.23-12.02.38:903][  0]LogConfig: Setting CVar [[r.VolumetricFog.GridSizeZ:128]]
[2022.04.23-12.02.38:903][  0]LogConfig: Setting CVar [[r.VolumetricFog.HistoryMissSupersampleCount:4]]
[2022.04.23-12.02.38:903][  0]LogConfig: Setting CVar [[r.LightMaxDrawDistanceScale:1]]
[2022.04.23-12.02.38:903][  0]LogConfig: Setting CVar [[r.CapsuleShadows:1]]
[2022.04.23-12.02.38:903][  0]LogConfig: Applying CVar settings from Section [PostProcessQuality@3] File [C:/Users/maxim/Desktop/The Omnipresence/The-Omnipresence/The_Omnipresence/Saved/Config/Windows/Scalability.ini]
[2022.04.23-12.02.38:903][  0]LogConfig: Setting CVar [[r.MotionBlurQuality:4]]
[2022.04.23-12.02.38:903][  0]LogConfig: Setting CVar [[r.AmbientOcclusionMipLevelFactor:0.4]]
[2022.04.23-12.02.38:903][  0]LogConfig: Setting CVar [[r.AmbientOcclusionMaxQuality:100]]
[2022.04.23-12.02.38:903][  0]LogConfig: Setting CVar [[r.AmbientOcclusionLevels:-1]]
[2022.04.23-12.02.38:903][  0]LogConfig: Setting CVar [[r.AmbientOcclusionRadiusScale:1.0]]
[2022.04.23-12.02.38:903][  0]LogConfig: Setting CVar [[r.DepthOfFieldQuality:2]]
[2022.04.23-12.02.38:903][  0]LogConfig: Setting CVar [[r.RenderTargetPoolMin:400]]
[2022.04.23-12.02.38:904][  0]LogConfig: Setting CVar [[r.LensFlareQuality:2]]
[2022.04.23-12.02.38:904][  0]LogConfig: Setting CVar [[r.SceneColorFringeQuality:1]]
[2022.04.23-12.02.38:904][  0]LogConfig: Setting CVar [[r.EyeAdaptationQuality:2]]
[2022.04.23-12.02.38:904][  0]LogConfig: Setting CVar [[r.BloomQuality:5]]
[2022.04.23-12.02.38:904][  0]LogConfig: Setting CVar [[r.FastBlurThreshold:100]]
[2022.04.23-12.02.38:904][  0]LogConfig: Setting CVar [[r.Upscale.Quality:3]]
[2022.04.23-12.02.38:904][  0]LogConfig: Setting CVar [[r.Tonemapper.GrainQuantization:1]]
[2022.04.23-12.02.38:904][  0]LogConfig: Setting CVar [[r.LightShaftQuality:1]]
[2022.04.23-12.02.38:904][  0]LogConfig: Setting CVar [[r.Filter.SizeScale:1]]
[2022.04.23-12.02.38:904][  0]LogConfig: Setting CVar [[r.Tonemapper.Quality:5]]
[2022.04.23-12.02.38:904][  0]LogConfig: Setting CVar [[r.DOF.Gather.AccumulatorQuality:1        ; higher gathering accumulator quality]]
[2022.04.23-12.02.38:904][  0]LogConfig: Setting CVar [[r.DOF.Gather.PostfilterMethod:1          ; Median3x3 postfilering method]]
[2022.04.23-12.02.38:904][  0]LogConfig: Setting CVar [[r.DOF.Gather.EnableBokehSettings:0       ; no bokeh simulation when gathering]]
[2022.04.23-12.02.38:904][  0]LogConfig: Setting CVar [[r.DOF.Gather.RingCount:4                 ; medium number of samples when gathering]]
[2022.04.23-12.02.38:904][  0]LogConfig: Setting CVar [[r.DOF.Scatter.ForegroundCompositing:1    ; additive foreground scattering]]
[2022.04.23-12.02.38:904][  0]LogConfig: Setting CVar [[r.DOF.Scatter.BackgroundCompositing:2    ; additive background scattering]]
[2022.04.23-12.02.38:904][  0]LogConfig: Setting CVar [[r.DOF.Scatter.EnableBokehSettings:1      ; bokeh simulation when scattering]]
[2022.04.23-12.02.38:904][  0]LogConfig: Setting CVar [[r.DOF.Scatter.MaxSpriteRatio:0.1         ; only a maximum of 10% of scattered bokeh]]
[2022.04.23-12.02.38:904][  0]LogConfig: Setting CVar [[r.DOF.Recombine.Quality:1                ; cheap slight out of focus]]
[2022.04.23-12.02.38:904][  0]LogConfig: Setting CVar [[r.DOF.Recombine.EnableBokehSettings:0    ; no bokeh simulation on slight out of focus]]
[2022.04.23-12.02.38:904][  0]LogConfig: Setting CVar [[r.DOF.TemporalAAQuality:1                ; more stable temporal accumulation]]
[2022.04.23-12.02.38:904][  0]LogConfig: Setting CVar [[r.DOF.Kernel.MaxForegroundRadius:0.025]]
[2022.04.23-12.02.38:904][  0]LogConfig: Setting CVar [[r.DOF.Kernel.MaxBackgroundRadius:0.025]]
[2022.04.23-12.02.38:904][  0]LogConfig: Applying CVar settings from Section [TextureQuality@3] File [C:/Users/maxim/Desktop/The Omnipresence/The-Omnipresence/The_Omnipresence/Saved/Config/Windows/Scalability.ini]
[2022.04.23-12.02.38:904][  0]LogConfig: Setting CVar [[r.Streaming.MipBias:0]]
[2022.04.23-12.02.38:904][  0]LogConfig: Setting CVar [[r.Streaming.AmortizeCPUToGPUCopy:0]]
[2022.04.23-12.02.38:904][  0]LogConfig: Setting CVar [[r.Streaming.MaxNumTexturesToStreamPerFrame:0]]
[2022.04.23-12.02.38:904][  0]LogConfig: Setting CVar [[r.Streaming.Boost:1]]
[2022.04.23-12.02.38:904][  0]LogConfig: Setting CVar [[r.MaxAnisotropy:8]]
[2022.04.23-12.02.38:904][  0]LogConfig: Setting CVar [[r.VT.MaxAnisotropy:8]]
[2022.04.23-12.02.38:904][  0]LogConfig: Setting CVar [[r.Streaming.LimitPoolSizeToVRAM:0]]
[2022.04.23-12.02.38:904][  0]LogConfig: Setting CVar [[r.Streaming.PoolSize:1000]]
[2022.04.23-12.02.38:904][  0]LogConfig: Setting CVar [[r.Streaming.MaxEffectiveScreenSize:0]]
[2022.04.23-12.02.38:904][  0]LogConfig: Applying CVar settings from Section [EffectsQuality@3] File [C:/Users/maxim/Desktop/The Omnipresence/The-Omnipresence/The_Omnipresence/Saved/Config/Windows/Scalability.ini]
[2022.04.23-12.02.38:904][  0]LogConfig: Setting CVar [[r.TranslucencyLightingVolumeDim:64]]
[2022.04.23-12.02.38:904][  0]LogConfig: Setting CVar [[r.RefractionQuality:2]]
[2022.04.23-12.02.38:904][  0]LogConfig: Setting CVar [[r.SSR.Quality:3]]
[2022.04.23-12.02.38:904][  0]LogConfig: Setting CVar [[r.SSR.HalfResSceneColor:0]]
[2022.04.23-12.02.38:904][  0]LogConfig: Setting CVar [[r.SceneColorFormat:4]]
[2022.04.23-12.02.38:904][  0]LogConfig: Setting CVar [[r.DetailMode:2]]
[2022.04.23-12.02.38:904][  0]LogConfig: Setting CVar [[r.TranslucencyVolumeBlur:1]]
[2022.04.23-12.02.38:904][  0]LogConfig: Setting CVar [[r.MaterialQualityLevel:1 ; High quality]]
[2022.04.23-12.02.38:904][  0]LogConfig: Setting CVar [[r.AnisotropicMaterials:1]]
[2022.04.23-12.02.38:904][  0]LogConfig: Setting CVar [[r.SSS.Scale:1]]
[2022.04.23-12.02.38:904][  0]LogConfig: Setting CVar [[r.SSS.SampleSet:2]]
[2022.04.23-12.02.38:904][  0]LogConfig: Setting CVar [[r.SSS.Quality:1]]
[2022.04.23-12.02.38:904][  0]LogConfig: Setting CVar [[r.SSS.HalfRes:0]]
[2022.04.23-12.02.38:904][  0]LogConfig: Setting CVar [[r.SSGI.Quality:3]]
[2022.04.23-12.02.38:904][  0]LogConfig: Setting CVar [[r.EmitterSpawnRateScale:1.0]]
[2022.04.23-12.02.38:904][  0]LogConfig: Setting CVar [[r.ParticleLightQuality:2]]
[2022.04.23-12.02.38:904][  0]LogConfig: Setting CVar [[r.SkyAtmosphere.AerialPerspectiveLUT.FastApplyOnOpaque:1 ; Always have FastSkyLUT 1 in this case to avoid wrong sky]]
[2022.04.23-12.02.38:904][  0]LogConfig: Setting CVar [[r.SkyAtmosphere.AerialPerspectiveLUT.SampleCountMaxPerSlice:4]]
[2022.04.23-12.02.38:904][  0]LogConfig: Setting CVar [[r.SkyAtmosphere.AerialPerspectiveLUT.DepthResolution:16.0]]
[2022.04.23-12.02.38:904][  0]LogConfig: Setting CVar [[r.SkyAtmosphere.FastSkyLUT:1]]
[2022.04.23-12.02.38:904][  0]LogConfig: Setting CVar [[r.SkyAtmosphere.FastSkyLUT.SampleCountMin:4.0]]
[2022.04.23-12.02.38:904][  0]LogConfig: Setting CVar [[r.SkyAtmosphere.FastSkyLUT.SampleCountMax:128.0]]
[2022.04.23-12.02.38:904][  0]LogConfig: Setting CVar [[r.SkyAtmosphere.SampleCountMin:4.0]]
[2022.04.23-12.02.38:904][  0]LogConfig: Setting CVar [[r.SkyAtmosphere.SampleCountMax:128.0]]
[2022.04.23-12.02.38:904][  0]LogConfig: Setting CVar [[r.SkyAtmosphere.TransmittanceLUT.UseSmallFormat:0]]
[2022.04.23-12.02.38:904][  0]LogConfig: Setting CVar [[r.SkyAtmosphere.TransmittanceLUT.SampleCount:10.0]]
[2022.04.23-12.02.38:904][  0]LogConfig: Setting CVar [[r.SkyAtmosphere.MultiScatteringLUT.SampleCount:15.0]]
[2022.04.23-12.02.38:904][  0]LogConfig: Setting CVar [[r.SkyLight.RealTimeReflectionCapture:1]]
[2022.04.23-12.02.38:904][  0]LogConfig: Setting CVar [[fx.Niagara.QualityLevel:3]]
[2022.04.23-12.02.38:904][  0]LogConfig: Applying CVar settings from Section [FoliageQuality@3] File [C:/Users/maxim/Desktop/The Omnipresence/The-Omnipresence/The_Omnipresence/Saved/Config/Windows/Scalability.ini]
[2022.04.23-12.02.38:904][  0]LogConfig: Setting CVar [[foliage.DensityScale:1.0]]
[2022.04.23-12.02.38:904][  0]LogConfig: Setting CVar [[grass.DensityScale:1.0]]
[2022.04.23-12.02.38:904][  0]LogConfig: Applying CVar settings from Section [ShadingQuality@3] File [C:/Users/maxim/Desktop/The Omnipresence/The-Omnipresence/The_Omnipresence/Saved/Config/Windows/Scalability.ini]
[2022.04.23-12.02.38:904][  0]LogConfig: Setting CVar [[r.HairStrands.SkyLighting.IntegrationType:2]]
[2022.04.23-12.02.38:905][  0]LogConfig: Setting CVar [[r.HairStrands.SkyAO.SampleCount:4]]
[2022.04.23-12.02.38:905][  0]LogConfig: Setting CVar [[r.HairStrands.Visibility.MSAA.SamplePerPixel:4]]
[2022.04.23-12.02.38:905][  0]LogConfig: Setting CVar [[r.HairStrands.Interpolation.UseSingleGuide:0]]
[2022.04.23-12.02.38:905][  0]LogInit: Selected Device Profile: [Windows]
[2022.04.23-12.02.38:905][  0]LogInit: Applying CVar settings loaded from the selected device profile: [Windows]
[2022.04.23-12.02.38:905][  0]LogHAL: Display: Platform has ~ 14 GB [14978097152 / 17179869184 / 14], which maps to Larger [LargestMinGB=32, LargerMinGB=12, DefaultMinGB=8, SmallerMinGB=6, SmallestMinGB=0)
[2022.04.23-12.02.38:905][  0]LogInit: Going up to parent DeviceProfile []
[2022.04.23-12.02.38:905][  0]LogConfig: Applying CVar settings from Section [ViewDistanceQuality@3] File [C:/Users/maxim/Desktop/The Omnipresence/The-Omnipresence/The_Omnipresence/Saved/Config/Windows/Scalability.ini]
[2022.04.23-12.02.38:905][  0]LogConfig: Setting CVar [[r.SkeletalMeshLODBias:0]]
[2022.04.23-12.02.38:905][  0]LogConfig: Setting CVar [[r.ViewDistanceScale:1.0]]
[2022.04.23-12.02.38:905][  0]LogConfig: Applying CVar settings from Section [AntiAliasingQuality@3] File [C:/Users/maxim/Desktop/The Omnipresence/The-Omnipresence/The_Omnipresence/Saved/Config/Windows/Scalability.ini]
[2022.04.23-12.02.38:905][  0]LogConfig: Setting CVar [[r.PostProcessAAQuality:4]]
[2022.04.23-12.02.38:905][  0]LogConfig: Applying CVar settings from Section [ShadowQuality@3] File [C:/Users/maxim/Desktop/The Omnipresence/The-Omnipresence/The_Omnipresence/Saved/Config/Windows/Scalability.ini]
[2022.04.23-12.02.38:905][  0]LogConfig: Setting CVar [[r.LightFunctionQuality:1]]
[2022.04.23-12.02.38:905][  0]LogConfig: Setting CVar [[r.ShadowQuality:5]]
[2022.04.23-12.02.38:905][  0]LogConfig: Setting CVar [[r.Shadow.CSM.MaxCascades:10]]
[2022.04.23-12.02.38:905][  0]LogConfig: Setting CVar [[r.Shadow.MaxResolution:2048]]
[2022.04.23-12.02.38:905][  0]LogConfig: Setting CVar [[r.Shadow.MaxCSMResolution:2048]]
[2022.04.23-12.02.38:905][  0]LogConfig: Setting CVar [[r.Shadow.RadiusThreshold:0.01]]
[2022.04.23-12.02.38:905][  0]LogConfig: Setting CVar [[r.Shadow.DistanceScale:1.0]]
[2022.04.23-12.02.38:905][  0]LogConfig: Setting CVar [[r.Shadow.CSM.TransitionScale:1.0]]
[2022.04.23-12.02.38:905][  0]LogConfig: Setting CVar [[r.Shadow.PreShadowResolutionFactor:1.0]]
[2022.04.23-12.02.38:905][  0]LogConfig: Setting CVar [[r.DistanceFieldShadowing:1]]
[2022.04.23-12.02.38:905][  0]LogConfig: Setting CVar [[r.DistanceFieldAO:1]]
[2022.04.23-12.02.38:905][  0]LogConfig: Setting CVar [[r.AOQuality:2]]
[2022.04.23-12.02.38:905][  0]LogConfig: Setting CVar [[r.VolumetricFog:1]]
[2022.04.23-12.02.38:905][  0]LogConfig: Setting CVar [[r.VolumetricFog.GridPixelSize:8]]
[2022.04.23-12.02.38:905][  0]LogConfig: Setting CVar [[r.VolumetricFog.GridSizeZ:128]]
[2022.04.23-12.02.38:905][  0]LogConfig: Setting CVar [[r.VolumetricFog.HistoryMissSupersampleCount:4]]
[2022.04.23-12.02.38:905][  0]LogConfig: Setting CVar [[r.LightMaxDrawDistanceScale:1]]
[2022.04.23-12.02.38:905][  0]LogConfig: Setting CVar [[r.CapsuleShadows:1]]
[2022.04.23-12.02.38:905][  0]LogConfig: Applying CVar settings from Section [PostProcessQuality@3] File [C:/Users/maxim/Desktop/The Omnipresence/The-Omnipresence/The_Omnipresence/Saved/Config/Windows/Scalability.ini]
[2022.04.23-12.02.38:905][  0]LogConfig: Setting CVar [[r.MotionBlurQuality:4]]
[2022.04.23-12.02.38:905][  0]LogConfig: Setting CVar [[r.AmbientOcclusionMipLevelFactor:0.4]]
[2022.04.23-12.02.38:905][  0]LogConfig: Setting CVar [[r.AmbientOcclusionMaxQuality:100]]
[2022.04.23-12.02.38:905][  0]LogConfig: Setting CVar [[r.AmbientOcclusionLevels:-1]]
[2022.04.23-12.02.38:905][  0]LogConfig: Setting CVar [[r.AmbientOcclusionRadiusScale:1.0]]
[2022.04.23-12.02.38:905][  0]LogConfig: Setting CVar [[r.DepthOfFieldQuality:2]]
[2022.04.23-12.02.38:905][  0]LogConfig: Setting CVar [[r.RenderTargetPoolMin:400]]
[2022.04.23-12.02.38:905][  0]LogConfig: Setting CVar [[r.LensFlareQuality:2]]
[2022.04.23-12.02.38:905][  0]LogConfig: Setting CVar [[r.SceneColorFringeQuality:1]]
[2022.04.23-12.02.38:905][  0]LogConfig: Setting CVar [[r.EyeAdaptationQuality:2]]
[2022.04.23-12.02.38:905][  0]LogConfig: Setting CVar [[r.BloomQuality:5]]
[2022.04.23-12.02.38:905][  0]LogConfig: Setting CVar [[r.FastBlurThreshold:100]]
[2022.04.23-12.02.38:905][  0]LogConfig: Setting CVar [[r.Upscale.Quality:3]]
[2022.04.23-12.02.38:905][  0]LogConfig: Setting CVar [[r.Tonemapper.GrainQuantization:1]]
[2022.04.23-12.02.38:905][  0]LogConfig: Setting CVar [[r.LightShaftQuality:1]]
[2022.04.23-12.02.38:905][  0]LogConfig: Setting CVar [[r.Filter.SizeScale:1]]
[2022.04.23-12.02.38:905][  0]LogConfig: Setting CVar [[r.Tonemapper.Quality:5]]
[2022.04.23-12.02.38:905][  0]LogConfig: Setting CVar [[r.DOF.Gather.AccumulatorQuality:1        ; higher gathering accumulator quality]]
[2022.04.23-12.02.38:905][  0]LogConfig: Setting CVar [[r.DOF.Gather.PostfilterMethod:1          ; Median3x3 postfilering method]]
[2022.04.23-12.02.38:905][  0]LogConfig: Setting CVar [[r.DOF.Gather.EnableBokehSettings:0       ; no bokeh simulation when gathering]]
[2022.04.23-12.02.38:905][  0]LogConfig: Setting CVar [[r.DOF.Gather.RingCount:4                 ; medium number of samples when gathering]]
[2022.04.23-12.02.38:905][  0]LogConfig: Setting CVar [[r.DOF.Scatter.ForegroundCompositing:1    ; additive foreground scattering]]
[2022.04.23-12.02.38:905][  0]LogConfig: Setting CVar [[r.DOF.Scatter.BackgroundCompositing:2    ; additive background scattering]]
[2022.04.23-12.02.38:905][  0]LogConfig: Setting CVar [[r.DOF.Scatter.EnableBokehSettings:1      ; bokeh simulation when scattering]]
[2022.04.23-12.02.38:905][  0]LogConfig: Setting CVar [[r.DOF.Scatter.MaxSpriteRatio:0.1         ; only a maximum of 10% of scattered bokeh]]
[2022.04.23-12.02.38:905][  0]LogConfig: Setting CVar [[r.DOF.Recombine.Quality:1                ; cheap slight out of focus]]
[2022.04.23-12.02.38:905][  0]LogConfig: Setting CVar [[r.DOF.Recombine.EnableBokehSettings:0    ; no bokeh simulation on slight out of focus]]
[2022.04.23-12.02.38:905][  0]LogConfig: Setting CVar [[r.DOF.TemporalAAQuality:1                ; more stable temporal accumulation]]
[2022.04.23-12.02.38:906][  0]LogConfig: Setting CVar [[r.DOF.Kernel.MaxForegroundRadius:0.025]]
[2022.04.23-12.02.38:906][  0]LogConfig: Setting CVar [[r.DOF.Kernel.MaxBackgroundRadius:0.025]]
[2022.04.23-12.02.38:906][  0]LogConfig: Applying CVar settings from Section [TextureQuality@3] File [C:/Users/maxim/Desktop/The Omnipresence/The-Omnipresence/The_Omnipresence/Saved/Config/Windows/Scalability.ini]
[2022.04.23-12.02.38:906][  0]LogConfig: Setting CVar [[r.Streaming.MipBias:0]]
[2022.04.23-12.02.38:906][  0]LogConfig: Setting CVar [[r.Streaming.AmortizeCPUToGPUCopy:0]]
[2022.04.23-12.02.38:906][  0]LogConfig: Setting CVar [[r.Streaming.MaxNumTexturesToStreamPerFrame:0]]
[2022.04.23-12.02.38:906][  0]LogConfig: Setting CVar [[r.Streaming.Boost:1]]
[2022.04.23-12.02.38:906][  0]LogConfig: Setting CVar [[r.MaxAnisotropy:8]]
[2022.04.23-12.02.38:906][  0]LogConfig: Setting CVar [[r.VT.MaxAnisotropy:8]]
[2022.04.23-12.02.38:906][  0]LogConfig: Setting CVar [[r.Streaming.LimitPoolSizeToVRAM:0]]
[2022.04.23-12.02.38:906][  0]LogConfig: Setting CVar [[r.Streaming.PoolSize:1000]]
[2022.04.23-12.02.38:906][  0]LogConfig: Setting CVar [[r.Streaming.MaxEffectiveScreenSize:0]]
[2022.04.23-12.02.38:906][  0]LogConfig: Applying CVar settings from Section [EffectsQuality@3] File [C:/Users/maxim/Desktop/The Omnipresence/The-Omnipresence/The_Omnipresence/Saved/Config/Windows/Scalability.ini]
[2022.04.23-12.02.38:906][  0]LogConfig: Setting CVar [[r.TranslucencyLightingVolumeDim:64]]
[2022.04.23-12.02.38:906][  0]LogConfig: Setting CVar [[r.RefractionQuality:2]]
[2022.04.23-12.02.38:906][  0]LogConfig: Setting CVar [[r.SSR.Quality:3]]
[2022.04.23-12.02.38:906][  0]LogConfig: Setting CVar [[r.SSR.HalfResSceneColor:0]]
[2022.04.23-12.02.38:906][  0]LogConfig: Setting CVar [[r.SceneColorFormat:4]]
[2022.04.23-12.02.38:906][  0]LogConfig: Setting CVar [[r.DetailMode:2]]
[2022.04.23-12.02.38:906][  0]LogConfig: Setting CVar [[r.TranslucencyVolumeBlur:1]]
[2022.04.23-12.02.38:906][  0]LogConfig: Setting CVar [[r.MaterialQualityLevel:1 ; High quality]]
[2022.04.23-12.02.38:906][  0]LogConfig: Setting CVar [[r.AnisotropicMaterials:1]]
[2022.04.23-12.02.38:906][  0]LogConfig: Setting CVar [[r.SSS.Scale:1]]
[2022.04.23-12.02.38:906][  0]LogConfig: Setting CVar [[r.SSS.SampleSet:2]]
[2022.04.23-12.02.38:906][  0]LogConfig: Setting CVar [[r.SSS.Quality:1]]
[2022.04.23-12.02.38:906][  0]LogConfig: Setting CVar [[r.SSS.HalfRes:0]]
[2022.04.23-12.02.38:906][  0]LogConfig: Setting CVar [[r.SSGI.Quality:3]]
[2022.04.23-12.02.38:906][  0]LogConfig: Setting CVar [[r.EmitterSpawnRateScale:1.0]]
[2022.04.23-12.02.38:906][  0]LogConfig: Setting CVar [[r.ParticleLightQuality:2]]
[2022.04.23-12.02.38:906][  0]LogConfig: Setting CVar [[r.SkyAtmosphere.AerialPerspectiveLUT.FastApplyOnOpaque:1 ; Always have FastSkyLUT 1 in this case to avoid wrong sky]]
[2022.04.23-12.02.38:906][  0]LogConfig: Setting CVar [[r.SkyAtmosphere.AerialPerspectiveLUT.SampleCountMaxPerSlice:4]]
[2022.04.23-12.02.38:906][  0]LogConfig: Setting CVar [[r.SkyAtmosphere.AerialPerspectiveLUT.DepthResolution:16.0]]
[2022.04.23-12.02.38:906][  0]LogConfig: Setting CVar [[r.SkyAtmosphere.FastSkyLUT:1]]
[2022.04.23-12.02.38:906][  0]LogConfig: Setting CVar [[r.SkyAtmosphere.FastSkyLUT.SampleCountMin:4.0]]
[2022.04.23-12.02.38:906][  0]LogConfig: Setting CVar [[r.SkyAtmosphere.FastSkyLUT.SampleCountMax:128.0]]
[2022.04.23-12.02.38:906][  0]LogConfig: Setting CVar [[r.SkyAtmosphere.SampleCountMin:4.0]]
[2022.04.23-12.02.38:906][  0]LogConfig: Setting CVar [[r.SkyAtmosphere.SampleCountMax:128.0]]
[2022.04.23-12.02.38:906][  0]LogConfig: Setting CVar [[r.SkyAtmosphere.TransmittanceLUT.UseSmallFormat:0]]
[2022.04.23-12.02.38:906][  0]LogConfig: Setting CVar [[r.SkyAtmosphere.TransmittanceLUT.SampleCount:10.0]]
[2022.04.23-12.02.38:906][  0]LogConfig: Setting CVar [[r.SkyAtmosphere.MultiScatteringLUT.SampleCount:15.0]]
[2022.04.23-12.02.38:906][  0]LogConfig: Setting CVar [[r.SkyLight.RealTimeReflectionCapture:1]]
[2022.04.23-12.02.38:906][  0]LogConfig: Setting CVar [[fx.Niagara.QualityLevel:3]]
[2022.04.23-12.02.38:906][  0]LogConfig: Applying CVar settings from Section [FoliageQuality@3] File [C:/Users/maxim/Desktop/The Omnipresence/The-Omnipresence/The_Omnipresence/Saved/Config/Windows/Scalability.ini]
[2022.04.23-12.02.38:906][  0]LogConfig: Setting CVar [[foliage.DensityScale:1.0]]
[2022.04.23-12.02.38:906][  0]LogConfig: Setting CVar [[grass.DensityScale:1.0]]
[2022.04.23-12.02.38:906][  0]LogConfig: Applying CVar settings from Section [ShadingQuality@3] File [C:/Users/maxim/Desktop/The Omnipresence/The-Omnipresence/The_Omnipresence/Saved/Config/Windows/Scalability.ini]
[2022.04.23-12.02.38:906][  0]LogConfig: Setting CVar [[r.HairStrands.SkyLighting.IntegrationType:2]]
[2022.04.23-12.02.38:906][  0]LogConfig: Setting CVar [[r.HairStrands.SkyAO.SampleCount:4]]
[2022.04.23-12.02.38:906][  0]LogConfig: Setting CVar [[r.HairStrands.Visibility.MSAA.SamplePerPixel:4]]
[2022.04.23-12.02.38:906][  0]LogConfig: Setting CVar [[r.HairStrands.Interpolation.UseSingleGuide:0]]
[2022.04.23-12.02.38:906][  0]LogConfig: Applying CVar settings from Section [Startup] File [../../../Engine/Config/ConsoleVariables.ini]
[2022.04.23-12.02.38:907][  0]LogConfig: Setting CVar [[net.UseAdaptiveNetUpdateFrequency:0]]
[2022.04.23-12.02.38:907][  0]LogConfig: Setting CVar [[p.chaos.AllowCreatePhysxBodies:1]]
[2022.04.23-12.02.38:907][  0]LogConfig: Setting CVar [[fx.SkipVectorVMBackendOptimizations:1]]
[2022.04.23-12.02.38:907][  0]LogConfig: Applying CVar settings from Section [ConsoleVariables] File [C:/Users/maxim/Desktop/The Omnipresence/The-Omnipresence/The_Omnipresence/Saved/Config/Windows/Engine.ini]
[2022.04.23-12.02.38:907][  0]LogConfig: Applying CVar settings from Section [ConsoleVariables] File [C:/Users/maxim/Desktop/The Omnipresence/The-Omnipresence/The_Omnipresence/Saved/Config/Windows/Editor.ini]
[2022.04.23-12.02.38:907][  0]LogInit: Computer: DESKTOP-RROI739
[2022.04.23-12.02.38:907][  0]LogInit: User: maxim
[2022.04.23-12.02.38:907][  0]LogInit: CPU Page size=4096, Cores=4
[2022.04.23-12.02.38:907][  0]LogInit: High frequency timer resolution =10.000000 MHz
[2022.04.23-12.02.38:907][  0]LogMemory: Memory total: Physical=13.9GB (14GB approx)
[2022.04.23-12.02.38:907][  0]LogMemory: Platform Memory Stats for Windows
[2022.04.23-12.02.38:907][  0]LogMemory: Process Physical Memory: 152.08 MB used, 152.09 MB peak
[2022.04.23-12.02.38:907][  0]LogMemory: Process Virtual Memory: 119.62 MB used, 119.62 MB peak
[2022.04.23-12.02.38:907][  0]LogMemory: Physical Memory: 6603.94 MB used,  7680.29 MB free, 14284.23 MB total
[2022.04.23-12.02.38:907][  0]LogMemory: Virtual Memory: 134209920.00 MB used,  7808.59 MB free, 134217728.00 MB total
[2022.04.23-12.02.38:913][  0]LogWindows: WindowsPlatformFeatures enabled
[2022.04.23-12.02.38:942][  0]LogInit: Physics initialised using underlying interface: PhysX
[2022.04.23-12.02.38:943][  0]LogInit: Using OS detected language (fr-FR).
[2022.04.23-12.02.38:943][  0]LogInit: Using OS detected locale (fr-FR).
[2022.04.23-12.02.38:952][  0]LogTextLocalizationManager: No specific localization for 'fr-FR' exists, so the 'fr' localization will be used.
[2022.04.23-12.02.38:952][  0]LogTextLocalizationResource: LocRes '../../../Engine/Content/Localization/Editor/fr/Editor.locres' could not be opened for reading!
[2022.04.23-12.02.38:952][  0]LogTextLocalizationResource: LocRes '../../../Engine/Content/Localization/EditorTutorials/fr/EditorTutorials.locres' could not be opened for reading!
[2022.04.23-12.02.38:953][  0]LogTextLocalizationResource: LocRes '../../../Engine/Content/Localization/Keywords/fr/Keywords.locres' could not be opened for reading!
[2022.04.23-12.02.38:953][  0]LogTextLocalizationResource: LocRes '../../../Engine/Content/Localization/Category/fr/Category.locres' could not be opened for reading!
[2022.04.23-12.02.38:953][  0]LogTextLocalizationResource: LocRes '../../../Engine/Content/Localization/ToolTips/fr/ToolTips.locres' could not be opened for reading!
[2022.04.23-12.02.38:953][  0]LogTextLocalizationResource: LocRes '../../../Engine/Content/Localization/PropertyNames/fr/PropertyNames.locres' could not be opened for reading!
[2022.04.23-12.02.38:953][  0]LogTextLocalizationResource: LocRes '../../../Engine/Content/Localization/Engine/fr/Engine.locres' could not be opened for reading!
[2022.04.23-12.02.38:954][  0]LogInit: Setting process to per monitor DPI aware
[2022.04.23-12.02.38:967][  0]LogWindowsTextInputMethodSystem: Display: IME system deactivated.
[2022.04.23-12.02.38:981][  0]LogSlate: New Slate User Created.  User Index 0, Is Virtual User: 0
[2022.04.23-12.02.38:981][  0]LogSlate: Slate User Registered.  User Index 0, Is Virtual User: 0
[2022.04.23-12.02.39:150][  0]LogD3D11RHI: Loaded GFSDK_Aftermath_Lib.x64.dll
[2022.04.23-12.02.39:153][  0]LogHMD: Failed to initialize OpenVR with code 110
[2022.04.23-12.02.39:153][  0]LogD3D11RHI: D3D11 min allowed feature level: 11_0
[2022.04.23-12.02.39:153][  0]LogD3D11RHI: D3D11 max allowed feature level: 11_0
[2022.04.23-12.02.39:153][  0]LogD3D11RHI: D3D11 adapters:
[2022.04.23-12.02.39:208][  0]LogD3D11RHI:    0. 'AMD Radeon(TM) RX Vega 11 Graphics' (Feature Level 11_0)
[2022.04.23-12.02.39:208][  0]LogD3D11RHI:       2032/0/7142 MB DedicatedVideo/DedicatedSystem/SharedSystem, Outputs:1, VendorId:0x1002
[2022.04.23-12.02.39:210][  0]LogD3D11RHI:    1. 'Microsoft Basic Render Driver' (Feature Level 11_0)
[2022.04.23-12.02.39:211][  0]LogD3D11RHI:       0/0/7142 MB DedicatedVideo/DedicatedSystem/SharedSystem, Outputs:0, VendorId:0x1414
[2022.04.23-12.02.39:211][  0]LogD3D11RHI: Chosen D3D11 Adapter:
[2022.04.23-12.02.39:211][  0]LogD3D11RHI:     Description : AMD Radeon(TM) RX Vega 11 Graphics
[2022.04.23-12.02.39:211][  0]LogD3D11RHI:     VendorId    : 1002
[2022.04.23-12.02.39:211][  0]LogD3D11RHI:     DeviceId    : 15d8
[2022.04.23-12.02.39:211][  0]LogD3D11RHI:     SubSysId    : 7c021462
[2022.04.23-12.02.39:211][  0]LogD3D11RHI:     Revision    : 00c8
[2022.04.23-12.02.39:211][  0]LogD3D11RHI:     DedicatedVideoMemory : 2131714048 bytes
[2022.04.23-12.02.39:211][  0]LogD3D11RHI:     DedicatedSystemMemory : 0 bytes
[2022.04.23-12.02.39:211][  0]LogD3D11RHI:     SharedSystemMemory : 7489048576 bytes
[2022.04.23-12.02.39:211][  0]LogD3D11RHI:     AdapterLuid : 0 44533
[2022.04.23-12.02.39:217][  0]LogD3D11RHI: Creating new Direct3DDevice
[2022.04.23-12.02.39:217][  0]LogD3D11RHI:     GPU DeviceId: 0x15d8 (for the marketing name, search the web for "GPU Device Id")
[2022.04.23-12.02.39:217][  0]LogWindows: EnumDisplayDevices:
[2022.04.23-12.02.39:217][  0]LogWindows:    0. 'AMD 15D8:C8' (P:1 D:1)
[2022.04.23-12.02.39:218][  0]LogWindows:    1. 'AMD 15D8:C8' (P:0 D:0)
[2022.04.23-12.02.39:218][  0]LogWindows:    2. 'AMD 15D8:C8' (P:0 D:0)
[2022.04.23-12.02.39:219][  0]LogWindows:    3. 'AMD 15D8:C8' (P:0 D:0)
[2022.04.23-12.02.39:219][  0]LogWindows:    4. 'AMD 15D8:C8' (P:0 D:0)
[2022.04.23-12.02.39:220][  0]LogWindows: DebugString: PrimaryIsNotTheChoosenAdapter PrimaryIsNotTheChoosenAdapter PrimaryIsNotTheChoosenAdapter PrimaryIsNotTheChoosenAdapter PrimaryIsNotTheChoosenAdapter FoundDriverCount:0 
[2022.04.23-12.02.39:220][  0]LogD3D11RHI:     Adapter Name: AMD Radeon(TM) RX Vega 11 Graphics
[2022.04.23-12.02.39:220][  0]LogD3D11RHI:   Driver Version: Unknown (internal:Unknown, unified:Unknown)
[2022.04.23-12.02.39:220][  0]LogD3D11RHI:      Driver Date: Unknown
[2022.04.23-12.02.39:220][  0]LogRHI: Texture pool is 5922 MB (70% of 8460 MB)
[2022.04.23-12.02.39:247][  0]LogD3D11RHI: Creating D3DDevice with AMD AGS, using adapter:
[2022.04.23-12.02.39:247][  0]LogD3D11RHI:     Description : AMD Radeon(TM) RX Vega 11 Graphics
[2022.04.23-12.02.39:247][  0]LogD3D11RHI:     VendorId    : 1002
[2022.04.23-12.02.39:247][  0]LogD3D11RHI:     DeviceId    : 15d8
[2022.04.23-12.02.39:247][  0]LogD3D11RHI:     SubSysId    : 7c021462
[2022.04.23-12.02.39:247][  0]LogD3D11RHI:     Revision    : 00c8
[2022.04.23-12.02.39:247][  0]LogD3D11RHI:     DedicatedVideoMemory : 2131714048 bytes
[2022.04.23-12.02.39:247][  0]LogD3D11RHI:     DedicatedSystemMemory : 0 bytes
[2022.04.23-12.02.39:247][  0]LogD3D11RHI:     SharedSystemMemory : 7489048576 bytes
[2022.04.23-12.02.39:247][  0]LogD3D11RHI:     AdapterLuid : 0 44533
[2022.04.23-12.02.39:302][  0]LogD3D11RHI: Created device via AGS, feature level 11_0, supported extensions 1fffffbf.
[2022.04.23-12.02.39:302][  0]LogD3D11RHI: RHI has support for 64 bit atomics
[2022.04.23-12.02.39:302][  0]LogD3D11RHI: Async texture creation enabled
[2022.04.23-12.02.39:302][  0]LogD3D11RHI: Array index from any shader is supported
[2022.04.23-12.02.39:315][  0]LogD3D11RHI: GPU Timing Frequency: 25.000000 (Debug: 2 1)
[2022.04.23-12.02.39:646][  0]LogTargetPlatformManager: Display: Loaded TargetPlatform 'AllDesktop'
[2022.04.23-12.02.39:670][  0]LogTargetPlatformManager: Display: Loaded TargetPlatform 'Android'
[2022.04.23-12.02.39:670][  0]LogTargetPlatformManager: Display: Loaded TargetPlatform 'Android_ASTC'
[2022.04.23-12.02.39:670][  0]LogTargetPlatformManager: Display: Loaded TargetPlatform 'Android_DXT'
[2022.04.23-12.02.39:670][  0]LogTargetPlatformManager: Display: Loaded TargetPlatform 'Android_ETC2'
[2022.04.23-12.02.39:670][  0]LogTargetPlatformManager: Display: Loaded TargetPlatform 'AndroidClient'
[2022.04.23-12.02.39:670][  0]LogTargetPlatformManager: Display: Loaded TargetPlatform 'Android_ASTCClient'
[2022.04.23-12.02.39:670][  0]LogTargetPlatformManager: Display: Loaded TargetPlatform 'Android_DXTClient'
[2022.04.23-12.02.39:670][  0]LogTargetPlatformManager: Display: Loaded TargetPlatform 'Android_ETC2Client'
[2022.04.23-12.02.39:670][  0]LogTargetPlatformManager: Display: Loaded TargetPlatform 'Android_Multi'
[2022.04.23-12.02.39:670][  0]LogTargetPlatformManager: Display: Loaded TargetPlatform 'Android_MultiClient'
[2022.04.23-12.02.39:692][  0]LogTargetPlatformManager: Display: Loaded TargetPlatform 'IOSClient'
[2022.04.23-12.02.39:692][  0]LogTargetPlatformManager: Display: Loaded TargetPlatform 'IOS'
[2022.04.23-12.02.39:705][  0]LogTargetPlatformManager: Display: Loaded TargetPlatform 'Linux'
[2022.04.23-12.02.39:710][  0]LogTargetPlatformManager: Display: Loaded TargetPlatform 'LinuxNoEditor'
[2022.04.23-12.02.39:715][  0]LogTargetPlatformManager: Display: Loaded TargetPlatform 'LinuxClient'
[2022.04.23-12.02.39:721][  0]LogTargetPlatformManager: Display: Loaded TargetPlatform 'LinuxServer'
[2022.04.23-12.02.39:732][  0]LogTargetPlatformManager: Display: Loaded TargetPlatform 'LinuxAArch64NoEditor'
[2022.04.23-12.02.39:738][  0]LogTargetPlatformManager: Display: Loaded TargetPlatform 'LinuxAArch64Client'
[2022.04.23-12.02.39:743][  0]LogTargetPlatformManager: Display: Loaded TargetPlatform 'LinuxAArch64Server'
[2022.04.23-12.02.39:771][  0]LogTargetPlatformManager: Display: Loaded TargetPlatform 'Lumin'
[2022.04.23-12.02.39:771][  0]LogTargetPlatformManager: Display: Loaded TargetPlatform 'LuminClient'
[2022.04.23-12.02.39:782][  0]LogTargetPlatformManager: Display: Loaded TargetPlatform 'MacNoEditor'
[2022.04.23-12.02.39:787][  0]LogTargetPlatformManager: Display: Loaded TargetPlatform 'Mac'
[2022.04.23-12.02.39:792][  0]LogTargetPlatformManager: Display: Loaded TargetPlatform 'MacClient'
[2022.04.23-12.02.39:797][  0]LogTargetPlatformManager: Display: Loaded TargetPlatform 'MacServer'
[2022.04.23-12.02.39:808][  0]LogTargetPlatformManager: Display: Loaded TargetPlatform 'TVOSClient'
[2022.04.23-12.02.39:809][  0]LogTargetPlatformManager: Display: Loaded TargetPlatform 'TVOS'
[2022.04.23-12.02.39:819][  0]LogTargetPlatformManager: Display: Loaded TargetPlatform 'WindowsNoEditor'
[2022.04.23-12.02.39:825][  0]LogTargetPlatformManager: Display: Loaded TargetPlatform 'Windows'
[2022.04.23-12.02.39:830][  0]LogTargetPlatformManager: Display: Loaded TargetPlatform 'WindowsClient'
[2022.04.23-12.02.39:835][  0]LogTargetPlatformManager: Display: Loaded TargetPlatform 'WindowsServer'
[2022.04.23-12.02.39:836][  0]LogTargetPlatformManager: Display: Building Assets For Windows
[2022.04.23-12.02.39:844][  0]LogAudioDebug: Display: Lib vorbis DLL was dynamically loaded.
[2022.04.23-12.02.39:887][  0]LogTextureFormatOodle: Display: Oodle Texture 2.9.0 init RDO Off
[2022.04.23-12.02.39:921][  0]LogRendererCore: Ray tracing is disabled. Reason: r.RayTracing=0.
[2022.04.23-12.02.39:921][  0]LogShaderCompilers: Guid format shader working directory is -37 characters bigger than the processId version (../../../../Users/maxim/Desktop/The Omnipresence/The-Omnipresence/The_Omnipresence/Intermediate/Shaders/WorkingDirectory/14560/).
[2022.04.23-12.02.39:921][  0]LogShaderCompilers: Cleaned the shader compiler working directory 'C:/Users/maxim/AppData/Local/Temp/UnrealShaderWorkingDir/7A6C21AA48311D951FA6CFB42964E566/'.
[2022.04.23-12.02.39:922][  0]LogXGEController: Cannot use XGE Controller as Incredibuild is not installed on this machine.
[2022.04.23-12.02.39:922][  0]LogShaderCompilers: Cannot use XGE Shader Compiler as Incredibuild is not installed on this machine.
[2022.04.23-12.02.39:922][  0]LogShaderCompilers: Display: Using Local Shader Compiler.
[2022.04.23-12.02.40:762][  0]LogDerivedDataCache: Display: Max Cache Size: 512 MB
[2022.04.23-12.02.40:823][  0]LogDerivedDataCache: Loaded boot cache 0.06s 115MB C:/Users/maxim/AppData/Local/UnrealEngine/4.27/DerivedDataCache/Boot.ddc.
[2022.04.23-12.02.40:823][  0]LogDerivedDataCache: Display: Loaded Boot cache: C:/Users/maxim/AppData/Local/UnrealEngine/4.27/DerivedDataCache/Boot.ddc
[2022.04.23-12.02.40:823][  0]LogDerivedDataCache: FDerivedDataBackendGraph:  Pak pak cache file ../../../../Users/maxim/Desktop/The Omnipresence/The-Omnipresence/The_Omnipresence/DerivedDataCache/DDC.ddp not found, will not use a pak cache.
[2022.04.23-12.02.40:823][  0]LogDerivedDataCache: Unable to find inner node Pak for hierarchical cache Hierarchy.
[2022.04.23-12.02.40:823][  0]LogDerivedDataCache: FDerivedDataBackendGraph:  CompressedPak pak cache file ../../../../Users/maxim/Desktop/The Omnipresence/The-Omnipresence/The_Omnipresence/DerivedDataCache/Compressed.ddp not found, will not use a pak cache.
[2022.04.23-12.02.40:823][  0]LogDerivedDataCache: Unable to find inner node CompressedPak for hierarchical cache Hierarchy.
[2022.04.23-12.02.40:842][  0]LogDerivedDataCache: Display: Pak cache opened for reading ../../../Engine/DerivedDataCache/Compressed.ddp.
[2022.04.23-12.02.40:842][  0]LogDerivedDataCache: FDerivedDataBackendGraph:  EnterprisePak pak cache file ../../../Enterprise/DerivedDataCache/Compressed.ddp not found, will not use a pak cache.
[2022.04.23-12.02.40:842][  0]LogDerivedDataCache: Unable to find inner node EnterprisePak for hierarchical cache Hierarchy.
[2022.04.23-12.02.40:853][  0]LogDerivedDataCache: Speed tests for C:/Users/maxim/AppData/Local/UnrealEngine/Common/DerivedDataCache took 0.01 seconds
[2022.04.23-12.02.40:853][  0]LogDerivedDataCache: Display: Performance to C:/Users/maxim/AppData/Local/UnrealEngine/Common/DerivedDataCache: Latency=0.04ms. RandomReadSpeed=860.66MBs, RandomWriteSpeed=109.86MBs. Assigned SpeedClass 'Local'
[2022.04.23-12.02.40:853][  0]LogDerivedDataCache: Using Local data cache path C:/Users/maxim/AppData/Local/UnrealEngine/Common/DerivedDataCache: Writable
[2022.04.23-12.02.40:853][  0]LogDerivedDataCache: Shared data cache path not found in *engine.ini, will not use an Shared cache.
[2022.04.23-12.02.40:853][  0]LogDerivedDataCache: Unable to find inner node Shared for hierarchical cache Hierarchy.
[2022.04.23-12.02.40:909][  0]LogSlate: Using FreeType 2.10.0
[2022.04.23-12.02.40:910][  0]LogSlate: SlateFontServices - WITH_FREETYPE: 1, WITH_HARFBUZZ: 1
[2022.04.23-12.02.40:934][  0]LogAssetRegistry: FAssetRegistry took 0.0030 seconds to start up
[2022.04.23-12.02.41:214][  0]LogInit: Selected Device Profile: [Windows]
[2022.04.23-12.02.41:214][  0]LogInit: Active device profile: [000002166F55FE00][000002166E984980 49] Windows
[2022.04.23-12.02.41:214][  0]LogInit: Profiles: [000002166F55FE00][000002166E984980 49] Windows, [000002166F520300][000002166E98CB00 49] WindowsNoEditor, [000002166F55C300][000002166E990C80 49] WindowsServer, [000002166F521E00][000002166E994E00 49] WindowsClient, [000002166F55DD00][000002166EAC2F80 49] IOS, [000002166F520D00][000002166EAC7100 49] iPadAir, [000002166F55CC00][000002166EACB280 49] iPadAir2, [000002166F4CC600][000002166EAD3540 49] IPadPro, [000002166F4CC700][000002166EACF580 49] iPadAir3, [000002166F55C200][000002166EAD7700 49] iPadAir4, [000002166F4CFC00][000002166EADB880 49] iPadMini2, [000002166F55D100][000002166EADFA00 49] iPadMini3, [000002166F4CD500][000002166EAE3B80 49] iPadMini4, [000002166F55E700][000002166EAE6180 49] iPadMini5, [000002166F4C7E00][000002166C572440 49] iPhone6, [000002166F4C7F00][000002166EAEA480 49] iPodTouch6, [000002166F523400][000002166C57A740 49] iPhone7, [000002166F4CF500][000002166C576780 49] iPodTouch7, [000002166F4C4600][000002166E9888C0 49] iPhone5S, [000002166F4CEC00][000002166C57EA00 49] iPhone6Plus, [000002166F4C7200][000002166C582B40 49] iPhone6S, [000002166F4CC400][000002166C58ACC0 49] iPhone6SPlus, [000002166F4C4F00][000002166C58EE40 49] iPhone7Plus, [000002166F4CFD00][000002166C592FC0 49] iPhoneSE, [000002166F4C6A00][000002166C597140 49] iPhone8, [000002166F4CDB00][000002166C59B2C0 49] iPhone8Plus, [000002166F4C5700][000002166C59F440 49] iPhoneX, [000002166F4CD300][000002166C5A35C0 49] iPhoneXS, [000002166F4C6200][000002166C5A7740 49] iPhoneXSMax, [000002166F4CED00][000002166C5AB8C0 49] iPhoneXR, [000002166F4C7700][000002166C5AFA40 49] iPhone11, [000002166F4CCB00][000002166C5B3BC0 49] iPhone11Pro, [000002166F4C7A00][000002166C5B61C0 49] iPhone11ProMax, [000002166F4CF800][000002166C5BA340 49] iPhoneSE2, [000002166F4C4300][000002166C5BE4C0 49] iPhone12Mini, [000002166F4CD700][000002166C5C2640 49] iPhone12, [000002166F4C7300][000002166C5C67C0 49] iPhone12Pro, [000002166F4CFB00][000002166C5CA940 49] iPhone12ProMax, [000002166F4C4B00][000002166C586A80 49] iPadPro105, [000002166F4CE200][000002166FE62BC0 49] iPadPro129, [000002166F4C6700][000002166FE66D00 49] iPadPro97, [000002166F4CCE00][000002166FE6AE40 49] iPadPro2_129, [000002166F4C5A00][000002166FE72FC0 49] iPad5, [000002166F4CE000][000002166FE77140 49] iPad6, [000002166F4C7900][000002166FE7B2C0 49] iPad7, [000002166F4CCD00][000002166FE7F440 49] iPad8, [000002166F4C6100][000002166FE835C0 49] iPadPro11, [000002166F4CC200][000002166FE87740 49] iPadPro2_11, [000002166F4C5600][000002166FE8B8C0 49] iPadPro3_129, [000002166F4CF900][000002166FE8FA40 49] iPadPro4_129, [000002166F4C5100][000002166FE93BC0 49] AppleTV, [000002166F4CE900][000002166FE961C0 49] AppleTV4K, [000002166F4C6300][000002166FE9A340 49] TVOS, [000002166F4CE800][000002166FE9E4C0 49] Mac, [000002166F4C7400][000002166FEA2640 49] MacClient, [000002166F4CEE00][000002166FEA67C0 49] MacNoEditor, [000002166F4C6400][000002166FEAA940 49] MacServer, [000002166F4CDE00][000002166FEAEAC0 49] Linux, [000002166F4C4C00][000002166FE6EC00 49] LinuxAArch64, [000002166F4CE600][000002166FEB2D40 49] LinuxNoEditor, [000002166F4C7600][000002166FEB6E80 49] LinuxAArch64NoEditor, [000002166F4CEA00][000002166FEBAFC0 49] LinuxClient, [000002166F4C4800][000002166FEC3140 49] LinuxAArch64Client, [000002166F4CD900][000002166FEC72C0 49] LinuxServer, [000002166F4C5F00][000002166FECB440 49] LinuxAArch64Server, [000002166F4CF600][000002166FECF5C0 49] Android, [000002166F4C6900][000002166FED3740 49] Android_Low, [000002166F59CD00][000002166FED78C0 49] Android_Mid, [000002166F520500][000002166FEDBA40 49] Android_High, [000002166F59CA00][000002166FEDFBC0 49] Android_Default, [000002166F522100][000002166FEE21C0 49] Android_Adreno4xx, [000002166F59CB00][000002166FEE6340 49] Android_Adreno5xx_Low, [000002166F522B00][000002166FEEA4C0 49] Android_Adreno5xx, [000002166F59E100][000002166FEEE640 49] Android_Adreno6xx, [000002166F523700][000002166FEF27C0 49] Android_Adreno6xx_Vulkan, [000002166F59D500][000002166FEF6940 49] Android_Mali_T6xx, [000002166F521D00][000002166FEFAAC0 49] Android_Mali_T7xx, [000002166F59CF00][000002166E9B2C40 49] Android_Mali_T8xx, [000002166F523E00][000002166E9B6DC0 49] Android_Mali_G71, [000002166F59DD00][000002166FEBEF00 49] Android_Mali_G72, [000002166F521A00][000002166E9BB040 49] Android_Mali_G72_Vulkan, [000002166F59E000][000002166E9BF180 49] Android_Mali_G76, [000002166F520600][000002166E9C7300 49] Android_Mali_G76_Vulkan, [000002166F59D700][000002166E9CB480 49] Android_Mali_G77, [000002166F522F00][000002166E9CF600 49] Android_Mali_G77_Vulkan, [000002166F59E200][000002166E9D3780 49] Android_Mali_G78, [000002166F520900][000002166E9D7900 49] Android_Mali_G78_Vulkan, [000002166F59C600][000002166E9DBA80 49] Android_Mali_G710, [000002166F520B00][000002166E9DFC00 49] Android_Mali_G710_Vulkan, [000002166F59C900][000002166E9E2200 49] Android_Vulkan_SM5, [000002166F520700][000002166E9E6380 49] Android_PowerVR_G6xxx, [000002166F59C100][000002166E9EA500 49] Android_PowerVR_GT7xxx, [000002166F523600][000002166E9EE680 49] Android_PowerVR_GE8xxx, [000002166F59E400][000002166E9F2800 49] Android_PowerVR_GM9xxx, [000002166F4CE300][000002166E9F6980 49] Android_PowerVR_GM9xxx_Vulkan, [000002166F59D200][000002166E9FAB00 49] Android_TegraK1, [000002166F4CF400][000002166E9FEC80 49] Android_Unknown_Vulkan, [000002166F59C700][000002166EA06E00 49] Lumin, [000002166F4CD100][000002166EA26F80 49] Lumin_Desktop, [000002166F59E300][000002166E9C30C0 49] HoloLens, 
[2022.04.23-12.02.41:356][  0]LogMeshReduction: Using QuadricMeshReduction for automatic static mesh reduction
[2022.04.23-12.02.41:357][  0]LogMeshReduction: Using SimplygonMeshReduction for automatic skeletal mesh reduction
[2022.04.23-12.02.41:357][  0]LogMeshReduction: Using ProxyLODMeshReduction for automatic mesh merging
[2022.04.23-12.02.41:357][  0]LogMeshReduction: No distributed automatic mesh merging module available
[2022.04.23-12.02.41:357][  0]LogMeshMerging: No distributed automatic mesh merging module available
[2022.04.23-12.02.41:376][  0]LogNetVersion: The_Omnipresence 1.0.0, NetCL: 17155196, EngineNetVer: 17, GameNetVer: 0 (Checksum: 2690221447)
[2022.04.23-12.02.41:764][  0]LogTexture: Default maximum texture size for cubemaps generated from long-lat sources has been changed from 512 to unlimited. In order to preserve old behaiour for '/Engine/MapTemplates/Sky/DaylightAmbientCubemap.DaylightAmbientCubemap', its maximum texture size has been explicitly set to 512.
[2022.04.23-12.02.41:864][  0]LogHMD: PokeAHoleMaterial loaded successfully
[2022.04.23-12.02.41:870][  0]LogUObjectArray: 18271 objects as part of root set at end of initial load.
[2022.04.23-12.02.41:870][  0]LogUObjectAllocator: 4729056 out of 0 bytes used by permanent object pool.
[2022.04.23-12.02.41:870][  0]LogUObjectArray: CloseDisregardForGC: 0/0 objects in disregard for GC pool
[2022.04.23-12.02.42:193][  0]LogPython: Using Python 3.7.7
[2022.04.23-12.02.42:871][  0]LogNiagaraDebuggerClient: Niagara Debugger Client Initialized | Session: 7363186F40D20175EB2A8D82AE98FAF2 | Instance: E215BAD544957828EF5898A8E7D32F16 (DESKTOP-RROI739-14560).
[2022.04.23-12.02.42:945][  0]LogTcpMessaging: Initializing TcpMessaging bridge
[2022.04.23-12.02.42:950][  0]LogUdpMessaging: Initializing bridge on interface 0.0.0.0:0 to multicast group 230.0.0.1:6666.
[2022.04.23-12.02.43:068][  0]LogLinker: Warning: Failed to load '/Game/FirstPersonCPP/Blueprints/FirstPersonCharacter': Can't find file.
[2022.04.23-12.02.43:069][  0]LogLinker: Warning: Failed to load '/Game/FirstPersonCPP/Blueprints/FirstPersonCharacter': Can't find file.
[2022.04.23-12.02.43:069][  0]LogUObjectGlobals: Warning: Failed to find object 'Class /Game/FirstPersonCPP/Blueprints/FirstPersonCharacter.FirstPersonCharacter_C'
[2022.04.23-12.02.43:069][  0]Error: CDO Constructor (The_OmnipresenceGameMode): Failed to find /Game/FirstPersonCPP/Blueprints/FirstPersonCharacter.FirstPersonCharacter_C

[2022.04.23-12.02.43:070][  0]LogUObjectBase: Warning: -------------- Default Property warnings and errors:
[2022.04.23-12.02.43:070][  0]LogUObjectBase: Warning: Error: CDO Constructor (The_OmnipresenceGameMode): Failed to find /Game/FirstPersonCPP/Blueprints/FirstPersonCharacter.FirstPersonCharacter_C

[2022.04.23-12.02.44:536][  0]Message dialog closed, result: Ok, title: Message, text: Default Property warnings and errors:
Error: CDO Constructor (The_OmnipresenceGameMode): Failed to find /Game/FirstPersonCPP/Blueprints/FirstPersonCharacter.FirstPersonCharacter_C


[2022.04.23-12.02.44:841][  0]SourceControl: Source control is disabled
[2022.04.23-12.02.45:607][  0]LogUProjectInfo: Found projects:
[2022.04.23-12.02.45:677][  0]LogOpenImageDenoise: OIDN starting up
[2022.04.23-12.03.48:669][  0]LogWindows: Failed to load 'C:/UE_4.27/Engine/Plugins/Marketplace/HiSQLite3/Binaries/Win64/UE4Editor-HiSQLite3.dll' (GetLastError=127)
[2022.04.23-12.03.48:669][  0]LogModuleManager: Warning: ModuleManager: Unable to load module 'C:/UE_4.27/Engine/Plugins/Marketplace/HiSQLite3/Binaries/Win64/UE4Editor-HiSQLite3.dll' because the file couldn't be loaded by the OS.
[2022.04.23-12.03.52:855][  0]Message dialog closed, result: Ok, title: Message, text: Plugin 'HiSQLite3' failed to load because module 'HiSQLite3' could not be loaded.  There may be an operating system error or the module may not be properly set up.
[2022.04.23-12.03.52:856][  0]LogCore: Engine exit requested (reason: EngineExit() was called)
[2022.04.23-12.03.52:860][  0]LogSlate: Slate User Destroyed.  User Index 0, Is Virtual User: 0
[2022.04.23-12.03.52:860][  0]LogExit: Preparing to exit.
[2022.04.23-12.03.52:986][  0]LogUObjectHash: Compacting FUObjectHashTables data took   0.91ms
[2022.04.23-12.03.53:108][  0]LogDemo: Cleaned up 0 splitscreen connections with owner deletion
[2022.04.23-12.03.53:357][  0]LogExit: Object subsystem successfully closed.
[2022.04.23-12.03.53:367][  0]LogShaderCompilers: Display: === FShaderJobCache stats ===
[2022.04.23-12.03.53:367][  0]LogShaderCompilers: Display: Total job queries 0, among them cache hits 0 (0.00%)
[2022.04.23-12.03.53:367][  0]LogShaderCompilers: Display: Tracking 0 distinct input hashes that result in 0 distinct outputs (0.00%)
[2022.04.23-12.03.53:368][  0]LogShaderCompilers: Display: RAM used: 0.00 MB (0.00 GB) of 716.80 MB (0.70 GB) budget. Usage: 0.00%
[2022.04.23-12.03.53:368][  0]LogShaderCompilers: Display: ================================================
[2022.04.23-12.03.53:379][  0]LogShaderCompilers: Display: Shaders left to compile 0
[2022.04.23-12.03.53:409][  0]LogModuleManager: Shutting down and abandoning module SQLiteSupport (580)
[2022.04.23-12.03.53:409][  0]LogModuleManager: Shutting down and abandoning module UINavigationEditor (578)
[2022.04.23-12.03.53:409][  0]LogModuleManager: Shutting down and abandoning module MagicLeapSharedWorld (576)
[2022.04.23-12.03.53:409][  0]LogModuleManager: Shutting down and abandoning module NiagaraEditorWidgets (574)
[2022.04.23-12.03.53:409][  0]LogModuleManager: Shutting down and abandoning module MagicLeapLightEstimation (572)
[2022.04.23-12.03.53:409][  0]LogModuleManager: Shutting down and abandoning module MagicLeapHelperVulkan (570)
[2022.04.23-12.03.53:409][  0]LogModuleManager: Shutting down and abandoning module MagicLeapHelperOpenGL (568)
[2022.04.23-12.03.53:409][  0]LogModuleManager: Shutting down and abandoning module MagicLeapAudio (566)
[2022.04.23-12.03.53:409][  0]LogModuleManager: Shutting down and abandoning module OpenImageDenoise (564)
[2022.04.23-12.03.53:409][  0]LogOpenImageDenoise: OIDN shutting down
[2022.04.23-12.03.53:409][  0]LogModuleManager: Shutting down and abandoning module MotoSynthEditor (562)
[2022.04.23-12.03.53:409][  0]LogModuleManager: Shutting down and abandoning module MotoSynth (560)
[2022.04.23-12.03.53:409][  0]LogModuleManager: Shutting down and abandoning module MeshModelingToolsEditorOnly (558)
[2022.04.23-12.03.53:409][  0]LogModuleManager: Shutting down and abandoning module MeshModelingTools (556)
[2022.04.23-12.03.53:409][  0]LogModuleManager: Shutting down and abandoning module ModelingOperatorsEditorOnly (554)
[2022.04.23-12.03.53:410][  0]LogModuleManager: Shutting down and abandoning module ModelingOperators (552)
[2022.04.23-12.03.53:410][  0]LogModuleManager: Shutting down and abandoning module ModelingComponents (550)
[2022.04.23-12.03.53:410][  0]LogModuleManager: Shutting down and abandoning module ModelingToolsEditorMode (548)
[2022.04.23-12.03.53:410][  0]LogModuleManager: Shutting down and abandoning module LandmassEditor (546)
[2022.04.23-12.03.53:410][  0]LogModuleManager: Shutting down and abandoning module Landmass (544)
[2022.04.23-12.03.53:410][  0]LogModuleManager: Shutting down and abandoning module MeshConversion (542)
[2022.04.23-12.03.53:410][  0]LogModuleManager: Shutting down and abandoning module DynamicMesh (540)
[2022.04.23-12.03.53:410][  0]LogModuleManager: Shutting down and abandoning module GeometryAlgorithms (538)
[2022.04.23-12.03.53:410][  0]LogModuleManager: Shutting down and abandoning module GeometricObjects (536)
[2022.04.23-12.03.53:410][  0]LogModuleManager: Shutting down and abandoning module VisualStudioSourceCodeAccess (534)
[2022.04.23-12.03.53:410][  0]LogModuleManager: Shutting down and abandoning module VisualStudioCodeSourceCodeAccess (532)
[2022.04.23-12.03.53:410][  0]LogModuleManager: Shutting down and abandoning module UObjectPlugin (530)
[2022.04.23-12.03.53:410][  0]LogModuleManager: Shutting down and abandoning module VariantManagerContentEditor (528)
[2022.04.23-12.03.53:410][  0]LogModuleManager: Shutting down and abandoning module SubversionSourceControl (526)
[2022.04.23-12.03.53:410][  0]LogModuleManager: Shutting down and abandoning module GeometryCollectionTracks (524)
[2022.04.23-12.03.53:410][  0]LogModuleManager: Shutting down and abandoning module GeometryCollectionSequencer (523)
[2022.04.23-12.03.53:410][  0]LogModuleManager: Shutting down and abandoning module GeometryCollectionEditor (520)
[2022.04.23-12.03.53:410][  0]LogModuleManager: Shutting down and abandoning module RiderSourceCodeAccess (518)
[2022.04.23-12.03.53:410][  0]LogModuleManager: Shutting down and abandoning module PluginUtils (516)
[2022.04.23-12.03.53:410][  0]LogModuleManager: Shutting down and abandoning module GeometryCacheTracks (514)
[2022.04.23-12.03.53:410][  0]LogModuleManager: Shutting down and abandoning module GeometryCacheStreamer (512)
[2022.04.23-12.03.53:410][  0]LogModuleManager: Shutting down and abandoning module GeometryCacheSequencer (510)
[2022.04.23-12.03.53:410][  0]LogModuleManager: Shutting down and abandoning module InputEditor (508)
[2022.04.23-12.03.53:410][  0]LogModuleManager: Shutting down and abandoning module DatasmithContentEditor (506)
[2022.04.23-12.03.53:410][  0]LogModuleManager: Shutting down and abandoning module PlasticSourceControl (504)
[2022.04.23-12.03.53:410][  0]LogModuleManager: Shutting down and abandoning module ChaosSolverEditor (502)
[2022.04.23-12.03.53:410][  0]LogModuleManager: Shutting down and abandoning module FractureEditor (500)
[2022.04.23-12.03.53:410][  0]LogModuleManager: Shutting down and abandoning module ChaosNiagara (498)
[2022.04.23-12.03.53:410][  0]LogModuleManager: Shutting down and abandoning module FieldSystemEngine (497)
[2022.04.23-12.03.53:410][  0]LogModuleManager: Shutting down and abandoning module ChaosClothEditor (494)
[2022.04.23-12.03.53:410][  0]LogModuleManager: Shutting down and abandoning module PerforceSourceControl (492)
[2022.04.23-12.03.53:410][  0]LogModuleManager: Shutting down and abandoning module BackChannel (490)
[2022.04.23-12.03.53:410][  0]LogModuleManager: Shutting down and abandoning module AutomationUtilsEditor (488)
[2022.04.23-12.03.53:410][  0]LogModuleManager: Shutting down and abandoning module AutomationUtils (486)
[2022.04.23-12.03.53:410][  0]LogModuleManager: Shutting down and abandoning module AlembicImporter (484)
[2022.04.23-12.03.53:410][  0]LogModuleManager: Shutting down and abandoning module AlembicLibrary (483)
[2022.04.23-12.03.53:410][  0]LogModuleManager: Shutting down and abandoning module GeometryCache (482)
[2022.04.23-12.03.53:410][  0]LogModuleManager: Shutting down and abandoning module GeometryCacheEd (481)
[2022.04.23-12.03.53:410][  0]LogModuleManager: Shutting down and abandoning module GitSourceControl (476)
[2022.04.23-12.03.53:410][  0]LogModuleManager: Shutting down and abandoning module SourceControl (475)
[2022.04.23-12.03.53:410][  0]LogModuleManager: Shutting down and abandoning module CLionSourceCodeAccess (472)
[2022.04.23-12.03.53:410][  0]LogModuleManager: Shutting down and abandoning module MobileLauncherProfileWizard (470)
[2022.04.23-12.03.53:410][  0]LogModuleManager: Shutting down and abandoning module StylusInput (468)
[2022.04.23-12.03.53:410][  0]LogModuleManager: Shutting down and abandoning module AnimationSharingEd (466)
[2022.04.23-12.03.53:410][  0]LogModuleManager: Shutting down and abandoning module SpeedTreeImporter (464)
[2022.04.23-12.03.53:411][  0]LogModuleManager: Shutting down and abandoning module PluginBrowser (462)
[2022.04.23-12.03.53:411][  0]LogModuleManager: Shutting down and abandoning module MaterialAnalyzer (460)
[2022.04.23-12.03.53:411][  0]LogModuleManager: Shutting down and abandoning module CurveEditorTools (458)
[2022.04.23-12.03.53:411][  0]LogModuleManager: Shutting down and abandoning module CryptoKeysOpenSSL (456)
[2022.04.23-12.03.53:411][  0]LogModuleManager: Shutting down and abandoning module CryptoKeys (454)
[2022.04.23-12.03.53:411][  0]LogModuleManager: Shutting down and abandoning module OodleNetworkHandlerComponent (452)
[2022.04.23-12.03.53:411][  0]LogModuleManager: Shutting down and abandoning module LiveLinkSequencer (450)
[2022.04.23-12.03.53:411][  0]LogModuleManager: Shutting down and abandoning module LiveLinkMovieScene (448)
[2022.04.23-12.03.53:411][  0]LogModuleManager: Shutting down and abandoning module LiveLinkGraphNode (446)
[2022.04.23-12.03.53:411][  0]LogModuleManager: Shutting down and abandoning module LiveLinkEditor (444)
[2022.04.23-12.03.53:411][  0]LogModuleManager: Shutting down and abandoning module LiveLinkComponents (442)
[2022.04.23-12.03.53:411][  0]LogModuleManager: Shutting down and abandoning module LiveLink (440)
[2022.04.23-12.03.53:655][  0]LogModuleManager: Shutting down and abandoning module LightPropagationVolumeEditor (438)
[2022.04.23-12.03.53:655][  0]LogModuleManager: Shutting down and abandoning module PaperTiledImporter (436)
[2022.04.23-12.03.53:655][  0]LogModuleManager: Shutting down and abandoning module PaperSpriteSheetImporter (434)
[2022.04.23-12.03.53:655][  0]LogModuleManager: Shutting down and abandoning module Paper2DEditor (432)
[2022.04.23-12.03.53:655][  0]LogModuleManager: Shutting down and abandoning module MeshPaintingToolset (430)
[2022.04.23-12.03.53:655][  0]LogModuleManager: Shutting down and abandoning module MeshPaintEditorMode (428)
[2022.04.23-12.03.53:656][  0]LogModuleManager: Shutting down and abandoning module The_Omnipresence (426)
[2022.04.23-12.03.53:656][  0]LogModuleManager: Shutting down and abandoning module SQLiteCore (424)
[2022.04.23-12.03.53:656][  0]LogModuleManager: Shutting down and abandoning module EnvironmentQueryEditor (422)
[2022.04.23-12.03.53:656][  0]LogModuleManager: Shutting down and abandoning module SoundFields (420)
[2022.04.23-12.03.53:656][  0]LogModuleManager: Shutting down and abandoning module RuntimePhysXCooking (418)
[2022.04.23-12.03.53:656][  0]LogModuleManager: Shutting down and abandoning module SignificanceManager (416)
[2022.04.23-12.03.53:656][  0]LogModuleManager: Shutting down and abandoning module PropertyAccessEditor (414)
[2022.04.23-12.03.53:656][  0]LogModuleManager: Shutting down and abandoning module PhysXVehiclesEditor (412)
[2022.04.23-12.03.53:656][  0]LogModuleManager: Shutting down and abandoning module LocationServicesBPLibrary (408)
[2022.04.23-12.03.53:656][  0]LogModuleManager: Shutting down and abandoning module AudioSynesthesia (406)
[2022.04.23-12.03.53:656][  0]LogModuleManager: Shutting down and abandoning module AudioSynesthesiaCore (404)
[2022.04.23-12.03.53:656][  0]LogModuleManager: Shutting down and abandoning module ActorSequence (402)
[2022.04.23-12.03.53:656][  0]LogModuleManager: Shutting down and abandoning module UdpMessaging (400)
[2022.04.23-12.03.53:756][  0]LogModuleManager: Shutting down and abandoning module TcpMessaging (398)
[2022.04.23-12.03.53:970][  0]LogModuleManager: Shutting down and abandoning module ImgMediaEngine (396)
[2022.04.23-12.03.53:970][  0]LogModuleManager: Shutting down and abandoning module UINavigation (394)
[2022.04.23-12.03.53:970][  0]LogModuleManager: Shutting down and abandoning module MagicLeapARPin (392)
[2022.04.23-12.03.53:970][  0]LogModuleManager: Shutting down and abandoning module NiagaraAnimNotifies (390)
[2022.04.23-12.03.53:970][  0]LogModuleManager: Shutting down and abandoning module Niagara (388)
[2022.04.23-12.03.53:970][  0]LogModuleManager: Shutting down and abandoning module SignalProcessing (387)
[2022.04.23-12.03.53:971][  0]LogModuleManager: Shutting down and abandoning module NiagaraEditor (385)
[2022.04.23-12.03.53:971][  0]LogModuleManager: Shutting down and abandoning module NiagaraCore (382)
[2022.04.23-12.03.53:971][  0]LogModuleManager: Shutting down and abandoning module MagicLeapHandMeshing (380)
[2022.04.23-12.03.53:971][  0]LogModuleManager: Shutting down and abandoning module MagicLeapSecureStorage (378)
[2022.04.23-12.03.53:971][  0]LogModuleManager: Shutting down and abandoning module MagicLeapPrivileges (376)
[2022.04.23-12.03.53:971][  0]LogModuleManager: Shutting down and abandoning module MagicLeapPlanes (374)
[2022.04.23-12.03.53:971][  0]LogMagicLeapPlanes: Planes tracker already destroyed.
[2022.04.23-12.03.53:971][  0]LogModuleManager: Shutting down and abandoning module MagicLeapImageTracker (372)
[2022.04.23-12.03.53:971][  0]LogModuleManager: Shutting down and abandoning module MagicLeapIdentity (370)
[2022.04.23-12.03.53:971][  0]LogModuleManager: Shutting down and abandoning module MagicLeapHandTracking (368)
[2022.04.23-12.03.53:971][  0]LogModuleManager: Shutting down and abandoning module MagicLeapEyeTracker (366)
[2022.04.23-12.03.53:971][  0]LogModuleManager: Shutting down and abandoning module MagicLeapController (364)
[2022.04.23-12.03.53:971][  0]LogModuleManager: Shutting down and abandoning module MagicLeapARPinImpl (362)
[2022.04.23-12.03.53:971][  0]LogModuleManager: Shutting down and abandoning module MagicLeapAR (360)
[2022.04.23-12.03.53:971][  0]LogModuleManager: Shutting down and abandoning module PythonScriptPlugin (358)
[2022.04.23-12.03.53:971][  0]LogModuleManager: Shutting down and abandoning module PropertyAccessNode (356)
[2022.04.23-12.03.53:971][  0]LogModuleManager: Shutting down and abandoning module InputBlueprintNodes (354)
[2022.04.23-12.03.53:971][  0]LogModuleManager: Shutting down and abandoning module EnhancedInput (352)
[2022.04.23-12.03.53:971][  0]LogModuleManager: Shutting down and abandoning module AnimationSharing (350)
[2022.04.23-12.03.53:971][  0]LogModuleManager: Shutting down and abandoning module FacialAnimationEditor (348)
[2022.04.23-12.03.53:971][  0]LogModuleManager: Shutting down and abandoning module FacialAnimation (346)
[2022.04.23-12.03.53:971][  0]LogModuleManager: Shutting down and abandoning module GameplayTagsEditor (344)
[2022.04.23-12.03.53:971][  0]LogModuleManager: Shutting down and abandoning module DataValidation (342)
[2022.04.23-12.03.53:971][  0]LogModuleManager: Shutting down and abandoning module AssetManagerEditor (340)
[2022.04.23-12.03.53:972][  0]LogModuleManager: Shutting down and abandoning module LevelEditor (339)
[2022.04.23-12.03.53:972][  0]LogModuleManager: Shutting down and abandoning module PixelInspectorModule (338)
[2022.04.23-12.03.53:972][  0]LogModuleManager: Shutting down and abandoning module CommonMenuExtensions (336)
[2022.04.23-12.03.53:972][  0]LogModuleManager: Shutting down and abandoning module MainFrame (334)
[2022.04.23-12.03.53:973][  0]LogModuleManager: Shutting down and abandoning module HotReload (333)
[2022.04.23-12.03.53:973][  0]LogModuleManager: Shutting down and abandoning module ToolMenus (329)
[2022.04.23-12.03.53:973][  0]LogModuleManager: Shutting down and abandoning module ContentBrowser (327)
[2022.04.23-12.03.53:973][  0]LogModuleManager: Shutting down and abandoning module ContentBrowserData (326)
[2022.04.23-12.03.53:973][  0]LogModuleManager: Shutting down and abandoning module TreeMap (323)
[2022.04.23-12.03.53:973][  0]LogModuleManager: Shutting down and abandoning module GameplayCameras (320)
[2022.04.23-12.03.53:973][  0]LogModuleManager: Shutting down and abandoning module LightPropagationVolumeRuntime (318)
[2022.04.23-12.03.53:973][  0]LogModuleManager: Shutting down and abandoning module Paper2D (316)
[2022.04.23-12.03.53:973][  0]LogModuleManager: Shutting down and abandoning module WindowsMoviePlayer (314)
[2022.04.23-12.03.53:975][  0]LogModuleManager: Shutting down and abandoning module WebMMoviePlayer (312)
[2022.04.23-12.03.53:975][  0]LogModuleManager: Shutting down and abandoning module BlueprintMaterialTextureNodes (310)
[2022.04.23-12.03.53:975][  0]LogModuleManager: Shutting down and abandoning module NetworkReplayStreaming (308)
[2022.04.23-12.03.53:975][  0]LogModuleManager: Shutting down and abandoning module PacketHandler (306)
[2022.04.23-12.03.53:975][  0]LogModuleManager: Shutting down and abandoning module ClothingSystemEditor (304)
[2022.04.23-12.03.53:975][  0]LogModuleManager: Shutting down and abandoning module ClothingSystemRuntimeNv (302)
[2022.04.23-12.03.53:975][  0]LogModuleManager: Shutting down and abandoning module MediaAssets (300)
[2022.04.23-12.03.53:975][  0]LogModuleManager: Shutting down and abandoning module Overlay (298)
[2022.04.23-12.03.53:975][  0]LogModuleManager: Shutting down and abandoning module OverlayEditor (297)
[2022.04.23-12.03.53:975][  0]LogModuleManager: Shutting down and abandoning module VREditor (294)
[2022.04.23-12.03.53:975][  0]LogModuleManager: Shutting down and abandoning module StringTableEditor (292)
[2022.04.23-12.03.53:975][  0]LogModuleManager: Shutting down and abandoning module GameplayTasksEditor (290)
[2022.04.23-12.03.53:975][  0]LogModuleManager: Shutting down and abandoning module BehaviorTreeEditor (288)
[2022.04.23-12.03.53:976][  0]LogModuleManager: Shutting down and abandoning module FunctionalTesting (286)
[2022.04.23-12.03.53:976][  0]LogModuleManager: Shutting down and abandoning module CollisionAnalyzer (284)
[2022.04.23-12.03.53:976][  0]LogModuleManager: Shutting down and abandoning module WorkspaceMenuStructure (283)
[2022.04.23-12.03.53:976][  0]LogModuleManager: Shutting down and abandoning module UMG (280)
[2022.04.23-12.03.53:976][  0]LogModuleManager: Shutting down and abandoning module UMGEditor (279)
[2022.04.23-12.03.53:976][  0]LogModuleManager: Shutting down and abandoning module MessageLog (277)
[2022.04.23-12.03.53:976][  0]LogModuleManager: Shutting down and abandoning module SlateReflector (272)
[2022.04.23-12.03.53:976][  0]LogModuleManager: Shutting down and abandoning module Slate (270)
[2022.04.23-12.03.53:976][  0]LogModuleManager: Shutting down and abandoning module SlateCore (268)
[2022.04.23-12.03.53:977][  0]LogModuleManager: Shutting down and abandoning module LandscapeEditorUtilities (266)
[2022.04.23-12.03.53:977][  0]LogModuleManager: Shutting down and abandoning module UnrealEd (264)
[2022.04.23-12.03.53:977][  0]LogModuleManager: Shutting down and abandoning module MRMesh (262)
[2022.04.23-12.03.53:977][  0]LogModuleManager: Shutting down and abandoning module SourceCodeAccess (260)
[2022.04.23-12.03.53:977][  0]LogModuleManager: Shutting down and abandoning module HeadMountedDisplay (258)
[2022.04.23-12.03.53:977][  0]LogModuleManager: Shutting down and abandoning module XAudio2 (256)
[2022.04.23-12.03.53:977][  0]LogModuleManager: Shutting down and abandoning module Networking (254)
[2022.04.23-12.03.53:977][  0]LogModuleManager: Shutting down and abandoning module Core (252)
[2022.04.23-12.03.53:977][  0]LogModuleManager: Shutting down and abandoning module MaterialEditor (250)
[2022.04.23-12.03.53:977][  0]LogModuleManager: Shutting down and abandoning module MovieSceneTools (248)
[2022.04.23-12.03.53:977][  0]LogModuleManager: Shutting down and abandoning module CurveEditor (247)
[2022.04.23-12.03.53:977][  0]LogModuleManager: Shutting down and abandoning module Sequencer (245)
[2022.04.23-12.03.53:977][  0]LogModuleManager: Shutting down and abandoning module EditorStyle (244)
[2022.04.23-12.03.53:978][  0]LogModuleManager: Shutting down and abandoning module KismetCompiler (240)
[2022.04.23-12.03.53:978][  0]LogModuleManager: Shutting down and abandoning module MeshBuilder (238)
[2022.04.23-12.03.53:978][  0]LogModuleManager: Shutting down and abandoning module MeshUtilities (236)
[2022.04.23-12.03.53:978][  0]LogModuleManager: Shutting down and abandoning module MeshMergeUtilities (235)
[2022.04.23-12.03.53:978][  0]LogModuleManager: Shutting down and abandoning module MeshReductionInterface (234)
[2022.04.23-12.03.53:978][  0]LogModuleManager: Shutting down and abandoning module MeshBoneReduction (233)
[2022.04.23-12.03.53:978][  0]LogModuleManager: Shutting down and abandoning module SkeletalMeshReduction (231)
[2022.04.23-12.03.53:978][  0]LogModuleManager: Shutting down and abandoning module ProxyLODMeshReduction (229)
[2022.04.23-12.03.53:978][  0]LogModuleManager: Shutting down and abandoning module QuadricMeshReduction (227)
[2022.04.23-12.03.53:978][  0]LogModuleManager: Shutting down and abandoning module MaterialBaking (223)
[2022.04.23-12.03.53:978][  0]LogModuleManager: Shutting down and abandoning module NullInstallBundleManager (218)
[2022.04.23-12.03.53:978][  0]LogModuleManager: Shutting down and abandoning module DerivedDataCache (216)
[2022.04.23-12.03.53:978][  0]LogModuleManager: Shutting down and abandoning module TargetPlatform (214)
[2022.04.23-12.03.53:979][  0]LogModuleManager: Shutting down and abandoning module VulkanShaderFormat (213)
[2022.04.23-12.03.53:979][  0]LogModuleManager: Shutting down and abandoning module ShaderFormatVectorVM (211)
[2022.04.23-12.03.53:979][  0]LogModuleManager: Shutting down and abandoning module ShaderFormatOpenGL (209)
[2022.04.23-12.03.53:979][  0]LogModuleManager: Shutting down and abandoning module ShaderFormatD3D (207)
[2022.04.23-12.03.53:979][  0]LogModuleManager: Shutting down and abandoning module MetalShaderFormat (205)
[2022.04.23-12.03.53:979][  0]LogModuleManager: Shutting down and abandoning module TextureFormatOodle (203)
[2022.04.23-12.03.53:979][  0]LogModuleManager: Shutting down and abandoning module TextureFormatUncompressed (201)
[2022.04.23-12.03.53:979][  0]LogModuleManager: Shutting down and abandoning module TextureFormatPVR (199)
[2022.04.23-12.03.53:979][  0]LogModuleManager: Shutting down and abandoning module TextureFormatETC2 (197)
[2022.04.23-12.03.53:979][  0]LogModuleManager: Shutting down and abandoning module TextureFormatDXT (195)
[2022.04.23-12.03.53:979][  0]LogModuleManager: Shutting down and abandoning module TextureFormatIntelISPCTexComp (193)
[2022.04.23-12.03.53:979][  0]LogModuleManager: Shutting down and abandoning module TextureFormatASTC (191)
[2022.04.23-12.03.53:979][  0]LogModuleManager: Shutting down and abandoning module ImageWrapper (190)
[2022.04.23-12.03.53:979][  0]LogModuleManager: Shutting down and abandoning module AudioFormatOpus (187)
[2022.04.23-12.03.53:979][  0]LogModuleManager: Shutting down and abandoning module AudioFormatOgg (185)
[2022.04.23-12.03.53:979][  0]LogModuleManager: Shutting down and abandoning module AudioFormatADPCM (183)
[2022.04.23-12.03.53:979][  0]LogModuleManager: Shutting down and abandoning module WindowsServerTargetPlatform (181)
[2022.04.23-12.03.53:979][  0]LogModuleManager: Shutting down and abandoning module WindowsClientTargetPlatform (179)
[2022.04.23-12.03.53:979][  0]LogModuleManager: Shutting down and abandoning module WindowsTargetPlatform (177)
[2022.04.23-12.03.53:979][  0]LogModuleManager: Shutting down and abandoning module WindowsNoEditorTargetPlatform (175)
[2022.04.23-12.03.53:979][  0]LogModuleManager: Shutting down and abandoning module TVOSTargetPlatform (173)
[2022.04.23-12.03.53:979][  0]LogModuleManager: Shutting down and abandoning module MacServerTargetPlatform (171)
[2022.04.23-12.03.53:980][  0]LogModuleManager: Shutting down and abandoning module MacClientTargetPlatform (169)
[2022.04.23-12.03.53:980][  0]LogModuleManager: Shutting down and abandoning module MacTargetPlatform (167)
[2022.04.23-12.03.53:980][  0]LogModuleManager: Shutting down and abandoning module MacNoEditorTargetPlatform (165)
[2022.04.23-12.03.53:980][  0]LogModuleManager: Shutting down and abandoning module LuminTargetPlatform (163)
[2022.04.23-12.03.53:980][  0]LogModuleManager: Shutting down and abandoning module LinuxAArch64ServerTargetPlatform (161)
[2022.04.23-12.03.53:980][  0]LogModuleManager: Shutting down and abandoning module LinuxAArch64ClientTargetPlatform (159)
[2022.04.23-12.03.53:980][  0]LogModuleManager: Shutting down and abandoning module LinuxAArch64NoEditorTargetPlatform (157)
[2022.04.23-12.03.53:980][  0]LogModuleManager: Shutting down and abandoning module LinuxServerTargetPlatform (155)
[2022.04.23-12.03.53:980][  0]LogModuleManager: Shutting down and abandoning module LinuxClientTargetPlatform (153)
[2022.04.23-12.03.53:980][  0]LogModuleManager: Shutting down and abandoning module LinuxNoEditorTargetPlatform (151)
[2022.04.23-12.03.53:980][  0]LogModuleManager: Shutting down and abandoning module LinuxTargetPlatform (149)
[2022.04.23-12.03.53:980][  0]LogModuleManager: Shutting down and abandoning module Messaging (147)
[2022.04.23-12.03.53:980][  0]LogModuleManager: Shutting down and abandoning module IOSTargetPlatform (145)
[2022.04.23-12.03.53:981][  0]LogModuleManager: Shutting down and abandoning module AndroidTargetPlatform (143)
[2022.04.23-12.03.53:983][  0]LogModuleManager: Shutting down and abandoning module AllDesktopTargetPlatform (141)
[2022.04.23-12.03.53:983][  0]LogModuleManager: Shutting down and abandoning module D3D11RHI (138)
[2022.04.23-12.03.53:983][  0]LogModuleManager: Shutting down and abandoning module InputCore (136)
[2022.04.23-12.03.53:983][  0]LogModuleManager: Shutting down and abandoning module Settings (134)
[2022.04.23-12.03.53:983][  0]LogModuleManager: Shutting down and abandoning module DirectoryWatcher (132)
[2022.04.23-12.03.53:983][  0]LogModuleManager: Shutting down and abandoning module PhysXCooking (130)
[2022.04.23-12.03.53:983][  0]LogModuleManager: Shutting down and abandoning module Chaos (128)
[2022.04.23-12.03.53:983][  0]LogModuleManager: Shutting down and abandoning module WindowsPlatformFeatures (126)
[2022.04.23-12.03.53:983][  0]LogModuleManager: Shutting down and abandoning module GameplayMediaEncoder (125)
[2022.04.23-12.03.53:983][  0]LogModuleManager: Shutting down and abandoning module AVEncoder (124)
[2022.04.23-12.03.53:983][  0]LogModuleManager: Shutting down and abandoning module SteamVRInputDevice (120)
[2022.04.23-12.03.53:983][  0]LogModuleManager: Shutting down and abandoning module SteamVRInput (118)
[2022.04.23-12.03.53:983][  0]LogModuleManager: Shutting down and abandoning module SteamVR (116)
[2022.04.23-12.03.53:983][  0]LogHMD: Freeing OpenVRDLLHandle.
[2022.04.23-12.03.53:983][  0]LogModuleManager: Shutting down and abandoning module OculusHMD (114)
[2022.04.23-12.03.53:983][  0]LogModuleManager: Shutting down and abandoning module OpenXREyeTracker (112)
[2022.04.23-12.03.53:983][  0]LogModuleManager: Shutting down and abandoning module OpenXRAR (110)
[2022.04.23-12.03.53:983][  0]LogModuleManager: Shutting down and abandoning module AugmentedReality (109)
[2022.04.23-12.03.53:983][  0]LogModuleManager: Shutting down and abandoning module OpenXRHandTracking (106)
[2022.04.23-12.03.53:983][  0]LogModuleManager: Shutting down and abandoning module OpenXRHMD (105)
[2022.04.23-12.03.53:983][  0]LogModuleManager: Shutting down and abandoning module HairStrandsCore (102)
[2022.04.23-12.03.53:983][  0]LogModuleManager: Shutting down and abandoning module ExampleDeviceProfileSelector (100)
[2022.04.23-12.03.53:983][  0]LogModuleManager: Shutting down and abandoning module ChunkDownloader (98)
[2022.04.23-12.03.53:983][  0]LogModuleManager: Shutting down and abandoning module LauncherChunkInstaller (96)
[2022.04.23-12.03.53:983][  0]LogModuleManager: Shutting down and abandoning module OnlineBlueprintSupport (94)
[2022.04.23-12.03.53:983][  0]LogModuleManager: Shutting down and abandoning module OnlineSubsystem (90)
[2022.04.23-12.03.53:984][  0]LogModuleManager: Shutting down and abandoning module XMPP (85)
[2022.04.23-12.03.53:984][  0]LogModuleManager: Shutting down and abandoning module WebSockets (84)
[2022.04.23-12.03.54:006][  0]LogModuleManager: Shutting down and abandoning module HTTP (81)
[2022.04.23-12.03.54:006][  0]LogHttp: Display: cleaning up 0 outstanding Http requests.
[2022.04.23-12.03.54:038][  0]LogModuleManager: Shutting down and abandoning module SSL (80)
[2022.04.23-12.03.54:039][  0]LogModuleManager: Shutting down and abandoning module WmfMedia (76)
[2022.04.23-12.03.54:044][  0]LogModuleManager: Shutting down and abandoning module Media (75)
[2022.04.23-12.03.54:045][  0]LogModuleManager: Shutting down and abandoning module MediaInfo (74)
[2022.04.23-12.03.54:045][  0]LogModuleManager: Shutting down and abandoning module ExrReaderGpu (70)
[2022.04.23-12.03.54:045][  0]LogModuleManager: Shutting down and abandoning module MLSDK (68)
[2022.04.23-12.03.54:045][  0]LogModuleManager: Shutting down and abandoning module NiagaraVertexFactories (66)
[2022.04.23-12.03.54:045][  0]LogModuleManager: Shutting down and abandoning module NiagaraShader (64)
[2022.04.23-12.03.54:045][  0]LogModuleManager: Shutting down and abandoning module MagicLeap (62)
[2022.04.23-12.03.54:045][  0]LogModuleManager: Shutting down and abandoning module Water (60)
[2022.04.23-12.03.54:045][  0]LogModuleManager: Shutting down and abandoning module VariantManagerContent (58)
[2022.04.23-12.03.54:045][  0]LogModuleManager: Shutting down and abandoning module DatasmithContent (56)
[2022.04.23-12.03.54:046][  0]LogModuleManager: Shutting down and abandoning module PixWinPlugin (54)
[2022.04.23-12.03.54:046][  0]LogModuleManager: Shutting down and abandoning module ChaosCloth (52)
[2022.04.23-12.03.54:046][  0]LogModuleManager: Shutting down and abandoning module AISupportModule (50)
[2022.04.23-12.03.54:046][  0]LogModuleManager: Shutting down and abandoning module DesktopPlatform (48)
[2022.04.23-12.03.54:046][  0]LogModuleManager: Shutting down and abandoning module PlatformCryptoOpenSSL (46)
[2022.04.23-12.03.54:046][  0]LogModuleManager: Shutting down and abandoning module PlatformCryptoTypes (44)
[2022.04.23-12.03.54:046][  0]LogModuleManager: Shutting down and abandoning module PlatformCrypto (42)
[2022.04.23-12.03.54:046][  0]LogModuleManager: Shutting down and abandoning module PythonScriptPluginPreload (40)
[2022.04.23-12.03.54:046][  0]LogModuleManager: Shutting down and abandoning module OodleDataCompressionFormat (38)
[2022.04.23-12.03.54:046][  0]LogModuleManager: Shutting down and abandoning module XGEController (36)
[2022.04.23-12.03.54:046][  0]LogXGEController: Cleaning working directory: C:/Users/maxim/AppData/Local/Temp/UnrealXGEWorkingDir/
[2022.04.23-12.03.54:046][  0]LogModuleManager: Shutting down and abandoning module AnimationModifiers (34)
[2022.04.23-12.03.54:047][  0]LogModuleManager: Shutting down and abandoning module AudioEditor (32)
[2022.04.23-12.03.54:047][  0]LogModuleManager: Shutting down and abandoning module PropertyEditor (31)
[2022.04.23-12.03.54:047][  0]LogModuleManager: Shutting down and abandoning module TextureCompressor (28)
[2022.04.23-12.03.54:047][  0]LogModuleManager: Shutting down and abandoning module RenderCore (26)
[2022.04.23-12.03.54:047][  0]LogModuleManager: Shutting down and abandoning module Landscape (24)
[2022.04.23-12.03.54:047][  0]LogModuleManager: Shutting down and abandoning module SlateRHIRenderer (22)
[2022.04.23-12.03.54:047][  0]LogModuleManager: Shutting down and abandoning module AnimGraphRuntime (20)
[2022.04.23-12.03.54:047][  0]LogModuleManager: Shutting down and abandoning module Renderer (18)
[2022.04.23-12.03.54:047][  0]LogModuleManager: Shutting down and abandoning module Engine (16)
[2022.04.23-12.03.54:047][  0]LogModuleManager: Shutting down and abandoning module CoreUObject (14)
[2022.04.23-12.03.54:047][  0]LogModuleManager: Shutting down and abandoning module NetworkFile (12)
[2022.04.23-12.03.54:047][  0]LogModuleManager: Shutting down and abandoning module CookedIterativeFile (10)
[2022.04.23-12.03.54:047][  0]LogModuleManager: Shutting down and abandoning module StreamingFile (8)
[2022.04.23-12.03.54:047][  0]LogModuleManager: Shutting down and abandoning module SandboxFile (6)
[2022.04.23-12.03.54:047][  0]LogModuleManager: Shutting down and abandoning module PakFile (4)
[2022.04.23-12.03.54:047][  0]LogModuleManager: Shutting down and abandoning module RSA (3)
[2022.04.23-12.03.54:312][  0]LogContentStreaming: Display: There are 1 unreleased StreamingManagers
[2022.04.23-12.03.54:320][  0]LogD3D11RHI: Shutdown
[2022.04.23-12.03.54:320][  0]LogD3D11RHI: CleanupD3DDevice
[2022.04.23-12.03.54:325][  0]LogExit: Exiting.
[2022.04.23-12.03.54:344][  0]Log file closed, 04/23/22 14:03:54
