Log file open, 03/20/22 15:00:48
LogWindows: Failed to load 'aqProf.dll' (GetLastError=126)
LogWindows: File 'aqProf.dll' does not exist
LogWindows: Failed to load 'VtuneApi.dll' (GetLastError=126)
LogWindows: File 'VtuneApi.dll' does not exist
LogWindows: Failed to load 'VtuneApi32e.dll' (GetLastError=126)
LogWindows: File 'VtuneApi32e.dll' does not exist
LogConsoleResponse: Display: Failed to find resolution value strings in scalability ini. Falling back to default.
LogConsoleResponse: Display: Failed to find resolution value strings in scalability ini. Falling back to default.
LogInit: Display: Running engine for game: The_Omnipresence
LogPlatformFile: Not using cached read wrapper
LogTaskGraph: Started task graph with 5 named threads and 23 total threads with 3 sets of task threads.
LogStats: Stats thread started at 0.267629
LogICUInternationalization: ICU TimeZone Detection - Raw Offset: +1:00, Platform Override: ''
LogInit: Display: Loading text-based GConfig....
LogPluginManager: Mounting plugin MeshPainting
LogPluginManager: Mounting plugin XGEController
LogPluginManager: Mounting plugin Paper2D
LogPluginManager: Mounting plugin AISupport
LogPluginManager: Mounting plugin EnvironmentQueryEditor
LogPluginManager: Mounting plugin LightPropagationVolume
LogPluginManager: Mounting plugin LiveLink
LogPluginManager: Mounting plugin CameraShakePreviewer
LogPluginManager: Mounting plugin GameplayCameras
LogPluginManager: Mounting plugin OodleData
LogPluginManager: Mounting plugin OodleNetwork
LogPluginManager: Mounting plugin AssetManagerEditor
LogPluginManager: Mounting plugin AnimationSharing
LogPluginManager: Mounting plugin CLionSourceCodeAccess
LogPluginManager: Mounting plugin CryptoKeys
LogPluginManager: Mounting plugin CurveEditorTools
LogPluginManager: Mounting plugin DataValidation
LogPluginManager: Mounting plugin FacialAnimation
LogPluginManager: Mounting plugin GameplayTagsEditor
LogPluginManager: Mounting plugin GeometryMode
LogPluginManager: Mounting plugin MacGraphicsSwitching
LogPluginManager: Mounting plugin MaterialAnalyzer
LogPluginManager: Mounting plugin MobileLauncherProfileWizard
LogPluginManager: Mounting plugin PluginBrowser
LogPluginManager: Mounting plugin SpeedTreeImporter
LogPluginManager: Mounting plugin StylusInput
LogPluginManager: Mounting plugin CodeLiteSourceCodeAccess
LogPluginManager: Mounting plugin KDevelopSourceCodeAccess
LogPluginManager: Mounting plugin GitSourceControl
LogPluginManager: Mounting plugin NullSourceCodeAccess
LogPluginManager: Mounting plugin PlasticSourceControl
LogPluginManager: Mounting plugin PixWinPlugin
LogPluginManager: Mounting plugin PluginUtils
LogPluginManager: Mounting plugin PerforceSourceControl
LogPluginManager: Mounting plugin PropertyAccessNode
LogPluginManager: Mounting plugin RiderSourceCodeAccess
LogPluginManager: Mounting plugin SubversionSourceControl
LogPluginManager: Mounting plugin TextureFormatOodle
LogPluginManager: Mounting plugin UObjectPlugin
LogPluginManager: Mounting plugin XCodeSourceCodeAccess
LogPluginManager: Mounting plugin VisualStudioSourceCodeAccess
LogPluginManager: Mounting plugin VisualStudioCodeSourceCodeAccess
LogPluginManager: Mounting plugin Niagara
LogPluginManager: Mounting plugin DatasmithContent
LogPluginManager: Mounting plugin AlembicImporter
LogPluginManager: Mounting plugin AutomationUtils
LogPluginManager: Mounting plugin BackChannel
LogPluginManager: Mounting plugin ChaosClothEditor
LogPluginManager: Mounting plugin ChaosCloth
LogPluginManager: Mounting plugin ChaosEditor
LogPluginManager: Mounting plugin ChaosNiagara
LogPluginManager: Mounting plugin ChaosSolverPlugin
LogPluginManager: Mounting plugin CharacterAI
LogPluginManager: Mounting plugin VariantManagerContent
LogPluginManager: Mounting plugin LuminPlatformFeatures
LogPluginManager: Mounting plugin MagicLeap
LogPluginManager: Mounting plugin MagicLeapLightEstimation
LogPluginManager: Mounting plugin MagicLeapMedia
LogPluginManager: Mounting plugin EnhancedInput
LogPluginManager: Mounting plugin MagicLeapPassableWorld
LogPluginManager: Mounting plugin GeometryCache
LogPluginManager: Mounting plugin MLSDK
LogPluginManager: Mounting plugin GeometryCollectionPlugin
LogPluginManager: Mounting plugin UINavigation
LogPluginManager: Mounting plugin GeometryProcessing
LogPluginManager: Mounting plugin MeshModelingToolset
LogPluginManager: Mounting plugin ModelingToolsEditorMode
LogPluginManager: Mounting plugin MotoSynth
LogPluginManager: Mounting plugin OpenImageDenoise
LogPluginManager: Mounting plugin ProxyLODPlugin
LogPluginManager: Mounting plugin PlanarCut
LogPluginManager: Mounting plugin PlatformCrypto
LogPluginManager: Mounting plugin PythonScriptPlugin
LogPluginManager: Mounting plugin SkeletalReduction
LogPluginManager: Mounting plugin AndroidMedia
LogPluginManager: Mounting plugin AvfMedia
LogPluginManager: Mounting plugin ImgMedia
LogPluginManager: Mounting plugin MediaCompositing
LogPluginManager: Mounting plugin MediaPlayerEditor
LogPluginManager: Mounting plugin WebMMedia
LogPluginManager: Mounting plugin WmfMedia
LogPluginManager: Mounting plugin TcpMessaging
LogPluginManager: Mounting plugin UdpMessaging
LogPluginManager: Mounting plugin ActorSequence
LogPluginManager: Mounting plugin LevelSequenceEditor
LogPluginManager: Mounting plugin MatineeToLevelSequence
LogPluginManager: Mounting plugin TemplateSequence
LogPluginManager: Mounting plugin OnlineSubsystem
LogPluginManager: Mounting plugin OnlineSubsystemNull
LogPluginManager: Mounting plugin OnlineSubsystemUtils
LogPluginManager: Mounting plugin LauncherChunkInstaller
LogPluginManager: Mounting plugin ScreenshotTools
LogPluginManager: Mounting plugin ActorLayerUtilities
LogPluginManager: Mounting plugin AndroidPermission
LogPluginManager: Mounting plugin AndroidMoviePlayer
LogPluginManager: Mounting plugin AndroidDeviceProfileSelector
LogPluginManager: Mounting plugin AppleImageUtils
LogPluginManager: Mounting plugin AppleMoviePlayer
LogPluginManager: Mounting plugin ArchVisCharacter
LogPluginManager: Mounting plugin AssetTags
LogPluginManager: Mounting plugin AudioCapture
LogPluginManager: Mounting plugin AudioSynesthesia
LogPluginManager: Mounting plugin CableComponent
LogPluginManager: Mounting plugin ChunkDownloader
LogPluginManager: Mounting plugin CustomMeshComponent
LogPluginManager: Mounting plugin EditableMesh
LogPluginManager: Mounting plugin ExampleDeviceProfileSelector
LogPluginManager: Mounting plugin GoogleCloudMessaging
LogPluginManager: Mounting plugin GooglePAD
LogPluginManager: Mounting plugin HairStrands
LogPluginManager: Mounting plugin IOSDeviceProfileSelector
LogPluginManager: Mounting plugin LinuxDeviceProfileSelector
LogPluginManager: Mounting plugin LocationServicesBPLibrary
LogPluginManager: Mounting plugin MobilePatchingUtils
LogPluginManager: Mounting plugin OpenXR
LogPluginManager: Mounting plugin OpenXREyeTracker
LogPluginManager: Mounting plugin OpenXRHandTracking
LogPluginManager: Mounting plugin PhysXVehicles
LogPluginManager: Mounting plugin PostSplashScreen
LogPluginManager: Mounting plugin ProceduralMeshComponent
LogPluginManager: Mounting plugin PropertyAccessEditor
LogPluginManager: Mounting plugin RuntimePhysXCooking
LogPluginManager: Mounting plugin SignificanceManager
LogPluginManager: Mounting plugin SoundFields
LogPluginManager: Mounting plugin Synthesis
LogPluginManager: Mounting plugin Takes
LogPluginManager: Mounting plugin WebMMoviePlayer
LogPluginManager: Mounting plugin WindowsMoviePlayer
LogPluginManager: Mounting plugin ContentBrowserAssetDataSource
LogPluginManager: Mounting plugin ContentBrowserClassDataSource
LogPluginManager: Mounting plugin ContentBrowserFileDataSource
LogPluginManager: Mounting plugin OnlineSubsystemGooglePlay
LogPluginManager: Mounting plugin OnlineSubsystemIOS
LogPluginManager: Mounting plugin OculusVR
LogPluginManager: Mounting plugin SteamVR
PixWinPlugin: PIX capture plugin failed to initialize! Check that the process is launched from PIX.
LogInit: Using libcurl 7.55.1-DEV
LogInit:  - built for x86_64-pc-win32
LogInit:  - supports SSL with OpenSSL/1.1.1
LogInit:  - supports HTTP deflate (compression) using libz 1.2.8
LogInit:  - other features:
LogInit:      CURL_VERSION_SSL
LogInit:      CURL_VERSION_LIBZ
LogInit:      CURL_VERSION_IPV6
LogInit:      CURL_VERSION_ASYNCHDNS
LogInit:      CURL_VERSION_LARGEFILE
LogInit:      CURL_VERSION_IDN
LogInit:  CurlRequestOptions (configurable via config and command line):
LogInit:  - bVerifyPeer = true  - Libcurl will verify peer certificate
LogInit:  - bUseHttpProxy = false  - Libcurl will NOT use HTTP proxy
LogInit:  - bDontReuseConnections = false  - Libcurl will reuse connections
LogInit:  - MaxHostConnections = 16  - Libcurl will limit the number of connections to a host
LogInit:  - LocalHostAddr = Default
LogInit:  - BufferSize = 65536
LogOnline: OSS: Creating online subsystem instance for: NULL
LogInit: WinSock: version 1.1 (2.2), MaxSocks=32767, MaxUdp=65467
LogOnline: OSS: TryLoadSubsystemAndSetDefault: Loaded subsystem for module [NULL]
LogOculusPluginWrapper: OculusPlugin initialized successfully
LogHMD: Failed initializing OVRPlugin 1.59.0
LogInit: Build: ++UE4+Release-4.27-CL-18319896
LogInit: Engine Version: 4.27.2-18319896+++UE4+Release-4.27
LogInit: Compatible Engine Version: 4.27.0-17155196+++UE4+Release-4.27
LogInit: Net CL: 17155196
LogInit: OS: Windows 10 (Release 2009) (), CPU: AMD Ryzen 5 3400G with Radeon Vega Graphics    , GPU: AMD 15D8:C8
LogInit: Compiled (64-bit): Nov 30 2021 07:12:08
LogInit: Compiled with Visual C++: 19.24.28315.00
LogInit: Build Configuration: Development
LogInit: Branch Name: ++UE4+Release-4.27
LogInit: Command Line: 
LogInit: Base Directory: C:/UE_4.27/Engine/Binaries/Win64/
LogInit: Allocator: TBB
LogInit: Installed Engine Build: 1
LogDevObjectVersion: Number of dev versions registered: 29
LogDevObjectVersion:   Dev-Blueprints (B0D832E4-1F89-4F0D-ACCF-7EB736FD4AA2): 10
LogDevObjectVersion:   Dev-Build (E1C64328-A22C-4D53-A36C-8E866417BD8C): 0
LogDevObjectVersion:   Dev-Core (375EC13C-06E4-48FB-B500-84F0262A717E): 4
LogDevObjectVersion:   Dev-Editor (E4B068ED-F494-42E9-A231-DA0B2E46BB41): 40
LogDevObjectVersion:   Dev-Framework (CFFC743F-43B0-4480-9391-14DF171D2073): 37
LogDevObjectVersion:   Dev-Mobile (B02B49B5-BB20-44E9-A304-32B752E40360): 3
LogDevObjectVersion:   Dev-Networking (A4E4105C-59A1-49B5-A7C5-40C4547EDFEE): 0
LogDevObjectVersion:   Dev-Online (39C831C9-5AE6-47DC-9A44-9C173E1C8E7C): 0
LogDevObjectVersion:   Dev-Physics (78F01B33-EBEA-4F98-B9B4-84EACCB95AA2): 14
LogDevObjectVersion:   Dev-Platform (6631380F-2D4D-43E0-8009-CF276956A95A): 0
LogDevObjectVersion:   Dev-Rendering (12F88B9F-8875-4AFC-A67C-D90C383ABD29): 45
LogDevObjectVersion:   Dev-Sequencer (7B5AE74C-D270-4C10-A958-57980B212A5A): 13
LogDevObjectVersion:   Dev-VR (D7296918-1DD6-4BDD-9DE2-64A83CC13884): 3
LogDevObjectVersion:   Dev-LoadTimes (C2A15278-BFE7-4AFE-6C17-90FF531DF755): 1
LogDevObjectVersion:   Private-Geometry (6EACA3D4-40EC-4CC1-B786-8BED09428FC5): 3
LogDevObjectVersion:   Dev-AnimPhys (29E575DD-E0A3-4627-9D10-D276232CDCEA): 17
LogDevObjectVersion:   Dev-Anim (AF43A65D-7FD3-4947-9873-3E8ED9C1BB05): 15
LogDevObjectVersion:   Dev-ReflectionCapture (6B266CEC-1EC7-4B8F-A30B-E4D90942FC07): 1
LogDevObjectVersion:   Dev-Automation (0DF73D61-A23F-47EA-B727-89E90C41499A): 1
LogDevObjectVersion:   FortniteMain (601D1886-AC64-4F84-AA16-D3DE0DEAC7D6): 47
LogDevObjectVersion:   FortniteRelease (E7086368-6B23-4C58-8439-1B7016265E91): 1
LogDevObjectVersion:   Dev-Enterprise (9DFFBCD6-494F-0158-E221-12823C92A888): 10
LogDevObjectVersion:   Dev-Niagara (F2AED0AC-9AFE-416F-8664-AA7FFA26D6FC): 1
LogDevObjectVersion:   Dev-Destruction (174F1F0B-B4C6-45A5-B13F-2EE8D0FB917D): 10
LogDevObjectVersion:   Dev-Physics-Ext (35F94A83-E258-406C-A318-09F59610247C): 41
LogDevObjectVersion:   Dev-PhysicsMaterial-Chaos (B68FC16E-8B1B-42E2-B453-215C058844FE): 1
LogDevObjectVersion:   Dev-CineCamera (B2E18506-4273-CFC2-A54E-F4BB758BBA07): 1
LogDevObjectVersion:   Dev-VirtualProduction (64F58936-FD1B-42BA-BA96-7289D5D0FA4E): 1
LogDevObjectVersion:   Dev-MediaFramework (6F0ED827-A609-4895-9C91-998D90180EA4): 2
LogInit: Presizing for max 25165824 objects, including 0 objects not considered by GC, pre-allocating 0 bytes for permanent pool.
LogConfig: Applying CVar settings from Section [/Script/Engine.StreamingSettings] File [C:/Users/maxim/Desktop/The Omnipresence/The-Omnipresence/The_Omnipresence/Saved/Config/Windows/Engine.ini]
LogConfig: Setting CVar [[s.MinBulkDataSizeForAsyncLoading:131072]]
LogConfig: Setting CVar [[s.AsyncLoadingThreadEnabled:0]]
LogConfig: Setting CVar [[s.EventDrivenLoaderEnabled:1]]
LogConfig: Setting CVar [[s.WarnIfTimeLimitExceeded:0]]
LogConfig: Setting CVar [[s.TimeLimitExceededMultiplier:1.5]]
LogConfig: Setting CVar [[s.TimeLimitExceededMinTime:0.005]]
LogConfig: Setting CVar [[s.UseBackgroundLevelStreaming:1]]
LogConfig: Setting CVar [[s.PriorityAsyncLoadingExtraTime:15.0]]
LogConfig: Setting CVar [[s.LevelStreamingActorsUpdateTimeLimit:5.0]]
LogConfig: Setting CVar [[s.PriorityLevelStreamingActorsUpdateExtraTime:5.0]]
LogConfig: Setting CVar [[s.LevelStreamingComponentsRegistrationGranularity:10]]
LogConfig: Setting CVar [[s.UnregisterComponentsTimeLimit:1.0]]
LogConfig: Setting CVar [[s.LevelStreamingComponentsUnregistrationGranularity:5]]
LogConfig: Setting CVar [[s.FlushStreamingOnExit:1]]
LogInit: Object subsystem initialized
LogConfig: Setting CVar [[con.DebugEarlyDefault:1]]
LogConfig: Setting CVar [[r.setres:1280x720]]
LogConfig: Setting CVar [[fx.NiagaraAllowRuntimeScalabilityChanges:1]]
[2022.03.20-14.00.48:964][  0]LogConfig: Setting CVar [[r.VSync:0]]
[2022.03.20-14.00.48:964][  0]LogConfig: Setting CVar [[r.RHICmdBypass:0]]
[2022.03.20-14.00.48:964][  0]LogConfig: Applying CVar settings from Section [/Script/Engine.RendererSettings] File [C:/Users/maxim/Desktop/The Omnipresence/The-Omnipresence/The_Omnipresence/Saved/Config/Windows/Engine.ini]
[2022.03.20-14.00.48:964][  0]LogConfig: Setting CVar [[r.GPUCrashDebugging:0]]
[2022.03.20-14.00.48:964][  0]LogConfig: Applying CVar settings from Section [/Script/Engine.RendererOverrideSettings] File [C:/Users/maxim/Desktop/The Omnipresence/The-Omnipresence/The_Omnipresence/Saved/Config/Windows/Engine.ini]
[2022.03.20-14.00.48:964][  0]LogConfig: Applying CVar settings from Section [/Script/Engine.StreamingSettings] File [C:/Users/maxim/Desktop/The Omnipresence/The-Omnipresence/The_Omnipresence/Saved/Config/Windows/Engine.ini]
[2022.03.20-14.00.48:964][  0]LogConfig: Setting CVar [[s.MinBulkDataSizeForAsyncLoading:131072]]
[2022.03.20-14.00.48:964][  0]LogConfig: Setting CVar [[s.AsyncLoadingThreadEnabled:0]]
[2022.03.20-14.00.48:964][  0]LogConfig: Setting CVar [[s.EventDrivenLoaderEnabled:1]]
[2022.03.20-14.00.48:964][  0]LogConfig: Setting CVar [[s.WarnIfTimeLimitExceeded:0]]
[2022.03.20-14.00.48:964][  0]LogConfig: Setting CVar [[s.TimeLimitExceededMultiplier:1.5]]
[2022.03.20-14.00.48:964][  0]LogConfig: Setting CVar [[s.TimeLimitExceededMinTime:0.005]]
[2022.03.20-14.00.48:964][  0]LogConfig: Setting CVar [[s.UseBackgroundLevelStreaming:1]]
[2022.03.20-14.00.48:964][  0]LogConfig: Setting CVar [[s.PriorityAsyncLoadingExtraTime:15.0]]
[2022.03.20-14.00.48:964][  0]LogConfig: Setting CVar [[s.LevelStreamingActorsUpdateTimeLimit:5.0]]
[2022.03.20-14.00.48:964][  0]LogConfig: Setting CVar [[s.PriorityLevelStreamingActorsUpdateExtraTime:5.0]]
[2022.03.20-14.00.48:964][  0]LogConfig: Setting CVar [[s.LevelStreamingComponentsRegistrationGranularity:10]]
[2022.03.20-14.00.48:964][  0]LogConfig: Setting CVar [[s.UnregisterComponentsTimeLimit:1.0]]
[2022.03.20-14.00.48:964][  0]LogConfig: Setting CVar [[s.LevelStreamingComponentsUnregistrationGranularity:5]]
[2022.03.20-14.00.48:964][  0]LogConfig: Setting CVar [[s.FlushStreamingOnExit:1]]
[2022.03.20-14.00.48:964][  0]LogConfig: Applying CVar settings from Section [/Script/Engine.GarbageCollectionSettings] File [C:/Users/maxim/Desktop/The Omnipresence/The-Omnipresence/The_Omnipresence/Saved/Config/Windows/Engine.ini]
[2022.03.20-14.00.48:964][  0]LogConfig: Setting CVar [[gc.MaxObjectsNotConsideredByGC:1]]
[2022.03.20-14.00.48:964][  0]LogConfig: Setting CVar [[gc.SizeOfPermanentObjectPool:0]]
[2022.03.20-14.00.48:964][  0]LogConfig: Setting CVar [[gc.FlushStreamingOnGC:0]]
[2022.03.20-14.00.48:964][  0]LogConfig: Setting CVar [[gc.NumRetriesBeforeForcingGC:10]]
[2022.03.20-14.00.48:964][  0]LogConfig: Setting CVar [[gc.AllowParallelGC:1]]
[2022.03.20-14.00.48:964][  0]LogConfig: Setting CVar [[gc.TimeBetweenPurgingPendingKillObjects:61.1]]
[2022.03.20-14.00.48:964][  0]LogConfig: Setting CVar [[gc.MaxObjectsInEditor:25165824]]
[2022.03.20-14.00.48:964][  0]LogConfig: Setting CVar [[gc.IncrementalBeginDestroyEnabled:1]]
[2022.03.20-14.00.48:964][  0]LogConfig: Setting CVar [[gc.CreateGCClusters:1]]
[2022.03.20-14.00.48:964][  0]LogConfig: Setting CVar [[gc.MinGCClusterSize:5]]
[2022.03.20-14.00.48:964][  0]LogConfig: Setting CVar [[gc.ActorClusteringEnabled:0]]
[2022.03.20-14.00.48:964][  0]LogConfig: Setting CVar [[gc.BlueprintClusteringEnabled:0]]
[2022.03.20-14.00.48:964][  0]LogConfig: Setting CVar [[gc.UseDisregardForGCOnDedicatedServers:0]]
[2022.03.20-14.00.48:964][  0]LogConfig: Setting CVar [[gc.MultithreadedDestructionEnabled:1]]
[2022.03.20-14.00.48:964][  0]LogConfig: Applying CVar settings from Section [/Script/Engine.NetworkSettings] File [C:/Users/maxim/Desktop/The Omnipresence/The-Omnipresence/The_Omnipresence/Saved/Config/Windows/Engine.ini]
[2022.03.20-14.00.48:964][  0]LogConfig: Applying CVar settings from Section [/Script/UnrealEd.CookerSettings] File [C:/Users/maxim/Desktop/The Omnipresence/The-Omnipresence/The_Omnipresence/Saved/Config/Windows/Engine.ini]
[2022.03.20-14.00.48:970][  0]LogConfig: Applying CVar settings from Section [ViewDistanceQuality@3] File [C:/Users/maxim/Desktop/The Omnipresence/The-Omnipresence/The_Omnipresence/Saved/Config/Windows/Scalability.ini]
[2022.03.20-14.00.48:970][  0]LogConfig: Setting CVar [[r.SkeletalMeshLODBias:0]]
[2022.03.20-14.00.48:970][  0]LogConfig: Setting CVar [[r.ViewDistanceScale:1.0]]
[2022.03.20-14.00.48:970][  0]LogConfig: Applying CVar settings from Section [AntiAliasingQuality@3] File [C:/Users/maxim/Desktop/The Omnipresence/The-Omnipresence/The_Omnipresence/Saved/Config/Windows/Scalability.ini]
[2022.03.20-14.00.48:970][  0]LogConfig: Setting CVar [[r.PostProcessAAQuality:4]]
[2022.03.20-14.00.48:970][  0]LogConfig: Applying CVar settings from Section [ShadowQuality@3] File [C:/Users/maxim/Desktop/The Omnipresence/The-Omnipresence/The_Omnipresence/Saved/Config/Windows/Scalability.ini]
[2022.03.20-14.00.48:970][  0]LogConfig: Setting CVar [[r.LightFunctionQuality:1]]
[2022.03.20-14.00.48:970][  0]LogConfig: Setting CVar [[r.ShadowQuality:5]]
[2022.03.20-14.00.48:970][  0]LogConfig: Setting CVar [[r.Shadow.CSM.MaxCascades:10]]
[2022.03.20-14.00.48:970][  0]LogConfig: Setting CVar [[r.Shadow.MaxResolution:2048]]
[2022.03.20-14.00.48:970][  0]LogConfig: Setting CVar [[r.Shadow.MaxCSMResolution:2048]]
[2022.03.20-14.00.48:970][  0]LogConfig: Setting CVar [[r.Shadow.RadiusThreshold:0.01]]
[2022.03.20-14.00.48:970][  0]LogConfig: Setting CVar [[r.Shadow.DistanceScale:1.0]]
[2022.03.20-14.00.48:970][  0]LogConfig: Setting CVar [[r.Shadow.CSM.TransitionScale:1.0]]
[2022.03.20-14.00.48:970][  0]LogConfig: Setting CVar [[r.Shadow.PreShadowResolutionFactor:1.0]]
[2022.03.20-14.00.48:970][  0]LogConfig: Setting CVar [[r.DistanceFieldShadowing:1]]
[2022.03.20-14.00.48:970][  0]LogConfig: Setting CVar [[r.DistanceFieldAO:1]]
[2022.03.20-14.00.48:970][  0]LogConfig: Setting CVar [[r.AOQuality:2]]
[2022.03.20-14.00.48:970][  0]LogConfig: Setting CVar [[r.VolumetricFog:1]]
[2022.03.20-14.00.48:970][  0]LogConfig: Setting CVar [[r.VolumetricFog.GridPixelSize:8]]
[2022.03.20-14.00.48:970][  0]LogConfig: Setting CVar [[r.VolumetricFog.GridSizeZ:128]]
[2022.03.20-14.00.48:970][  0]LogConfig: Setting CVar [[r.VolumetricFog.HistoryMissSupersampleCount:4]]
[2022.03.20-14.00.48:970][  0]LogConfig: Setting CVar [[r.LightMaxDrawDistanceScale:1]]
[2022.03.20-14.00.48:971][  0]LogConfig: Setting CVar [[r.CapsuleShadows:1]]
[2022.03.20-14.00.48:971][  0]LogConfig: Applying CVar settings from Section [PostProcessQuality@3] File [C:/Users/maxim/Desktop/The Omnipresence/The-Omnipresence/The_Omnipresence/Saved/Config/Windows/Scalability.ini]
[2022.03.20-14.00.48:971][  0]LogConfig: Setting CVar [[r.MotionBlurQuality:4]]
[2022.03.20-14.00.48:971][  0]LogConfig: Setting CVar [[r.AmbientOcclusionMipLevelFactor:0.4]]
[2022.03.20-14.00.48:971][  0]LogConfig: Setting CVar [[r.AmbientOcclusionMaxQuality:100]]
[2022.03.20-14.00.48:971][  0]LogConfig: Setting CVar [[r.AmbientOcclusionLevels:-1]]
[2022.03.20-14.00.48:971][  0]LogConfig: Setting CVar [[r.AmbientOcclusionRadiusScale:1.0]]
[2022.03.20-14.00.48:971][  0]LogConfig: Setting CVar [[r.DepthOfFieldQuality:2]]
[2022.03.20-14.00.48:971][  0]LogConfig: Setting CVar [[r.RenderTargetPoolMin:400]]
[2022.03.20-14.00.48:971][  0]LogConfig: Setting CVar [[r.LensFlareQuality:2]]
[2022.03.20-14.00.48:971][  0]LogConfig: Setting CVar [[r.SceneColorFringeQuality:1]]
[2022.03.20-14.00.48:971][  0]LogConfig: Setting CVar [[r.EyeAdaptationQuality:2]]
[2022.03.20-14.00.48:971][  0]LogConfig: Setting CVar [[r.BloomQuality:5]]
[2022.03.20-14.00.48:971][  0]LogConfig: Setting CVar [[r.FastBlurThreshold:100]]
[2022.03.20-14.00.48:971][  0]LogConfig: Setting CVar [[r.Upscale.Quality:3]]
[2022.03.20-14.00.48:971][  0]LogConfig: Setting CVar [[r.Tonemapper.GrainQuantization:1]]
[2022.03.20-14.00.48:971][  0]LogConfig: Setting CVar [[r.LightShaftQuality:1]]
[2022.03.20-14.00.48:971][  0]LogConfig: Setting CVar [[r.Filter.SizeScale:1]]
[2022.03.20-14.00.48:971][  0]LogConfig: Setting CVar [[r.Tonemapper.Quality:5]]
[2022.03.20-14.00.48:971][  0]LogConfig: Setting CVar [[r.DOF.Gather.AccumulatorQuality:1        ; higher gathering accumulator quality]]
[2022.03.20-14.00.48:971][  0]LogConfig: Setting CVar [[r.DOF.Gather.PostfilterMethod:1          ; Median3x3 postfilering method]]
[2022.03.20-14.00.48:971][  0]LogConfig: Setting CVar [[r.DOF.Gather.EnableBokehSettings:0       ; no bokeh simulation when gathering]]
[2022.03.20-14.00.48:971][  0]LogConfig: Setting CVar [[r.DOF.Gather.RingCount:4                 ; medium number of samples when gathering]]
[2022.03.20-14.00.48:971][  0]LogConfig: Setting CVar [[r.DOF.Scatter.ForegroundCompositing:1    ; additive foreground scattering]]
[2022.03.20-14.00.48:971][  0]LogConfig: Setting CVar [[r.DOF.Scatter.BackgroundCompositing:2    ; additive background scattering]]
[2022.03.20-14.00.48:971][  0]LogConfig: Setting CVar [[r.DOF.Scatter.EnableBokehSettings:1      ; bokeh simulation when scattering]]
[2022.03.20-14.00.48:971][  0]LogConfig: Setting CVar [[r.DOF.Scatter.MaxSpriteRatio:0.1         ; only a maximum of 10% of scattered bokeh]]
[2022.03.20-14.00.48:971][  0]LogConfig: Setting CVar [[r.DOF.Recombine.Quality:1                ; cheap slight out of focus]]
[2022.03.20-14.00.48:971][  0]LogConfig: Setting CVar [[r.DOF.Recombine.EnableBokehSettings:0    ; no bokeh simulation on slight out of focus]]
[2022.03.20-14.00.48:971][  0]LogConfig: Setting CVar [[r.DOF.TemporalAAQuality:1                ; more stable temporal accumulation]]
[2022.03.20-14.00.48:971][  0]LogConfig: Setting CVar [[r.DOF.Kernel.MaxForegroundRadius:0.025]]
[2022.03.20-14.00.48:971][  0]LogConfig: Setting CVar [[r.DOF.Kernel.MaxBackgroundRadius:0.025]]
[2022.03.20-14.00.48:971][  0]LogConfig: Applying CVar settings from Section [TextureQuality@3] File [C:/Users/maxim/Desktop/The Omnipresence/The-Omnipresence/The_Omnipresence/Saved/Config/Windows/Scalability.ini]
[2022.03.20-14.00.48:971][  0]LogConfig: Setting CVar [[r.Streaming.MipBias:0]]
[2022.03.20-14.00.48:971][  0]LogConfig: Setting CVar [[r.Streaming.AmortizeCPUToGPUCopy:0]]
[2022.03.20-14.00.48:971][  0]LogConfig: Setting CVar [[r.Streaming.MaxNumTexturesToStreamPerFrame:0]]
[2022.03.20-14.00.48:971][  0]LogConfig: Setting CVar [[r.Streaming.Boost:1]]
[2022.03.20-14.00.48:971][  0]LogConfig: Setting CVar [[r.MaxAnisotropy:8]]
[2022.03.20-14.00.48:971][  0]LogConfig: Setting CVar [[r.VT.MaxAnisotropy:8]]
[2022.03.20-14.00.48:971][  0]LogConfig: Setting CVar [[r.Streaming.LimitPoolSizeToVRAM:0]]
[2022.03.20-14.00.48:971][  0]LogConfig: Setting CVar [[r.Streaming.PoolSize:1000]]
[2022.03.20-14.00.48:971][  0]LogConfig: Setting CVar [[r.Streaming.MaxEffectiveScreenSize:0]]
[2022.03.20-14.00.48:971][  0]LogConfig: Applying CVar settings from Section [EffectsQuality@3] File [C:/Users/maxim/Desktop/The Omnipresence/The-Omnipresence/The_Omnipresence/Saved/Config/Windows/Scalability.ini]
[2022.03.20-14.00.48:971][  0]LogConfig: Setting CVar [[r.TranslucencyLightingVolumeDim:64]]
[2022.03.20-14.00.48:971][  0]LogConfig: Setting CVar [[r.RefractionQuality:2]]
[2022.03.20-14.00.48:971][  0]LogConfig: Setting CVar [[r.SSR.Quality:3]]
[2022.03.20-14.00.48:971][  0]LogConfig: Setting CVar [[r.SSR.HalfResSceneColor:0]]
[2022.03.20-14.00.48:971][  0]LogConfig: Setting CVar [[r.SceneColorFormat:4]]
[2022.03.20-14.00.48:971][  0]LogConfig: Setting CVar [[r.DetailMode:2]]
[2022.03.20-14.00.48:971][  0]LogConfig: Setting CVar [[r.TranslucencyVolumeBlur:1]]
[2022.03.20-14.00.48:971][  0]LogConfig: Setting CVar [[r.MaterialQualityLevel:1 ; High quality]]
[2022.03.20-14.00.48:971][  0]LogConfig: Setting CVar [[r.AnisotropicMaterials:1]]
[2022.03.20-14.00.48:971][  0]LogConfig: Setting CVar [[r.SSS.Scale:1]]
[2022.03.20-14.00.48:971][  0]LogConfig: Setting CVar [[r.SSS.SampleSet:2]]
[2022.03.20-14.00.48:971][  0]LogConfig: Setting CVar [[r.SSS.Quality:1]]
[2022.03.20-14.00.48:972][  0]LogConfig: Setting CVar [[r.SSS.HalfRes:0]]
[2022.03.20-14.00.48:972][  0]LogConfig: Setting CVar [[r.SSGI.Quality:3]]
[2022.03.20-14.00.48:972][  0]LogConfig: Setting CVar [[r.EmitterSpawnRateScale:1.0]]
[2022.03.20-14.00.48:972][  0]LogConfig: Setting CVar [[r.ParticleLightQuality:2]]
[2022.03.20-14.00.48:972][  0]LogConfig: Setting CVar [[r.SkyAtmosphere.AerialPerspectiveLUT.FastApplyOnOpaque:1 ; Always have FastSkyLUT 1 in this case to avoid wrong sky]]
[2022.03.20-14.00.48:972][  0]LogConfig: Setting CVar [[r.SkyAtmosphere.AerialPerspectiveLUT.SampleCountMaxPerSlice:4]]
[2022.03.20-14.00.48:972][  0]LogConfig: Setting CVar [[r.SkyAtmosphere.AerialPerspectiveLUT.DepthResolution:16.0]]
[2022.03.20-14.00.48:972][  0]LogConfig: Setting CVar [[r.SkyAtmosphere.FastSkyLUT:1]]
[2022.03.20-14.00.48:972][  0]LogConfig: Setting CVar [[r.SkyAtmosphere.FastSkyLUT.SampleCountMin:4.0]]
[2022.03.20-14.00.48:972][  0]LogConfig: Setting CVar [[r.SkyAtmosphere.FastSkyLUT.SampleCountMax:128.0]]
[2022.03.20-14.00.48:972][  0]LogConfig: Setting CVar [[r.SkyAtmosphere.SampleCountMin:4.0]]
[2022.03.20-14.00.48:972][  0]LogConfig: Setting CVar [[r.SkyAtmosphere.SampleCountMax:128.0]]
[2022.03.20-14.00.48:972][  0]LogConfig: Setting CVar [[r.SkyAtmosphere.TransmittanceLUT.UseSmallFormat:0]]
[2022.03.20-14.00.48:972][  0]LogConfig: Setting CVar [[r.SkyAtmosphere.TransmittanceLUT.SampleCount:10.0]]
[2022.03.20-14.00.48:972][  0]LogConfig: Setting CVar [[r.SkyAtmosphere.MultiScatteringLUT.SampleCount:15.0]]
[2022.03.20-14.00.48:972][  0]LogConfig: Setting CVar [[r.SkyLight.RealTimeReflectionCapture:1]]
[2022.03.20-14.00.48:972][  0]LogConfig: Setting CVar [[fx.Niagara.QualityLevel:3]]
[2022.03.20-14.00.48:972][  0]LogConfig: Applying CVar settings from Section [FoliageQuality@3] File [C:/Users/maxim/Desktop/The Omnipresence/The-Omnipresence/The_Omnipresence/Saved/Config/Windows/Scalability.ini]
[2022.03.20-14.00.48:972][  0]LogConfig: Setting CVar [[foliage.DensityScale:1.0]]
[2022.03.20-14.00.48:972][  0]LogConfig: Setting CVar [[grass.DensityScale:1.0]]
[2022.03.20-14.00.48:972][  0]LogConfig: Applying CVar settings from Section [ShadingQuality@3] File [C:/Users/maxim/Desktop/The Omnipresence/The-Omnipresence/The_Omnipresence/Saved/Config/Windows/Scalability.ini]
[2022.03.20-14.00.48:972][  0]LogConfig: Setting CVar [[r.HairStrands.SkyLighting.IntegrationType:2]]
[2022.03.20-14.00.48:972][  0]LogConfig: Setting CVar [[r.HairStrands.SkyAO.SampleCount:4]]
[2022.03.20-14.00.48:972][  0]LogConfig: Setting CVar [[r.HairStrands.Visibility.MSAA.SamplePerPixel:4]]
[2022.03.20-14.00.48:972][  0]LogConfig: Setting CVar [[r.HairStrands.Interpolation.UseSingleGuide:0]]
[2022.03.20-14.00.48:972][  0]LogInit: Selected Device Profile: [Windows]
[2022.03.20-14.00.48:972][  0]LogInit: Applying CVar settings loaded from the selected device profile: [Windows]
[2022.03.20-14.00.48:972][  0]LogHAL: Display: Platform has ~ 14 GB [14978097152 / 17179869184 / 14], which maps to Larger [LargestMinGB=32, LargerMinGB=12, DefaultMinGB=8, SmallerMinGB=6, SmallestMinGB=0)
[2022.03.20-14.00.48:972][  0]LogInit: Going up to parent DeviceProfile []
[2022.03.20-14.00.48:972][  0]LogConfig: Applying CVar settings from Section [ViewDistanceQuality@3] File [C:/Users/maxim/Desktop/The Omnipresence/The-Omnipresence/The_Omnipresence/Saved/Config/Windows/Scalability.ini]
[2022.03.20-14.00.48:972][  0]LogConfig: Setting CVar [[r.SkeletalMeshLODBias:0]]
[2022.03.20-14.00.48:972][  0]LogConfig: Setting CVar [[r.ViewDistanceScale:1.0]]
[2022.03.20-14.00.48:972][  0]LogConfig: Applying CVar settings from Section [AntiAliasingQuality@3] File [C:/Users/maxim/Desktop/The Omnipresence/The-Omnipresence/The_Omnipresence/Saved/Config/Windows/Scalability.ini]
[2022.03.20-14.00.48:972][  0]LogConfig: Setting CVar [[r.PostProcessAAQuality:4]]
[2022.03.20-14.00.48:972][  0]LogConfig: Applying CVar settings from Section [ShadowQuality@3] File [C:/Users/maxim/Desktop/The Omnipresence/The-Omnipresence/The_Omnipresence/Saved/Config/Windows/Scalability.ini]
[2022.03.20-14.00.48:972][  0]LogConfig: Setting CVar [[r.LightFunctionQuality:1]]
[2022.03.20-14.00.48:972][  0]LogConfig: Setting CVar [[r.ShadowQuality:5]]
[2022.03.20-14.00.48:972][  0]LogConfig: Setting CVar [[r.Shadow.CSM.MaxCascades:10]]
[2022.03.20-14.00.48:972][  0]LogConfig: Setting CVar [[r.Shadow.MaxResolution:2048]]
[2022.03.20-14.00.48:972][  0]LogConfig: Setting CVar [[r.Shadow.MaxCSMResolution:2048]]
[2022.03.20-14.00.48:972][  0]LogConfig: Setting CVar [[r.Shadow.RadiusThreshold:0.01]]
[2022.03.20-14.00.48:972][  0]LogConfig: Setting CVar [[r.Shadow.DistanceScale:1.0]]
[2022.03.20-14.00.48:972][  0]LogConfig: Setting CVar [[r.Shadow.CSM.TransitionScale:1.0]]
[2022.03.20-14.00.48:972][  0]LogConfig: Setting CVar [[r.Shadow.PreShadowResolutionFactor:1.0]]
[2022.03.20-14.00.48:972][  0]LogConfig: Setting CVar [[r.DistanceFieldShadowing:1]]
[2022.03.20-14.00.48:972][  0]LogConfig: Setting CVar [[r.DistanceFieldAO:1]]
[2022.03.20-14.00.48:972][  0]LogConfig: Setting CVar [[r.AOQuality:2]]
[2022.03.20-14.00.48:972][  0]LogConfig: Setting CVar [[r.VolumetricFog:1]]
[2022.03.20-14.00.48:973][  0]LogConfig: Setting CVar [[r.VolumetricFog.GridPixelSize:8]]
[2022.03.20-14.00.48:973][  0]LogConfig: Setting CVar [[r.VolumetricFog.GridSizeZ:128]]
[2022.03.20-14.00.48:973][  0]LogConfig: Setting CVar [[r.VolumetricFog.HistoryMissSupersampleCount:4]]
[2022.03.20-14.00.48:973][  0]LogConfig: Setting CVar [[r.LightMaxDrawDistanceScale:1]]
[2022.03.20-14.00.48:973][  0]LogConfig: Setting CVar [[r.CapsuleShadows:1]]
[2022.03.20-14.00.48:973][  0]LogConfig: Applying CVar settings from Section [PostProcessQuality@3] File [C:/Users/maxim/Desktop/The Omnipresence/The-Omnipresence/The_Omnipresence/Saved/Config/Windows/Scalability.ini]
[2022.03.20-14.00.48:973][  0]LogConfig: Setting CVar [[r.MotionBlurQuality:4]]
[2022.03.20-14.00.48:973][  0]LogConfig: Setting CVar [[r.AmbientOcclusionMipLevelFactor:0.4]]
[2022.03.20-14.00.48:973][  0]LogConfig: Setting CVar [[r.AmbientOcclusionMaxQuality:100]]
[2022.03.20-14.00.48:973][  0]LogConfig: Setting CVar [[r.AmbientOcclusionLevels:-1]]
[2022.03.20-14.00.48:973][  0]LogConfig: Setting CVar [[r.AmbientOcclusionRadiusScale:1.0]]
[2022.03.20-14.00.48:973][  0]LogConfig: Setting CVar [[r.DepthOfFieldQuality:2]]
[2022.03.20-14.00.48:973][  0]LogConfig: Setting CVar [[r.RenderTargetPoolMin:400]]
[2022.03.20-14.00.48:973][  0]LogConfig: Setting CVar [[r.LensFlareQuality:2]]
[2022.03.20-14.00.48:973][  0]LogConfig: Setting CVar [[r.SceneColorFringeQuality:1]]
[2022.03.20-14.00.48:973][  0]LogConfig: Setting CVar [[r.EyeAdaptationQuality:2]]
[2022.03.20-14.00.48:973][  0]LogConfig: Setting CVar [[r.BloomQuality:5]]
[2022.03.20-14.00.48:973][  0]LogConfig: Setting CVar [[r.FastBlurThreshold:100]]
[2022.03.20-14.00.48:973][  0]LogConfig: Setting CVar [[r.Upscale.Quality:3]]
[2022.03.20-14.00.48:973][  0]LogConfig: Setting CVar [[r.Tonemapper.GrainQuantization:1]]
[2022.03.20-14.00.48:973][  0]LogConfig: Setting CVar [[r.LightShaftQuality:1]]
[2022.03.20-14.00.48:973][  0]LogConfig: Setting CVar [[r.Filter.SizeScale:1]]
[2022.03.20-14.00.48:973][  0]LogConfig: Setting CVar [[r.Tonemapper.Quality:5]]
[2022.03.20-14.00.48:973][  0]LogConfig: Setting CVar [[r.DOF.Gather.AccumulatorQuality:1        ; higher gathering accumulator quality]]
[2022.03.20-14.00.48:973][  0]LogConfig: Setting CVar [[r.DOF.Gather.PostfilterMethod:1          ; Median3x3 postfilering method]]
[2022.03.20-14.00.48:973][  0]LogConfig: Setting CVar [[r.DOF.Gather.EnableBokehSettings:0       ; no bokeh simulation when gathering]]
[2022.03.20-14.00.48:973][  0]LogConfig: Setting CVar [[r.DOF.Gather.RingCount:4                 ; medium number of samples when gathering]]
[2022.03.20-14.00.48:973][  0]LogConfig: Setting CVar [[r.DOF.Scatter.ForegroundCompositing:1    ; additive foreground scattering]]
[2022.03.20-14.00.48:973][  0]LogConfig: Setting CVar [[r.DOF.Scatter.BackgroundCompositing:2    ; additive background scattering]]
[2022.03.20-14.00.48:973][  0]LogConfig: Setting CVar [[r.DOF.Scatter.EnableBokehSettings:1      ; bokeh simulation when scattering]]
[2022.03.20-14.00.48:973][  0]LogConfig: Setting CVar [[r.DOF.Scatter.MaxSpriteRatio:0.1         ; only a maximum of 10% of scattered bokeh]]
[2022.03.20-14.00.48:973][  0]LogConfig: Setting CVar [[r.DOF.Recombine.Quality:1                ; cheap slight out of focus]]
[2022.03.20-14.00.48:973][  0]LogConfig: Setting CVar [[r.DOF.Recombine.EnableBokehSettings:0    ; no bokeh simulation on slight out of focus]]
[2022.03.20-14.00.48:973][  0]LogConfig: Setting CVar [[r.DOF.TemporalAAQuality:1                ; more stable temporal accumulation]]
[2022.03.20-14.00.48:973][  0]LogConfig: Setting CVar [[r.DOF.Kernel.MaxForegroundRadius:0.025]]
[2022.03.20-14.00.48:973][  0]LogConfig: Setting CVar [[r.DOF.Kernel.MaxBackgroundRadius:0.025]]
[2022.03.20-14.00.48:973][  0]LogConfig: Applying CVar settings from Section [TextureQuality@3] File [C:/Users/maxim/Desktop/The Omnipresence/The-Omnipresence/The_Omnipresence/Saved/Config/Windows/Scalability.ini]
[2022.03.20-14.00.48:973][  0]LogConfig: Setting CVar [[r.Streaming.MipBias:0]]
[2022.03.20-14.00.48:973][  0]LogConfig: Setting CVar [[r.Streaming.AmortizeCPUToGPUCopy:0]]
[2022.03.20-14.00.48:973][  0]LogConfig: Setting CVar [[r.Streaming.MaxNumTexturesToStreamPerFrame:0]]
[2022.03.20-14.00.48:973][  0]LogConfig: Setting CVar [[r.Streaming.Boost:1]]
[2022.03.20-14.00.48:973][  0]LogConfig: Setting CVar [[r.MaxAnisotropy:8]]
[2022.03.20-14.00.48:973][  0]LogConfig: Setting CVar [[r.VT.MaxAnisotropy:8]]
[2022.03.20-14.00.48:973][  0]LogConfig: Setting CVar [[r.Streaming.LimitPoolSizeToVRAM:0]]
[2022.03.20-14.00.48:973][  0]LogConfig: Setting CVar [[r.Streaming.PoolSize:1000]]
[2022.03.20-14.00.48:973][  0]LogConfig: Setting CVar [[r.Streaming.MaxEffectiveScreenSize:0]]
[2022.03.20-14.00.48:973][  0]LogConfig: Applying CVar settings from Section [EffectsQuality@3] File [C:/Users/maxim/Desktop/The Omnipresence/The-Omnipresence/The_Omnipresence/Saved/Config/Windows/Scalability.ini]
[2022.03.20-14.00.48:973][  0]LogConfig: Setting CVar [[r.TranslucencyLightingVolumeDim:64]]
[2022.03.20-14.00.48:973][  0]LogConfig: Setting CVar [[r.RefractionQuality:2]]
[2022.03.20-14.00.48:973][  0]LogConfig: Setting CVar [[r.SSR.Quality:3]]
[2022.03.20-14.00.48:973][  0]LogConfig: Setting CVar [[r.SSR.HalfResSceneColor:0]]
[2022.03.20-14.00.48:973][  0]LogConfig: Setting CVar [[r.SceneColorFormat:4]]
[2022.03.20-14.00.48:973][  0]LogConfig: Setting CVar [[r.DetailMode:2]]
[2022.03.20-14.00.48:973][  0]LogConfig: Setting CVar [[r.TranslucencyVolumeBlur:1]]
[2022.03.20-14.00.48:974][  0]LogConfig: Setting CVar [[r.MaterialQualityLevel:1 ; High quality]]
[2022.03.20-14.00.48:974][  0]LogConfig: Setting CVar [[r.AnisotropicMaterials:1]]
[2022.03.20-14.00.48:974][  0]LogConfig: Setting CVar [[r.SSS.Scale:1]]
[2022.03.20-14.00.48:974][  0]LogConfig: Setting CVar [[r.SSS.SampleSet:2]]
[2022.03.20-14.00.48:974][  0]LogConfig: Setting CVar [[r.SSS.Quality:1]]
[2022.03.20-14.00.48:974][  0]LogConfig: Setting CVar [[r.SSS.HalfRes:0]]
[2022.03.20-14.00.48:974][  0]LogConfig: Setting CVar [[r.SSGI.Quality:3]]
[2022.03.20-14.00.48:974][  0]LogConfig: Setting CVar [[r.EmitterSpawnRateScale:1.0]]
[2022.03.20-14.00.48:974][  0]LogConfig: Setting CVar [[r.ParticleLightQuality:2]]
[2022.03.20-14.00.48:974][  0]LogConfig: Setting CVar [[r.SkyAtmosphere.AerialPerspectiveLUT.FastApplyOnOpaque:1 ; Always have FastSkyLUT 1 in this case to avoid wrong sky]]
[2022.03.20-14.00.48:974][  0]LogConfig: Setting CVar [[r.SkyAtmosphere.AerialPerspectiveLUT.SampleCountMaxPerSlice:4]]
[2022.03.20-14.00.48:974][  0]LogConfig: Setting CVar [[r.SkyAtmosphere.AerialPerspectiveLUT.DepthResolution:16.0]]
[2022.03.20-14.00.48:974][  0]LogConfig: Setting CVar [[r.SkyAtmosphere.FastSkyLUT:1]]
[2022.03.20-14.00.48:974][  0]LogConfig: Setting CVar [[r.SkyAtmosphere.FastSkyLUT.SampleCountMin:4.0]]
[2022.03.20-14.00.48:974][  0]LogConfig: Setting CVar [[r.SkyAtmosphere.FastSkyLUT.SampleCountMax:128.0]]
[2022.03.20-14.00.48:974][  0]LogConfig: Setting CVar [[r.SkyAtmosphere.SampleCountMin:4.0]]
[2022.03.20-14.00.48:974][  0]LogConfig: Setting CVar [[r.SkyAtmosphere.SampleCountMax:128.0]]
[2022.03.20-14.00.48:974][  0]LogConfig: Setting CVar [[r.SkyAtmosphere.TransmittanceLUT.UseSmallFormat:0]]
[2022.03.20-14.00.48:974][  0]LogConfig: Setting CVar [[r.SkyAtmosphere.TransmittanceLUT.SampleCount:10.0]]
[2022.03.20-14.00.48:974][  0]LogConfig: Setting CVar [[r.SkyAtmosphere.MultiScatteringLUT.SampleCount:15.0]]
[2022.03.20-14.00.48:974][  0]LogConfig: Setting CVar [[r.SkyLight.RealTimeReflectionCapture:1]]
[2022.03.20-14.00.48:974][  0]LogConfig: Setting CVar [[fx.Niagara.QualityLevel:3]]
[2022.03.20-14.00.48:974][  0]LogConfig: Applying CVar settings from Section [FoliageQuality@3] File [C:/Users/maxim/Desktop/The Omnipresence/The-Omnipresence/The_Omnipresence/Saved/Config/Windows/Scalability.ini]
[2022.03.20-14.00.48:974][  0]LogConfig: Setting CVar [[foliage.DensityScale:1.0]]
[2022.03.20-14.00.48:974][  0]LogConfig: Setting CVar [[grass.DensityScale:1.0]]
[2022.03.20-14.00.48:974][  0]LogConfig: Applying CVar settings from Section [ShadingQuality@3] File [C:/Users/maxim/Desktop/The Omnipresence/The-Omnipresence/The_Omnipresence/Saved/Config/Windows/Scalability.ini]
[2022.03.20-14.00.48:974][  0]LogConfig: Setting CVar [[r.HairStrands.SkyLighting.IntegrationType:2]]
[2022.03.20-14.00.48:974][  0]LogConfig: Setting CVar [[r.HairStrands.SkyAO.SampleCount:4]]
[2022.03.20-14.00.48:974][  0]LogConfig: Setting CVar [[r.HairStrands.Visibility.MSAA.SamplePerPixel:4]]
[2022.03.20-14.00.48:974][  0]LogConfig: Setting CVar [[r.HairStrands.Interpolation.UseSingleGuide:0]]
[2022.03.20-14.00.48:974][  0]LogConfig: Applying CVar settings from Section [Startup] File [../../../Engine/Config/ConsoleVariables.ini]
[2022.03.20-14.00.48:974][  0]LogConfig: Setting CVar [[net.UseAdaptiveNetUpdateFrequency:0]]
[2022.03.20-14.00.48:974][  0]LogConfig: Setting CVar [[p.chaos.AllowCreatePhysxBodies:1]]
[2022.03.20-14.00.48:974][  0]LogConfig: Setting CVar [[fx.SkipVectorVMBackendOptimizations:1]]
[2022.03.20-14.00.48:974][  0]LogConfig: Applying CVar settings from Section [ConsoleVariables] File [C:/Users/maxim/Desktop/The Omnipresence/The-Omnipresence/The_Omnipresence/Saved/Config/Windows/Engine.ini]
[2022.03.20-14.00.48:974][  0]LogConfig: Applying CVar settings from Section [ConsoleVariables] File [C:/Users/maxim/Desktop/The Omnipresence/The-Omnipresence/The_Omnipresence/Saved/Config/Windows/Editor.ini]
[2022.03.20-14.00.48:975][  0]LogInit: Computer: DESKTOP-RROI739
[2022.03.20-14.00.48:975][  0]LogInit: User: maxim
[2022.03.20-14.00.48:975][  0]LogInit: CPU Page size=4096, Cores=4
[2022.03.20-14.00.48:975][  0]LogInit: High frequency timer resolution =10.000000 MHz
[2022.03.20-14.00.48:975][  0]LogMemory: Memory total: Physical=13.9GB (14GB approx)
[2022.03.20-14.00.48:975][  0]LogMemory: Platform Memory Stats for Windows
[2022.03.20-14.00.48:975][  0]LogMemory: Process Physical Memory: 147.21 MB used, 147.22 MB peak
[2022.03.20-14.00.48:975][  0]LogMemory: Process Virtual Memory: 115.11 MB used, 115.11 MB peak
[2022.03.20-14.00.48:975][  0]LogMemory: Physical Memory: 4651.96 MB used,  9632.26 MB free, 14284.23 MB total
[2022.03.20-14.00.48:975][  0]LogMemory: Virtual Memory: 134207568.00 MB used,  10159.88 MB free, 134217728.00 MB total
[2022.03.20-14.00.48:983][  0]LogWindows: WindowsPlatformFeatures enabled
[2022.03.20-14.00.49:015][  0]LogInit: Physics initialised using underlying interface: PhysX
[2022.03.20-14.00.49:016][  0]LogInit: Using OS detected language (fr-FR).
[2022.03.20-14.00.49:016][  0]LogInit: Using OS detected locale (fr-FR).
[2022.03.20-14.00.49:025][  0]LogTextLocalizationManager: No specific localization for 'fr-FR' exists, so the 'fr' localization will be used.
[2022.03.20-14.00.49:026][  0]LogTextLocalizationResource: LocRes '../../../Engine/Content/Localization/Editor/fr/Editor.locres' could not be opened for reading!
[2022.03.20-14.00.49:026][  0]LogTextLocalizationResource: LocRes '../../../Engine/Content/Localization/EditorTutorials/fr/EditorTutorials.locres' could not be opened for reading!
[2022.03.20-14.00.49:026][  0]LogTextLocalizationResource: LocRes '../../../Engine/Content/Localization/Keywords/fr/Keywords.locres' could not be opened for reading!
[2022.03.20-14.00.49:027][  0]LogTextLocalizationResource: LocRes '../../../Engine/Content/Localization/Category/fr/Category.locres' could not be opened for reading!
[2022.03.20-14.00.49:027][  0]LogTextLocalizationResource: LocRes '../../../Engine/Content/Localization/ToolTips/fr/ToolTips.locres' could not be opened for reading!
[2022.03.20-14.00.49:027][  0]LogTextLocalizationResource: LocRes '../../../Engine/Content/Localization/PropertyNames/fr/PropertyNames.locres' could not be opened for reading!
[2022.03.20-14.00.49:027][  0]LogTextLocalizationResource: LocRes '../../../Engine/Content/Localization/Engine/fr/Engine.locres' could not be opened for reading!
[2022.03.20-14.00.49:029][  0]LogInit: Setting process to per monitor DPI aware
[2022.03.20-14.00.49:041][  0]LogWindowsTextInputMethodSystem: Display: IME system deactivated.
[2022.03.20-14.00.49:053][  0]LogSlate: New Slate User Created.  User Index 0, Is Virtual User: 0
[2022.03.20-14.00.49:053][  0]LogSlate: Slate User Registered.  User Index 0, Is Virtual User: 0
[2022.03.20-14.00.49:256][  0]LogD3D11RHI: Loaded GFSDK_Aftermath_Lib.x64.dll
[2022.03.20-14.00.49:260][  0]LogHMD: Failed to initialize OpenVR with code 110
[2022.03.20-14.00.49:260][  0]LogD3D11RHI: D3D11 min allowed feature level: 11_0
[2022.03.20-14.00.49:260][  0]LogD3D11RHI: D3D11 max allowed feature level: 11_0
[2022.03.20-14.00.49:260][  0]LogD3D11RHI: D3D11 adapters:
[2022.03.20-14.00.49:371][  0]LogD3D11RHI:    0. 'AMD Radeon(TM) RX Vega 11 Graphics' (Feature Level 11_0)
[2022.03.20-14.00.49:371][  0]LogD3D11RHI:       2032/0/7142 MB DedicatedVideo/DedicatedSystem/SharedSystem, Outputs:1, VendorId:0x1002
[2022.03.20-14.00.49:373][  0]LogD3D11RHI:    1. 'Microsoft Basic Render Driver' (Feature Level 11_0)
[2022.03.20-14.00.49:373][  0]LogD3D11RHI:       0/0/7142 MB DedicatedVideo/DedicatedSystem/SharedSystem, Outputs:0, VendorId:0x1414
[2022.03.20-14.00.49:373][  0]LogD3D11RHI: Chosen D3D11 Adapter:
[2022.03.20-14.00.49:373][  0]LogD3D11RHI:     Description : AMD Radeon(TM) RX Vega 11 Graphics
[2022.03.20-14.00.49:373][  0]LogD3D11RHI:     VendorId    : 1002
[2022.03.20-14.00.49:373][  0]LogD3D11RHI:     DeviceId    : 15d8
[2022.03.20-14.00.49:373][  0]LogD3D11RHI:     SubSysId    : 7c021462
[2022.03.20-14.00.49:373][  0]LogD3D11RHI:     Revision    : 00c8
[2022.03.20-14.00.49:373][  0]LogD3D11RHI:     DedicatedVideoMemory : 2131714048 bytes
[2022.03.20-14.00.49:373][  0]LogD3D11RHI:     DedicatedSystemMemory : 0 bytes
[2022.03.20-14.00.49:373][  0]LogD3D11RHI:     SharedSystemMemory : 7489048576 bytes
[2022.03.20-14.00.49:373][  0]LogD3D11RHI:     AdapterLuid : 0 6689504
[2022.03.20-14.00.49:379][  0]LogD3D11RHI: Creating new Direct3DDevice
[2022.03.20-14.00.49:379][  0]LogD3D11RHI:     GPU DeviceId: 0x15d8 (for the marketing name, search the web for "GPU Device Id")
[2022.03.20-14.00.49:379][  0]LogWindows: EnumDisplayDevices:
[2022.03.20-14.00.49:379][  0]LogWindows:    0. 'AMD 15D8:C8' (P:1 D:1)
[2022.03.20-14.00.49:380][  0]LogWindows:    1. 'AMD 15D8:C8' (P:0 D:0)
[2022.03.20-14.00.49:380][  0]LogWindows:    2. 'AMD 15D8:C8' (P:0 D:0)
[2022.03.20-14.00.49:381][  0]LogWindows:    3. 'AMD 15D8:C8' (P:0 D:0)
[2022.03.20-14.00.49:381][  0]LogWindows:    4. 'AMD 15D8:C8' (P:0 D:0)
[2022.03.20-14.00.49:381][  0]LogWindows: DebugString: PrimaryIsNotTheChoosenAdapter PrimaryIsNotTheChoosenAdapter PrimaryIsNotTheChoosenAdapter PrimaryIsNotTheChoosenAdapter PrimaryIsNotTheChoosenAdapter FoundDriverCount:0 
[2022.03.20-14.00.49:381][  0]LogD3D11RHI:     Adapter Name: AMD Radeon(TM) RX Vega 11 Graphics
[2022.03.20-14.00.49:381][  0]LogD3D11RHI:   Driver Version: Unknown (internal:Unknown, unified:Unknown)
[2022.03.20-14.00.49:381][  0]LogD3D11RHI:      Driver Date: Unknown
[2022.03.20-14.00.49:381][  0]LogRHI: Texture pool is 5922 MB (70% of 8460 MB)
[2022.03.20-14.00.49:401][  0]LogD3D11RHI: Creating D3DDevice with AMD AGS, using adapter:
[2022.03.20-14.00.49:401][  0]LogD3D11RHI:     Description : AMD Radeon(TM) RX Vega 11 Graphics
[2022.03.20-14.00.49:401][  0]LogD3D11RHI:     VendorId    : 1002
[2022.03.20-14.00.49:401][  0]LogD3D11RHI:     DeviceId    : 15d8
[2022.03.20-14.00.49:401][  0]LogD3D11RHI:     SubSysId    : 7c021462
[2022.03.20-14.00.49:401][  0]LogD3D11RHI:     Revision    : 00c8
[2022.03.20-14.00.49:401][  0]LogD3D11RHI:     DedicatedVideoMemory : 2131714048 bytes
[2022.03.20-14.00.49:401][  0]LogD3D11RHI:     DedicatedSystemMemory : 0 bytes
[2022.03.20-14.00.49:401][  0]LogD3D11RHI:     SharedSystemMemory : 7489048576 bytes
[2022.03.20-14.00.49:401][  0]LogD3D11RHI:     AdapterLuid : 0 6689504
[2022.03.20-14.00.49:479][  0]LogD3D11RHI: Created device via AGS, feature level 11_0, supported extensions 1fffffbf.
[2022.03.20-14.00.49:479][  0]LogD3D11RHI: RHI has support for 64 bit atomics
[2022.03.20-14.00.49:479][  0]LogD3D11RHI: Async texture creation enabled
[2022.03.20-14.00.49:479][  0]LogD3D11RHI: Array index from any shader is supported
[2022.03.20-14.00.49:506][  0]LogD3D11RHI: GPU Timing Frequency: 25.000000 (Debug: 2 1)
[2022.03.20-14.00.49:869][  0]LogTargetPlatformManager: Display: Loaded TargetPlatform 'AllDesktop'
[2022.03.20-14.00.49:897][  0]LogTargetPlatformManager: Display: Loaded TargetPlatform 'Android'
[2022.03.20-14.00.49:897][  0]LogTargetPlatformManager: Display: Loaded TargetPlatform 'Android_ASTC'
[2022.03.20-14.00.49:897][  0]LogTargetPlatformManager: Display: Loaded TargetPlatform 'Android_DXT'
[2022.03.20-14.00.49:897][  0]LogTargetPlatformManager: Display: Loaded TargetPlatform 'Android_ETC2'
[2022.03.20-14.00.49:897][  0]LogTargetPlatformManager: Display: Loaded TargetPlatform 'AndroidClient'
[2022.03.20-14.00.49:897][  0]LogTargetPlatformManager: Display: Loaded TargetPlatform 'Android_ASTCClient'
[2022.03.20-14.00.49:897][  0]LogTargetPlatformManager: Display: Loaded TargetPlatform 'Android_DXTClient'
[2022.03.20-14.00.49:897][  0]LogTargetPlatformManager: Display: Loaded TargetPlatform 'Android_ETC2Client'
[2022.03.20-14.00.49:897][  0]LogTargetPlatformManager: Display: Loaded TargetPlatform 'Android_Multi'
[2022.03.20-14.00.49:897][  0]LogTargetPlatformManager: Display: Loaded TargetPlatform 'Android_MultiClient'
[2022.03.20-14.00.49:920][  0]LogTargetPlatformManager: Display: Loaded TargetPlatform 'IOSClient'
[2022.03.20-14.00.49:920][  0]LogTargetPlatformManager: Display: Loaded TargetPlatform 'IOS'
[2022.03.20-14.00.49:933][  0]LogTargetPlatformManager: Display: Loaded TargetPlatform 'Linux'
[2022.03.20-14.00.49:939][  0]LogTargetPlatformManager: Display: Loaded TargetPlatform 'LinuxNoEditor'
[2022.03.20-14.00.49:945][  0]LogTargetPlatformManager: Display: Loaded TargetPlatform 'LinuxClient'
[2022.03.20-14.00.49:950][  0]LogTargetPlatformManager: Display: Loaded TargetPlatform 'LinuxServer'
[2022.03.20-14.00.49:963][  0]LogTargetPlatformManager: Display: Loaded TargetPlatform 'LinuxAArch64NoEditor'
[2022.03.20-14.00.49:969][  0]LogTargetPlatformManager: Display: Loaded TargetPlatform 'LinuxAArch64Client'
[2022.03.20-14.00.49:975][  0]LogTargetPlatformManager: Display: Loaded TargetPlatform 'LinuxAArch64Server'
[2022.03.20-14.00.50:006][  0]LogTargetPlatformManager: Display: Loaded TargetPlatform 'Lumin'
[2022.03.20-14.00.50:006][  0]LogTargetPlatformManager: Display: Loaded TargetPlatform 'LuminClient'
[2022.03.20-14.00.50:018][  0]LogTargetPlatformManager: Display: Loaded TargetPlatform 'MacNoEditor'
[2022.03.20-14.00.50:023][  0]LogTargetPlatformManager: Display: Loaded TargetPlatform 'Mac'
[2022.03.20-14.00.50:029][  0]LogTargetPlatformManager: Display: Loaded TargetPlatform 'MacClient'
[2022.03.20-14.00.50:034][  0]LogTargetPlatformManager: Display: Loaded TargetPlatform 'MacServer'
[2022.03.20-14.00.50:047][  0]LogTargetPlatformManager: Display: Loaded TargetPlatform 'TVOSClient'
[2022.03.20-14.00.50:047][  0]LogTargetPlatformManager: Display: Loaded TargetPlatform 'TVOS'
[2022.03.20-14.00.50:059][  0]LogTargetPlatformManager: Display: Loaded TargetPlatform 'WindowsNoEditor'
[2022.03.20-14.00.50:065][  0]LogTargetPlatformManager: Display: Loaded TargetPlatform 'Windows'
[2022.03.20-14.00.50:071][  0]LogTargetPlatformManager: Display: Loaded TargetPlatform 'WindowsClient'
[2022.03.20-14.00.50:077][  0]LogTargetPlatformManager: Display: Loaded TargetPlatform 'WindowsServer'
[2022.03.20-14.00.50:077][  0]LogTargetPlatformManager: Display: Building Assets For Windows
[2022.03.20-14.00.50:086][  0]LogAudioDebug: Display: Lib vorbis DLL was dynamically loaded.
[2022.03.20-14.00.50:131][  0]LogTextureFormatOodle: Display: Oodle Texture 2.9.0 init RDO Off
[2022.03.20-14.00.50:167][  0]LogRendererCore: Ray tracing is disabled. Reason: r.RayTracing=0.
[2022.03.20-14.00.50:167][  0]LogShaderCompilers: Guid format shader working directory is -36 characters bigger than the processId version (../../../../Users/maxim/Desktop/The Omnipresence/The-Omnipresence/The_Omnipresence/Intermediate/Shaders/WorkingDirectory/5448/).
[2022.03.20-14.00.50:167][  0]LogShaderCompilers: Cleaned the shader compiler working directory 'C:/Users/maxim/AppData/Local/Temp/UnrealShaderWorkingDir/9CA36C7A4E3DD0E769F152B849C03DD1/'.
[2022.03.20-14.00.50:168][  0]LogXGEController: Cannot use XGE Controller as Incredibuild is not installed on this machine.
[2022.03.20-14.00.50:168][  0]LogShaderCompilers: Cannot use XGE Shader Compiler as Incredibuild is not installed on this machine.
[2022.03.20-14.00.50:168][  0]LogShaderCompilers: Display: Using Local Shader Compiler.
[2022.03.20-14.00.51:130][  0]LogDerivedDataCache: Display: Max Cache Size: 512 MB
[2022.03.20-14.00.51:191][  0]LogDerivedDataCache: Loaded boot cache 0.06s 112MB C:/Users/maxim/AppData/Local/UnrealEngine/4.27/DerivedDataCache/Boot.ddc.
[2022.03.20-14.00.51:191][  0]LogDerivedDataCache: Display: Loaded Boot cache: C:/Users/maxim/AppData/Local/UnrealEngine/4.27/DerivedDataCache/Boot.ddc
[2022.03.20-14.00.51:191][  0]LogDerivedDataCache: FDerivedDataBackendGraph:  Pak pak cache file ../../../../Users/maxim/Desktop/The Omnipresence/The-Omnipresence/The_Omnipresence/DerivedDataCache/DDC.ddp not found, will not use a pak cache.
[2022.03.20-14.00.51:191][  0]LogDerivedDataCache: Unable to find inner node Pak for hierarchical cache Hierarchy.
[2022.03.20-14.00.51:191][  0]LogDerivedDataCache: FDerivedDataBackendGraph:  CompressedPak pak cache file ../../../../Users/maxim/Desktop/The Omnipresence/The-Omnipresence/The_Omnipresence/DerivedDataCache/Compressed.ddp not found, will not use a pak cache.
[2022.03.20-14.00.51:192][  0]LogDerivedDataCache: Unable to find inner node CompressedPak for hierarchical cache Hierarchy.
[2022.03.20-14.00.51:211][  0]LogDerivedDataCache: Display: Pak cache opened for reading ../../../Engine/DerivedDataCache/Compressed.ddp.
[2022.03.20-14.00.51:211][  0]LogDerivedDataCache: FDerivedDataBackendGraph:  EnterprisePak pak cache file ../../../Enterprise/DerivedDataCache/Compressed.ddp not found, will not use a pak cache.
[2022.03.20-14.00.51:211][  0]LogDerivedDataCache: Unable to find inner node EnterprisePak for hierarchical cache Hierarchy.
[2022.03.20-14.00.51:220][  0]LogDerivedDataCache: Speed tests for C:/Users/maxim/AppData/Local/UnrealEngine/Common/DerivedDataCache took 0.01 seconds
[2022.03.20-14.00.51:221][  0]LogDerivedDataCache: Display: Performance to C:/Users/maxim/AppData/Local/UnrealEngine/Common/DerivedDataCache: Latency=0.05ms. RandomReadSpeed=844.86MBs, RandomWriteSpeed=125.17MBs. Assigned SpeedClass 'Local'
[2022.03.20-14.00.51:221][  0]LogDerivedDataCache: Using Local data cache path C:/Users/maxim/AppData/Local/UnrealEngine/Common/DerivedDataCache: Writable
[2022.03.20-14.00.51:221][  0]LogDerivedDataCache: Shared data cache path not found in *engine.ini, will not use an Shared cache.
[2022.03.20-14.00.51:221][  0]LogDerivedDataCache: Unable to find inner node Shared for hierarchical cache Hierarchy.
[2022.03.20-14.00.51:292][  0]LogSlate: Using FreeType 2.10.0
[2022.03.20-14.00.51:293][  0]LogSlate: SlateFontServices - WITH_FREETYPE: 1, WITH_HARFBUZZ: 1
[2022.03.20-14.00.51:316][  0]LogAssetRegistry: FAssetRegistry took 0.0034 seconds to start up
[2022.03.20-14.00.51:628][  0]LogInit: Selected Device Profile: [Windows]
[2022.03.20-14.00.51:628][  0]LogInit: Active device profile: [000001721E606000][000001721C96D180 49] Windows
[2022.03.20-14.00.51:628][  0]LogInit: Profiles: [000001721E606000][000001721C96D180 49] Windows, [000001721E5BC800][000001721C975300 49] WindowsNoEditor, [000001721E606400][000001721C979480 49] WindowsServer, [000001721E5BE300][000001721C97D600 49] WindowsClient, [000001721E606800][000001721C981780 49] IOS, [000001721E5BE600][000001721C985900 49] iPadAir, [000001721E606B00][000001721C989A80 49] iPadAir2, [000001721E556300][000001721F1801C0 49] IPadPro, [000001721E556400][000001721C98C200 49] iPadAir3, [000001721E605700][000001721F184380 49] iPadAir4, [000001721E556200][000001721F188500 49] iPadMini2, [000001721E607C00][000001721F18C680 49] iPadMini3, [000001721E554D00][000001721C9707C0 49] iPadMini4, [000001721E604800][000001721F190900 49] iPadMini5, [000001721E59D900][000001721F198B40 49] iPhone6, [000001721E59DA00][000001721F194B80 49] iPodTouch6, [000001721E5BF300][000001721F1A4E40 49] iPhone7, [000001721E5BF400][000001721F1A0E80 49] iPodTouch7, [000001721E59F700][000001721F1A9000 49] iPhone5S, [000001721E5BCF00][000001721F1AD180 49] iPhone6Plus, [000001721E59CB00][000001721D9A1300 49] iPhone6S, [000001721E5BDA00][000001721D9A5480 49] iPhone6SPlus, [000001721E59EC00][000001721D9A9600 49] iPhone7Plus, [000001721E5BE100][000001721D9AD780 49] iPhoneSE, [000001721E59CE00][000001721D9B1900 49] iPhone8, [000001721E5BD800][000001721D9B5A80 49] iPhone8Plus, [000001721E59DF00][000001721D9B9C00 49] iPhoneX, [000001721E5BDC00][000001721D9BC200 49] iPhoneXS, [000001721E59FE00][000001721D9C0380 49] iPhoneXSMax, [000001721E5BEF00][000001721D9C4500 49] iPhoneXR, [000001721E59C400][000001721D9C8680 49] iPhone11, [000001721E5BC400][000001721D9CC800 49] iPhone11Pro, [000001721E59FC00][000001721D9D0980 49] iPhone11ProMax, [000001721E5BE400][000001721F19CAC0 49] iPhoneSE2, [000001721E59E800][000001721D9D4C00 49] iPhone12Mini, [000001721E5BDF00][000001721D9D8D40 49] iPhone12, [000001721E59EE00][000001721D9E0EC0 49] iPhone12Pro, [000001721E5BCB00][000001721D9E5040 49] iPhone12ProMax, [000001721E59C100][000001721D9E91C0 49] iPadPro105, [000001721E5BD200][000001721D9ED340 49] iPadPro129, [000001721E644E00][000001721D9F14C0 49] iPadPro97, [000001721E556C00][000001721D9F5640 49] iPadPro2_129, [000001721E5BF700][000001721D9F97C0 49] iPad5, [000001721E555A00][000001721D9FD940 49] iPad6, [000001721E5BC600][000001721DA01AC0 49] iPad7, [000001721E557000][000001721DA040C0 49] iPad8, [000001721E5BF600][000001721DA08240 49] iPadPro11, [000001721E557400][000001721DD2C3C0 49] iPadPro2_11, [000001721E59FB00][000001721DD30540 49] iPadPro3_129, [000001721E554B00][000001721DD346C0 49] iPadPro4_129, [000001721E59CF00][000001721DD38840 49] AppleTV, [000001721E555C00][000001721DD3C9C0 49] AppleTV4K, [000001721E59F800][000001721DD40B40 49] TVOS, [000001721E557D00][000001721D9DCC80 49] Mac, [000001721E59F600][000001721DD44DC0 49] MacClient, [000001721E554A00][000001721DD48F00 49] MacNoEditor, [000001721E59E500][000001721DD4D040 49] MacServer, [000001721E555600][000001721DD551C0 49] Linux, [000001721E59DB00][000001721DD59340 49] LinuxAArch64, [000001721E557200][000001721DD5D4C0 49] LinuxNoEditor, [000001721E59D800][000001721DD61640 49] LinuxAArch64NoEditor, [000001721E554600][000001721DD657C0 49] LinuxClient, [000001721E59C900][000001721DD69940 49] LinuxAArch64Client, [000001721E557C00][000001721DD6DAC0 49] LinuxServer, [000001721E59CD00][000001721DD700C0 49] LinuxAArch64Server, [000001721E556A00][000001721DD74240 49] Android, [000001721E59E900][000001721DD783C0 49] Android_Low, [000001721E555000][000001721DD7C540 49] Android_Mid, [000001721E59D000][000001721DD806C0 49] Android_High, [000001721E555400][000001721DD84840 49] Android_Default, [000001721E59ED00][000001721DD889C0 49] Android_Adreno4xx, [000001721E555100][000001721DD8CB40 49] Android_Adreno5xx_Low, [000001721E59E100][000001721DD90CC0 49] Android_Adreno5xx, [000001721E555800][000001721DD50E00 49] Android_Adreno6xx, [000001721E59F300][000001721DD94F40 49] Android_Adreno6xx_Vulkan, [000001721E556D00][000001721DD99080 49] Android_Mali_T6xx, [000001721E59CC00][000001721DD9D1C0 49] Android_Mali_T7xx, [000001721E556500][000001721A98D340 49] Android_Mali_T8xx, [000001721E59C800][000001721A9914C0 49] Android_Mali_G71, [000001721E556900][000001721A995640 49] Android_Mali_G72, [000001721E59D600][000001721A9997C0 49] Android_Mali_G72_Vulkan, [000001721E554E00][000001721A9A1940 49] Android_Mali_G76, [000001721E59C300][000001721A9A5AC0 49] Android_Mali_G76_Vulkan, [000001721E556F00][000001721A9CE0C0 49] Android_Mali_G77, [000001721E59F200][000001721A9E2240 49] Android_Mali_G77_Vulkan, [000001721E554200][000001721A9F63C0 49] Android_Mali_G78, [000001721E59C700][000001721AA04540 49] Android_Mali_G78_Vulkan, [000001721E557E00][000001721A8DA6C0 49] Android_Mali_G710, [000001721E59D200][000001721A92E840 49] Android_Mali_G710_Vulkan, [000001721E557600][000001721A9529C0 49] Android_Vulkan_SM5, [000001721E59F100][000001721A956B40 49] Android_PowerVR_G6xxx, [000001721E556E00][000001721A95ACC0 49] Android_PowerVR_GT7xxx, [000001721E59FF00][000001721AB90E40 49] Android_PowerVR_GE8xxx, [000001721E554F00][000001721A95EFC0 49] Android_PowerVR_GM9xxx, [000001721E5BF500][000001721A989100 49] Android_PowerVR_GM9xxx_Vulkan, [000001721E607100][000001721A963240 49] Android_TegraK1, [000001721E5BCD00][000001721DAB3380 49] Android_Unknown_Vulkan, [000001721E605F00][000001721C6B1500 49] Lumin, [000001721E5BEA00][000001721DCA5680 49] Lumin_Desktop, [000001721E604300][000001721DCF7800 49] HoloLens, 
[2022.03.20-14.00.51:775][  0]LogMeshReduction: Using QuadricMeshReduction for automatic static mesh reduction
[2022.03.20-14.00.51:775][  0]LogMeshReduction: Using SimplygonMeshReduction for automatic skeletal mesh reduction
[2022.03.20-14.00.51:775][  0]LogMeshReduction: Using ProxyLODMeshReduction for automatic mesh merging
[2022.03.20-14.00.51:775][  0]LogMeshReduction: No distributed automatic mesh merging module available
[2022.03.20-14.00.51:775][  0]LogMeshMerging: No distributed automatic mesh merging module available
[2022.03.20-14.00.51:794][  0]LogNetVersion: The_Omnipresence 1.0.0, NetCL: 17155196, EngineNetVer: 17, GameNetVer: 0 (Checksum: 2690221447)
[2022.03.20-14.00.52:228][  0]LogTexture: Default maximum texture size for cubemaps generated from long-lat sources has been changed from 512 to unlimited. In order to preserve old behaiour for '/Engine/MapTemplates/Sky/DaylightAmbientCubemap.DaylightAmbientCubemap', its maximum texture size has been explicitly set to 512.
[2022.03.20-14.00.52:331][  0]LogHMD: PokeAHoleMaterial loaded successfully
[2022.03.20-14.00.52:340][  0]LogUObjectArray: 18050 objects as part of root set at end of initial load.
[2022.03.20-14.00.52:340][  0]LogUObjectAllocator: 4611168 out of 0 bytes used by permanent object pool.
[2022.03.20-14.00.52:340][  0]LogUObjectArray: CloseDisregardForGC: 0/0 objects in disregard for GC pool
[2022.03.20-14.00.52:682][  0]LogNiagaraDebuggerClient: Niagara Debugger Client Initialized | Session: 06B3FC0B424EEB23916A9DA6BE087BBE | Instance: 0B9F111C4A2B1873D98ACAB87BD49134 (DESKTOP-RROI739-5448).
[2022.03.20-14.00.52:878][  0]LogPython: Using Python 3.7.7
[2022.03.20-14.00.53:537][  0]LogTcpMessaging: Initializing TcpMessaging bridge
[2022.03.20-14.00.53:542][  0]LogUdpMessaging: Initializing bridge on interface 0.0.0.0:0 to multicast group 230.0.0.1:6666.
[2022.03.20-14.00.53:606][  0]LogLinker: Warning: Failed to load '/Game/FirstPersonCPP/Blueprints/FirstPersonCharacter': Can't find file.
[2022.03.20-14.00.53:606][  0]LogLinker: Warning: Failed to load '/Game/FirstPersonCPP/Blueprints/FirstPersonCharacter': Can't find file.
[2022.03.20-14.00.53:606][  0]LogUObjectGlobals: Warning: Failed to find object 'Class /Game/FirstPersonCPP/Blueprints/FirstPersonCharacter.FirstPersonCharacter_C'
[2022.03.20-14.00.53:606][  0]Error: CDO Constructor (The_OmnipresenceGameMode): Failed to find /Game/FirstPersonCPP/Blueprints/FirstPersonCharacter.FirstPersonCharacter_C

[2022.03.20-14.00.53:614][  0]LogUObjectBase: Warning: -------------- Default Property warnings and errors:
[2022.03.20-14.00.53:614][  0]LogUObjectBase: Warning: Error: CDO Constructor (The_OmnipresenceGameMode): Failed to find /Game/FirstPersonCPP/Blueprints/FirstPersonCharacter.FirstPersonCharacter_C

[2022.03.20-14.00.54:763][  0]Message dialog closed, result: Ok, title: Message, text: Default Property warnings and errors:
Error: CDO Constructor (The_OmnipresenceGameMode): Failed to find /Game/FirstPersonCPP/Blueprints/FirstPersonCharacter.FirstPersonCharacter_C


[2022.03.20-14.00.55:069][  0]SourceControl: Source control is disabled
[2022.03.20-14.00.55:610][  0]LogUProjectInfo: Found projects:
[2022.03.20-14.00.55:947][  0]LogOpenImageDenoise: OIDN starting up
[2022.03.20-14.00.55:991][  0]LogAndroidPermission: UAndroidPermissionCallbackProxy::GetInstance
[2022.03.20-14.00.56:021][  0]LogAudioCaptureCore: Display: No Audio Capture implementations found. Audio input will be silent.
[2022.03.20-14.00.56:021][  0]LogAudioCaptureCore: Display: No Audio Capture implementations found. Audio input will be silent.
[2022.03.20-14.00.56:185][  0]LogCollectionManager: Loaded 0 collections in 0.002052 seconds
[2022.03.20-14.00.56:218][  0]LogFileCache: Scanning file cache for directory 'C:/Users/maxim/Desktop/The Omnipresence/The-Omnipresence/The_Omnipresence/Saved/Collections/' took 0.00s
[2022.03.20-14.00.56:218][  0]LogFileCache: Scanning file cache for directory 'C:/Users/maxim/Desktop/The Omnipresence/The-Omnipresence/The_Omnipresence/Content/Developers/maxim/Collections/' took 0.00s
[2022.03.20-14.00.56:219][  0]LogFileCache: Scanning file cache for directory 'C:/Users/maxim/Desktop/The Omnipresence/The-Omnipresence/The_Omnipresence/Content/Collections/' took 0.00s
[2022.03.20-14.00.56:219][  0]LogOcInput: OculusInput pre-init called
[2022.03.20-14.00.56:457][  0]LogClass: Warning: ObjectProperty FInputContainerEnhancedActionData::Action is not initialized properly. Module:UINavigation File:Public/Data/InputContainerEnhancedActionData.h
[2022.03.20-14.00.56:457][  0]LogClass: Display: IntProperty FPhysicsConvexData::NumVertices is not initialized properly. Module:MeshModelingTools File:Public/Physics/CollisionPropertySets.h
[2022.03.20-14.00.56:458][  0]LogClass: Display: IntProperty FPhysicsConvexData::NumFaces is not initialized properly. Module:MeshModelingTools File:Public/Physics/CollisionPropertySets.h
[2022.03.20-14.00.56:458][  0]LogClass: Display: FloatProperty FPhysicsCapsuleData::Radius is not initialized properly. Module:MeshModelingTools File:Public/Physics/CollisionPropertySets.h
[2022.03.20-14.00.56:458][  0]LogClass: Display: FloatProperty FPhysicsCapsuleData::Length is not initialized properly. Module:MeshModelingTools File:Public/Physics/CollisionPropertySets.h
[2022.03.20-14.00.56:458][  0]LogClass: Display: StructProperty FPhysicsBoxData::Dimensions is not initialized properly. Module:MeshModelingTools File:Public/Physics/CollisionPropertySets.h
[2022.03.20-14.00.56:458][  0]LogClass: Display: FloatProperty FPhysicsSphereData::Radius is not initialized properly. Module:MeshModelingTools File:Public/Physics/CollisionPropertySets.h
[2022.03.20-14.00.56:458][  0]LogClass: Display: EnumProperty FLODLevelGenerateSettings::TargetMode is not initialized properly. Module:MeshModelingToolsEditorOnly File:Public/GenerateLODMeshesTool.h
[2022.03.20-14.00.56:458][  0]LogClass: Display: IntProperty FLODLevelGenerateSettings::TargetPercentage is not initialized properly. Module:MeshModelingToolsEditorOnly File:Public/GenerateLODMeshesTool.h
[2022.03.20-14.00.56:458][  0]LogClass: Display: IntProperty FLODLevelGenerateSettings::TargetCount is not initialized properly. Module:MeshModelingToolsEditorOnly File:Public/GenerateLODMeshesTool.h
[2022.03.20-14.00.56:458][  0]LogClass: Display: 10 Uninitialized script struct members found including 1 object properties
[2022.03.20-14.00.56:458][  0]LogAutomationTest: Warning: ObjectProperty FInputContainerEnhancedActionData::Action is not initialized properly. Module:UINavigation File:Public/Data/InputContainerEnhancedActionData.h
[2022.03.20-14.00.56:459][  0]LogEngine: Initializing Engine...
[2022.03.20-14.00.56:470][  0]LogHMD: Failed to enumerate extensions. Please check that you have a valid OpenXR runtime installed.
[2022.03.20-14.00.56:470][  0]LogHMD: Failed to initialize OpenVR with code 110
[2022.03.20-14.00.56:470][  0]LogMagicLeap: Warning: VR disabled because ZI is not enabled.  To enable, in the editor, Edit -> Project Settings -> Plugins -> Magic Leap Plugin -> Enable Zero Iteration
[2022.03.20-14.00.56:471][  0]LogStylusInput: Initializing StylusInput subsystem.
[2022.03.20-14.00.56:474][  0]LogStats: UGameplayTagsManager::InitializeManager -  0.000 s
[2022.03.20-14.00.56:605][  0]LogInit: Initializing FReadOnlyCVARCache
[2022.03.20-14.00.56:615][  0]LogAIModule: Creating AISystem for world Untitled
[2022.03.20-14.00.56:630][  0]LogAudio: Display: Initializing Audio Device Manager...
[2022.03.20-14.00.56:634][  0]LogAudio: Display: Loading Default Audio Settings Objects...
[2022.03.20-14.00.56:635][  0]LogAudio: Display: No default SoundConcurrencyObject specified (or failed to load).
[2022.03.20-14.00.56:635][  0]LogAudio: Display: Audio Device Manager Initialized
[2022.03.20-14.00.56:635][  0]LogAudio: Display: Creating Audio Device:                 Id: 1, Scope: Shared, Realtime: True
[2022.03.20-14.00.56:635][  0]LogAudioMixer: Display: Audio Mixer Platform Settings:
[2022.03.20-14.00.56:635][  0]LogAudioMixer: Display: 	Sample Rate:						  48000
[2022.03.20-14.00.56:635][  0]LogAudioMixer: Display: 	Callback Buffer Frame Size Requested: 1024
[2022.03.20-14.00.56:635][  0]LogAudioMixer: Display: 	Callback Buffer Frame Size To Use:	  1024
[2022.03.20-14.00.56:635][  0]LogAudioMixer: Display: 	Number of buffers to queue:			  2
[2022.03.20-14.00.56:635][  0]LogAudioMixer: Display: 	Max Channels (voices):				  32
[2022.03.20-14.00.56:635][  0]LogAudioMixer: Display: 	Number of Async Source Workers:		  0
[2022.03.20-14.00.56:636][  0]LogAudio: Display: AudioDevice MaxSources: 32
[2022.03.20-14.00.56:636][  0]LogAudio: Display: Audio Spatialization Plugin: None (built-in).
[2022.03.20-14.00.56:636][  0]LogAudio: Display: Audio Reverb Plugin: None (built-in).
[2022.03.20-14.00.56:636][  0]LogAudio: Display: Audio Occlusion Plugin: None (built-in).
[2022.03.20-14.00.56:636][  0]LogAudioMixer: Display: Initializing audio mixer.
[2022.03.20-14.00.56:649][  0]LogAudioMixer: Display: 0: FrontLeft
[2022.03.20-14.00.56:649][  0]LogAudioMixer: Display: 1: FrontRight
[2022.03.20-14.00.56:684][  0]LogAudioMixer: Display: Using Audio Device Haut-parleurs (High Definition Audio Device)
[2022.03.20-14.00.56:686][  0]LogAudioMixer: Display: Initializing Sound Submixes...
[2022.03.20-14.00.56:688][  0]LogAudioMixer: Display: Creating Master Submix 'MasterSubmixDefault'
[2022.03.20-14.00.56:688][  0]LogAudioMixer: Display: Creating Master Submix 'MasterReverbSubmixDefault'
[2022.03.20-14.00.56:689][  0]LogAudioMixer: Display: Creating Master Submix 'MasterEQSubmixDefault'
[2022.03.20-14.00.56:689][  0]LogAudioMixer: FMixerPlatformXAudio2::StartAudioStream() called
[2022.03.20-14.00.56:689][  0]LogAudioMixer: Display: Output buffers initialized: Frames=1024, Channels=2, Samples=2048
[2022.03.20-14.00.56:690][  0]LogAudioMixer: Display: Starting AudioMixerPlatformInterface::RunInternal()
[2022.03.20-14.00.56:690][  0]LogAudioMixer: Display: FMixerPlatformXAudio2::SubmitBuffer() called for the first time
[2022.03.20-14.00.56:690][  0]LogInit: FAudioDevice initialized.
[2022.03.20-14.00.56:691][  0]LogAudio: Display: Audio Device (ID: 1) registered with world 'Untitled'.
[2022.03.20-14.00.56:691][  0]LogNetVersion: Set ProjectVersion to 1.0.0.0. Version Checksum will be recalculated on next use.
[2022.03.20-14.00.56:791][  0]LogDerivedDataCache: Saved boot cache 0.10s 112MB C:/Users/maxim/AppData/Local/UnrealEngine/4.27/DerivedDataCache/Boot.ddc.
[2022.03.20-14.00.56:792][  0]LogInit: Texture streaming: Enabled
[2022.03.20-14.00.56:807][  0]LogAnalytics: Display: [UEEditor.Rocket.Release] APIServer = https://datarouter.ol.epicgames.com/. AppVersion = 4.27.2-18319896+++UE4+Release-4.27
[2022.03.20-14.00.56:812][  0]LogEngineSessionManager: EngineSessionManager initialized
[2022.03.20-14.00.56:812][  0]LogEditorSessionSummary: Verbose: Initializing EditorSessionSummaryWriter for editor session tracking
[2022.03.20-14.00.56:817][  0]LogEditorSessionSummary: EditorSessionSummaryWriter initialized
[2022.03.20-14.00.56:851][  0]LogInit: Transaction tracking system initialized
[2022.03.20-14.00.56:877][  0]BlueprintLog: New page: Editor Load
[2022.03.20-14.00.56:952][  0]LocalizationService: Localization service is disabled
[2022.03.20-14.00.56:982][  0]TimingProfiler: Initialize
[2022.03.20-14.00.56:982][  0]TimingProfiler: OnSessionChanged
[2022.03.20-14.00.56:982][  0]LoadingProfiler: Initialize
[2022.03.20-14.00.56:982][  0]LoadingProfiler: OnSessionChanged
[2022.03.20-14.00.56:982][  0]NetworkingProfiler: Initialize
[2022.03.20-14.00.56:982][  0]NetworkingProfiler: OnSessionChanged
[2022.03.20-14.00.56:982][  0]MemoryProfiler: Initialize
[2022.03.20-14.00.56:982][  0]MemoryProfiler: OnSessionChanged
[2022.03.20-14.00.57:201][  0]LogCook: Display: CookSettings for Memory: MemoryMaxUsedVirtual 0MiB, MemoryMaxUsedPhysical 16384MiB, MemoryMinFreeVirtual 0MiB, MemoryMinFreePhysical 1024MiB
[2022.03.20-14.00.57:202][  0]LogCook: Display: Mobile HDR setting 1
[2022.03.20-14.00.57:506][  0]LogFileCache: Scanning file cache for directory 'C:/Users/maxim/Desktop/The Omnipresence/The-Omnipresence/The_Omnipresence/Content/' took 0.01s
[2022.03.20-14.00.57:702][  0]LogInit: Display: Engine is initialized. Leaving FEngineLoop::Init()
[2022.03.20-14.00.57:708][  0]LogUnrealEdMisc: Loading editor; pre map load, took 10.387
[2022.03.20-14.00.57:708][  0]Cmd: MAP LOAD FILE="../../../../Users/maxim/Desktop/The Omnipresence/The-Omnipresence/The_Omnipresence/Content/Levels/LVL_Menu.umap" TEMPLATE=0 SHOWPROGRESS=1 FEATURELEVEL=3
[2022.03.20-14.00.57:709][  0]LightingResults: New page: Lighting Build
[2022.03.20-14.00.57:711][  0]LogWorld: UWorld::CleanupWorld for Untitled, bSessionEnded=true, bCleanupResources=true
[2022.03.20-14.00.57:711][  0]LogSlate: InvalidateAllWidgets triggered.  All widgets were invalidated
[2022.03.20-14.00.57:711][  0]MapCheck: New page: Map Check
[2022.03.20-14.00.57:711][  0]LightingResults: New page: Lighting Build
[2022.03.20-14.00.57:717][  0]LogAudio: Display: Audio Device unregistered from world 'None'.
[2022.03.20-14.00.57:721][  0]LogUObjectHash: Compacting FUObjectHashTables data took   1.38ms
[2022.03.20-14.00.57:840][  0]LogAudio: Display: Audio Device (ID: 1) registered with world 'LVL_Menu'.
[2022.03.20-14.00.57:841][  0]LogAIModule: Creating AISystem for world LVL_Menu
[2022.03.20-14.00.57:846][  0]LogEditorServer: Finished looking for orphan Actors (0.000 secs)
[2022.03.20-14.00.57:862][  0]LogUObjectHash: Compacting FUObjectHashTables data took   1.18ms
[2022.03.20-14.00.57:862][  0]Cmd: MAP CHECKDEP NOCLEARLOG
[2022.03.20-14.00.57:862][  0]MapCheck: Map check complete: 0 Error(s), 0 Warning(s), took 0,171ms to complete.
[2022.03.20-14.00.57:862][  0]LogFileHelpers: Loading map 'LVL_Menu' took 0.154
[2022.03.20-14.00.57:869][  0]LogUnrealEdMisc: Total Editor Startup Time, took 10.548
[2022.03.20-14.00.58:037][  0]LogSlate: Updating window title bar state: overlay mode, drag disabled, window buttons hidden, title bar hidden
[2022.03.20-14.00.58:046][  0]LogSlate: Updating window title bar state: overlay mode, drag disabled, window buttons hidden, title bar hidden
[2022.03.20-14.00.58:054][  0]LogSlate: Updating window title bar state: overlay mode, drag disabled, window buttons hidden, title bar hidden
[2022.03.20-14.00.58:062][  0]LogSlate: Updating window title bar state: overlay mode, drag disabled, window buttons hidden, title bar hidden
[2022.03.20-14.00.58:099][  0]LogNativeClassHierarchy: Verbose: Native class hierarchy populated in 0.0143 seconds. Added 4274 classes and 976 folders.
[2022.03.20-14.00.58:106][  0]LogNativeClassHierarchy: Verbose: Native class hierarchy updated for 'WidgetCarousel' in 0.0003 seconds. Added 0 classes and 0 folders.
[2022.03.20-14.00.58:113][  0]LogPakFile: PakFile PrimaryIndexSize=187
[2022.03.20-14.00.58:113][  0]LogPakFile: PakFile PathHashIndexSize=101
[2022.03.20-14.00.58:113][  0]LogPakFile: PakFile FullDirectoryIndexSize=148
[2022.03.20-14.00.58:113][  0]LogShaderLibrary: Display: ShaderCodeLibraryPakFileMountedCallback: PakFile 'C:/UE_4.27/FeaturePacks/FP_FirstPerson.upack' (chunk index -1, root 'root:/') mounted
[2022.03.20-14.00.58:113][  0]LogShaderLibrary: Display: ShaderCodeLibraryPakFileMountedCallback: pending pak file info (ChunkID:-1 Root:root:/ File:C:/UE_4.27/FeaturePacks/FP_FirstPerson.upack)
[2022.03.20-14.00.58:113][  0]LogPakFile: OnPakFileMounted2Time == 0.000314
[2022.03.20-14.00.58:116][  0]LogPakFile: PakFile PrimaryIndexSize=189
[2022.03.20-14.00.58:116][  0]LogPakFile: PakFile PathHashIndexSize=101
[2022.03.20-14.00.58:116][  0]LogPakFile: PakFile FullDirectoryIndexSize=152
[2022.03.20-14.00.58:117][  0]LogShaderLibrary: Display: ShaderCodeLibraryPakFileMountedCallback: PakFile 'C:/UE_4.27/FeaturePacks/FP_FirstPersonBP.upack' (chunk index -1, root 'root:/') mounted
[2022.03.20-14.00.58:117][  0]LogShaderLibrary: Display: ShaderCodeLibraryPakFileMountedCallback: pending pak file info (ChunkID:-1 Root:root:/ File:C:/UE_4.27/FeaturePacks/FP_FirstPersonBP.upack)
[2022.03.20-14.00.58:117][  0]LogPakFile: OnPakFileMounted2Time == 0.000056
[2022.03.20-14.00.58:118][  0]LogPakFile: PakFile PrimaryIndexSize=191
[2022.03.20-14.00.58:118][  0]LogPakFile: PakFile PathHashIndexSize=101
[2022.03.20-14.00.58:118][  0]LogPakFile: PakFile FullDirectoryIndexSize=160
[2022.03.20-14.00.58:119][  0]LogShaderLibrary: Display: ShaderCodeLibraryPakFileMountedCallback: PakFile 'C:/UE_4.27/FeaturePacks/MobileStarterContent.upack' (chunk index -1, root 'root:/') mounted
[2022.03.20-14.00.58:119][  0]LogShaderLibrary: Display: ShaderCodeLibraryPakFileMountedCallback: pending pak file info (ChunkID:-1 Root:root:/ File:C:/UE_4.27/FeaturePacks/MobileStarterContent.upack)
[2022.03.20-14.00.58:119][  0]LogPakFile: OnPakFileMounted2Time == 0.000053
[2022.03.20-14.00.58:120][  0]LogPakFile: PakFile PrimaryIndexSize=185
[2022.03.20-14.00.58:120][  0]LogPakFile: PakFile PathHashIndexSize=101
[2022.03.20-14.00.58:120][  0]LogPakFile: PakFile FullDirectoryIndexSize=148
[2022.03.20-14.00.58:120][  0]LogShaderLibrary: Display: ShaderCodeLibraryPakFileMountedCallback: PakFile 'C:/UE_4.27/FeaturePacks/StarterContent.upack' (chunk index -1, root 'root:/') mounted
[2022.03.20-14.00.58:120][  0]LogShaderLibrary: Display: ShaderCodeLibraryPakFileMountedCallback: pending pak file info (ChunkID:-1 Root:root:/ File:C:/UE_4.27/FeaturePacks/StarterContent.upack)
[2022.03.20-14.00.58:121][  0]LogPakFile: OnPakFileMounted2Time == 0.000059
[2022.03.20-14.00.58:123][  0]LogPakFile: PakFile PrimaryIndexSize=190
[2022.03.20-14.00.58:123][  0]LogPakFile: PakFile PathHashIndexSize=101
[2022.03.20-14.00.58:123][  0]LogPakFile: PakFile FullDirectoryIndexSize=154
[2022.03.20-14.00.58:123][  0]LogShaderLibrary: Display: ShaderCodeLibraryPakFileMountedCallback: PakFile 'C:/UE_4.27/FeaturePacks/TP_2DSideScroller.upack' (chunk index -1, root 'root:/') mounted
[2022.03.20-14.00.58:123][  0]LogShaderLibrary: Display: ShaderCodeLibraryPakFileMountedCallback: pending pak file info (ChunkID:-1 Root:root:/ File:C:/UE_4.27/FeaturePacks/TP_2DSideScroller.upack)
[2022.03.20-14.00.58:123][  0]LogPakFile: OnPakFileMounted2Time == 0.000054
[2022.03.20-14.00.58:125][  0]LogPakFile: PakFile PrimaryIndexSize=192
[2022.03.20-14.00.58:125][  0]LogPakFile: PakFile PathHashIndexSize=101
[2022.03.20-14.00.58:125][  0]LogPakFile: PakFile FullDirectoryIndexSize=158
[2022.03.20-14.00.58:125][  0]LogShaderLibrary: Display: ShaderCodeLibraryPakFileMountedCallback: PakFile 'C:/UE_4.27/FeaturePacks/TP_2DSideScrollerBP.upack' (chunk index -1, root 'root:/') mounted
[2022.03.20-14.00.58:125][  0]LogShaderLibrary: Display: ShaderCodeLibraryPakFileMountedCallback: pending pak file info (ChunkID:-1 Root:root:/ File:C:/UE_4.27/FeaturePacks/TP_2DSideScrollerBP.upack)
[2022.03.20-14.00.58:125][  0]LogPakFile: OnPakFileMounted2Time == 0.000055
[2022.03.20-14.00.58:127][  0]LogPakFile: PakFile PrimaryIndexSize=182
[2022.03.20-14.00.58:127][  0]LogPakFile: PakFile PathHashIndexSize=101
[2022.03.20-14.00.58:127][  0]LogPakFile: PakFile FullDirectoryIndexSize=138
[2022.03.20-14.00.58:127][  0]LogShaderLibrary: Display: ShaderCodeLibraryPakFileMountedCallback: PakFile 'C:/UE_4.27/FeaturePacks/TP_Flying.upack' (chunk index -1, root 'root:/') mounted
[2022.03.20-14.00.58:127][  0]LogShaderLibrary: Display: ShaderCodeLibraryPakFileMountedCallback: pending pak file info (ChunkID:-1 Root:root:/ File:C:/UE_4.27/FeaturePacks/TP_Flying.upack)
[2022.03.20-14.00.58:127][  0]LogPakFile: OnPakFileMounted2Time == 0.000051
[2022.03.20-14.00.58:129][  0]LogPakFile: PakFile PrimaryIndexSize=184
[2022.03.20-14.00.58:129][  0]LogPakFile: PakFile PathHashIndexSize=101
[2022.03.20-14.00.58:129][  0]LogPakFile: PakFile FullDirectoryIndexSize=142
[2022.03.20-14.00.58:129][  0]LogShaderLibrary: Display: ShaderCodeLibraryPakFileMountedCallback: PakFile 'C:/UE_4.27/FeaturePacks/TP_FlyingBP.upack' (chunk index -1, root 'root:/') mounted
[2022.03.20-14.00.58:129][  0]LogShaderLibrary: Display: ShaderCodeLibraryPakFileMountedCallback: pending pak file info (ChunkID:-1 Root:root:/ File:C:/UE_4.27/FeaturePacks/TP_FlyingBP.upack)
[2022.03.20-14.00.58:129][  0]LogPakFile: OnPakFileMounted2Time == 0.000054
[2022.03.20-14.00.58:131][  0]LogPakFile: PakFile PrimaryIndexSize=188
[2022.03.20-14.00.58:131][  0]LogPakFile: PakFile PathHashIndexSize=101
[2022.03.20-14.00.58:131][  0]LogPakFile: PakFile FullDirectoryIndexSize=150
[2022.03.20-14.00.58:131][  0]LogShaderLibrary: Display: ShaderCodeLibraryPakFileMountedCallback: PakFile 'C:/UE_4.27/FeaturePacks/TP_HandheldARBP.upack' (chunk index -1, root 'root:/') mounted
[2022.03.20-14.00.58:131][  0]LogShaderLibrary: Display: ShaderCodeLibraryPakFileMountedCallback: pending pak file info (ChunkID:-1 Root:root:/ File:C:/UE_4.27/FeaturePacks/TP_HandheldARBP.upack)
[2022.03.20-14.00.58:131][  0]LogPakFile: OnPakFileMounted2Time == 0.000053
[2022.03.20-14.00.58:135][  0]LogPakFile: PakFile PrimaryIndexSize=182
[2022.03.20-14.00.58:135][  0]LogPakFile: PakFile PathHashIndexSize=101
[2022.03.20-14.00.58:135][  0]LogPakFile: PakFile FullDirectoryIndexSize=138
[2022.03.20-14.00.58:136][  0]LogShaderLibrary: Display: ShaderCodeLibraryPakFileMountedCallback: PakFile 'C:/UE_4.27/FeaturePacks/TP_Puzzle.upack' (chunk index -1, root 'root:/') mounted
[2022.03.20-14.00.58:136][  0]LogShaderLibrary: Display: ShaderCodeLibraryPakFileMountedCallback: pending pak file info (ChunkID:-1 Root:root:/ File:C:/UE_4.27/FeaturePacks/TP_Puzzle.upack)
[2022.03.20-14.00.58:136][  0]LogPakFile: OnPakFileMounted2Time == 0.000083
[2022.03.20-14.00.58:138][  0]LogPakFile: PakFile PrimaryIndexSize=184
[2022.03.20-14.00.58:138][  0]LogPakFile: PakFile PathHashIndexSize=101
[2022.03.20-14.00.58:138][  0]LogPakFile: PakFile FullDirectoryIndexSize=142
[2022.03.20-14.00.58:138][  0]LogShaderLibrary: Display: ShaderCodeLibraryPakFileMountedCallback: PakFile 'C:/UE_4.27/FeaturePacks/TP_PuzzleBP.upack' (chunk index -1, root 'root:/') mounted
[2022.03.20-14.00.58:138][  0]LogShaderLibrary: Display: ShaderCodeLibraryPakFileMountedCallback: pending pak file info (ChunkID:-1 Root:root:/ File:C:/UE_4.27/FeaturePacks/TP_PuzzleBP.upack)
[2022.03.20-14.00.58:138][  0]LogPakFile: OnPakFileMounted2Time == 0.000054
[2022.03.20-14.00.58:139][  0]LogPakFile: PakFile PrimaryIndexSize=183
[2022.03.20-14.00.58:139][  0]LogPakFile: PakFile PathHashIndexSize=101
[2022.03.20-14.00.58:139][  0]LogPakFile: PakFile FullDirectoryIndexSize=140
[2022.03.20-14.00.58:139][  0]LogShaderLibrary: Display: ShaderCodeLibraryPakFileMountedCallback: PakFile 'C:/UE_4.27/FeaturePacks/TP_Rolling.upack' (chunk index -1, root 'root:/') mounted
[2022.03.20-14.00.58:140][  0]LogShaderLibrary: Display: ShaderCodeLibraryPakFileMountedCallback: pending pak file info (ChunkID:-1 Root:root:/ File:C:/UE_4.27/FeaturePacks/TP_Rolling.upack)
[2022.03.20-14.00.58:140][  0]LogPakFile: OnPakFileMounted2Time == 0.000051
[2022.03.20-14.00.58:141][  0]LogPakFile: PakFile PrimaryIndexSize=185
[2022.03.20-14.00.58:141][  0]LogPakFile: PakFile PathHashIndexSize=101
[2022.03.20-14.00.58:141][  0]LogPakFile: PakFile FullDirectoryIndexSize=144
[2022.03.20-14.00.58:141][  0]LogShaderLibrary: Display: ShaderCodeLibraryPakFileMountedCallback: PakFile 'C:/UE_4.27/FeaturePacks/TP_RollingBP.upack' (chunk index -1, root 'root:/') mounted
[2022.03.20-14.00.58:141][  0]LogShaderLibrary: Display: ShaderCodeLibraryPakFileMountedCallback: pending pak file info (ChunkID:-1 Root:root:/ File:C:/UE_4.27/FeaturePacks/TP_RollingBP.upack)
[2022.03.20-14.00.58:141][  0]LogPakFile: OnPakFileMounted2Time == 0.000051
[2022.03.20-14.00.58:143][  0]LogPakFile: PakFile PrimaryIndexSize=188
[2022.03.20-14.00.58:143][  0]LogPakFile: PakFile PathHashIndexSize=101
[2022.03.20-14.00.58:143][  0]LogPakFile: PakFile FullDirectoryIndexSize=150
[2022.03.20-14.00.58:143][  0]LogShaderLibrary: Display: ShaderCodeLibraryPakFileMountedCallback: PakFile 'C:/UE_4.27/FeaturePacks/TP_SideScroller.upack' (chunk index -1, root 'root:/') mounted
[2022.03.20-14.00.58:143][  0]LogShaderLibrary: Display: ShaderCodeLibraryPakFileMountedCallback: pending pak file info (ChunkID:-1 Root:root:/ File:C:/UE_4.27/FeaturePacks/TP_SideScroller.upack)
[2022.03.20-14.00.58:143][  0]LogPakFile: OnPakFileMounted2Time == 0.000051
[2022.03.20-14.00.58:145][  0]LogPakFile: PakFile PrimaryIndexSize=190
[2022.03.20-14.00.58:145][  0]LogPakFile: PakFile PathHashIndexSize=101
[2022.03.20-14.00.58:145][  0]LogPakFile: PakFile FullDirectoryIndexSize=154
[2022.03.20-14.00.58:145][  0]LogShaderLibrary: Display: ShaderCodeLibraryPakFileMountedCallback: PakFile 'C:/UE_4.27/FeaturePacks/TP_SideScrollerBP.upack' (chunk index -1, root 'root:/') mounted
[2022.03.20-14.00.58:145][  0]LogShaderLibrary: Display: ShaderCodeLibraryPakFileMountedCallback: pending pak file info (ChunkID:-1 Root:root:/ File:C:/UE_4.27/FeaturePacks/TP_SideScrollerBP.upack)
[2022.03.20-14.00.58:145][  0]LogPakFile: OnPakFileMounted2Time == 0.000053
[2022.03.20-14.00.58:147][  0]LogPakFile: PakFile PrimaryIndexSize=187
[2022.03.20-14.00.58:147][  0]LogPakFile: PakFile PathHashIndexSize=101
[2022.03.20-14.00.58:147][  0]LogPakFile: PakFile FullDirectoryIndexSize=148
[2022.03.20-14.00.58:148][  0]LogShaderLibrary: Display: ShaderCodeLibraryPakFileMountedCallback: PakFile 'C:/UE_4.27/FeaturePacks/TP_ThirdPerson.upack' (chunk index -1, root 'root:/') mounted
[2022.03.20-14.00.58:148][  0]LogShaderLibrary: Display: ShaderCodeLibraryPakFileMountedCallback: pending pak file info (ChunkID:-1 Root:root:/ File:C:/UE_4.27/FeaturePacks/TP_ThirdPerson.upack)
[2022.03.20-14.00.58:148][  0]LogPakFile: OnPakFileMounted2Time == 0.000053
[2022.03.20-14.00.58:150][  0]LogPakFile: PakFile PrimaryIndexSize=189
[2022.03.20-14.00.58:150][  0]LogPakFile: PakFile PathHashIndexSize=101
[2022.03.20-14.00.58:150][  0]LogPakFile: PakFile FullDirectoryIndexSize=152
[2022.03.20-14.00.58:150][  0]LogShaderLibrary: Display: ShaderCodeLibraryPakFileMountedCallback: PakFile 'C:/UE_4.27/FeaturePacks/TP_ThirdPersonBP.upack' (chunk index -1, root 'root:/') mounted
[2022.03.20-14.00.58:150][  0]LogShaderLibrary: Display: ShaderCodeLibraryPakFileMountedCallback: pending pak file info (ChunkID:-1 Root:root:/ File:C:/UE_4.27/FeaturePacks/TP_ThirdPersonBP.upack)
[2022.03.20-14.00.58:150][  0]LogPakFile: OnPakFileMounted2Time == 0.000054
[2022.03.20-14.00.58:152][  0]LogPakFile: PakFile PrimaryIndexSize=183
[2022.03.20-14.00.58:152][  0]LogPakFile: PakFile PathHashIndexSize=101
[2022.03.20-14.00.58:152][  0]LogPakFile: PakFile FullDirectoryIndexSize=140
[2022.03.20-14.00.58:152][  0]LogShaderLibrary: Display: ShaderCodeLibraryPakFileMountedCallback: PakFile 'C:/UE_4.27/FeaturePacks/TP_TopDown.upack' (chunk index -1, root 'root:/') mounted
[2022.03.20-14.00.58:152][  0]LogShaderLibrary: Display: ShaderCodeLibraryPakFileMountedCallback: pending pak file info (ChunkID:-1 Root:root:/ File:C:/UE_4.27/FeaturePacks/TP_TopDown.upack)
[2022.03.20-14.00.58:152][  0]LogPakFile: OnPakFileMounted2Time == 0.000057
[2022.03.20-14.00.58:154][  0]LogPakFile: PakFile PrimaryIndexSize=185
[2022.03.20-14.00.58:154][  0]LogPakFile: PakFile PathHashIndexSize=101
[2022.03.20-14.00.58:154][  0]LogPakFile: PakFile FullDirectoryIndexSize=144
[2022.03.20-14.00.58:154][  0]LogShaderLibrary: Display: ShaderCodeLibraryPakFileMountedCallback: PakFile 'C:/UE_4.27/FeaturePacks/TP_TopDownBP.upack' (chunk index -1, root 'root:/') mounted
[2022.03.20-14.00.58:154][  0]LogShaderLibrary: Display: ShaderCodeLibraryPakFileMountedCallback: pending pak file info (ChunkID:-1 Root:root:/ File:C:/UE_4.27/FeaturePacks/TP_TopDownBP.upack)
[2022.03.20-14.00.58:154][  0]LogPakFile: OnPakFileMounted2Time == 0.000048
[2022.03.20-14.00.58:155][  0]LogPakFile: PakFile PrimaryIndexSize=185
[2022.03.20-14.00.58:156][  0]LogPakFile: PakFile PathHashIndexSize=101
[2022.03.20-14.00.58:156][  0]LogPakFile: PakFile FullDirectoryIndexSize=144
[2022.03.20-14.00.58:156][  0]LogShaderLibrary: Display: ShaderCodeLibraryPakFileMountedCallback: PakFile 'C:/UE_4.27/FeaturePacks/TP_TwinStick.upack' (chunk index -1, root 'root:/') mounted
[2022.03.20-14.00.58:156][  0]LogShaderLibrary: Display: ShaderCodeLibraryPakFileMountedCallback: pending pak file info (ChunkID:-1 Root:root:/ File:C:/UE_4.27/FeaturePacks/TP_TwinStick.upack)
[2022.03.20-14.00.58:156][  0]LogPakFile: OnPakFileMounted2Time == 0.000057
[2022.03.20-14.00.58:157][  0]LogPakFile: PakFile PrimaryIndexSize=187
[2022.03.20-14.00.58:157][  0]LogPakFile: PakFile PathHashIndexSize=101
[2022.03.20-14.00.58:158][  0]LogPakFile: PakFile FullDirectoryIndexSize=148
[2022.03.20-14.00.58:158][  0]LogShaderLibrary: Display: ShaderCodeLibraryPakFileMountedCallback: PakFile 'C:/UE_4.27/FeaturePacks/TP_TwinStickBP.upack' (chunk index -1, root 'root:/') mounted
[2022.03.20-14.00.58:158][  0]LogShaderLibrary: Display: ShaderCodeLibraryPakFileMountedCallback: pending pak file info (ChunkID:-1 Root:root:/ File:C:/UE_4.27/FeaturePacks/TP_TwinStickBP.upack)
[2022.03.20-14.00.58:158][  0]LogPakFile: OnPakFileMounted2Time == 0.000047
[2022.03.20-14.00.58:159][  0]LogPakFile: PakFile PrimaryIndexSize=183
[2022.03.20-14.00.58:159][  0]LogPakFile: PakFile PathHashIndexSize=101
[2022.03.20-14.00.58:159][  0]LogPakFile: PakFile FullDirectoryIndexSize=140
[2022.03.20-14.00.58:160][  0]LogShaderLibrary: Display: ShaderCodeLibraryPakFileMountedCallback: PakFile 'C:/UE_4.27/FeaturePacks/TP_Vehicle.upack' (chunk index -1, root 'root:/') mounted
[2022.03.20-14.00.58:160][  0]LogShaderLibrary: Display: ShaderCodeLibraryPakFileMountedCallback: pending pak file info (ChunkID:-1 Root:root:/ File:C:/UE_4.27/FeaturePacks/TP_Vehicle.upack)
[2022.03.20-14.00.58:160][  0]LogPakFile: OnPakFileMounted2Time == 0.000047
[2022.03.20-14.00.58:162][  0]LogPakFile: PakFile PrimaryIndexSize=186
[2022.03.20-14.00.58:162][  0]LogPakFile: PakFile PathHashIndexSize=101
[2022.03.20-14.00.58:162][  0]LogPakFile: PakFile FullDirectoryIndexSize=146
[2022.03.20-14.00.58:162][  0]LogShaderLibrary: Display: ShaderCodeLibraryPakFileMountedCallback: PakFile 'C:/UE_4.27/FeaturePacks/TP_VehicleAdv.upack' (chunk index -1, root 'root:/') mounted
[2022.03.20-14.00.58:162][  0]LogShaderLibrary: Display: ShaderCodeLibraryPakFileMountedCallback: pending pak file info (ChunkID:-1 Root:root:/ File:C:/UE_4.27/FeaturePacks/TP_VehicleAdv.upack)
[2022.03.20-14.00.58:162][  0]LogPakFile: OnPakFileMounted2Time == 0.000052
[2022.03.20-14.00.58:164][  0]LogPakFile: PakFile PrimaryIndexSize=188
[2022.03.20-14.00.58:164][  0]LogPakFile: PakFile PathHashIndexSize=101
[2022.03.20-14.00.58:164][  0]LogPakFile: PakFile FullDirectoryIndexSize=150
[2022.03.20-14.00.58:164][  0]LogShaderLibrary: Display: ShaderCodeLibraryPakFileMountedCallback: PakFile 'C:/UE_4.27/FeaturePacks/TP_VehicleAdvBP.upack' (chunk index -1, root 'root:/') mounted
[2022.03.20-14.00.58:164][  0]LogShaderLibrary: Display: ShaderCodeLibraryPakFileMountedCallback: pending pak file info (ChunkID:-1 Root:root:/ File:C:/UE_4.27/FeaturePacks/TP_VehicleAdvBP.upack)
[2022.03.20-14.00.58:164][  0]LogPakFile: OnPakFileMounted2Time == 0.000054
[2022.03.20-14.00.58:166][  0]LogPakFile: PakFile PrimaryIndexSize=185
[2022.03.20-14.00.58:166][  0]LogPakFile: PakFile PathHashIndexSize=101
[2022.03.20-14.00.58:166][  0]LogPakFile: PakFile FullDirectoryIndexSize=144
[2022.03.20-14.00.58:166][  0]LogShaderLibrary: Display: ShaderCodeLibraryPakFileMountedCallback: PakFile 'C:/UE_4.27/FeaturePacks/TP_VehicleBP.upack' (chunk index -1, root 'root:/') mounted
[2022.03.20-14.00.58:166][  0]LogShaderLibrary: Display: ShaderCodeLibraryPakFileMountedCallback: pending pak file info (ChunkID:-1 Root:root:/ File:C:/UE_4.27/FeaturePacks/TP_VehicleBP.upack)
[2022.03.20-14.00.58:166][  0]LogPakFile: OnPakFileMounted2Time == 0.000051
[2022.03.20-14.00.58:168][  0]LogPakFile: PakFile PrimaryIndexSize=192
[2022.03.20-14.00.58:168][  0]LogPakFile: PakFile PathHashIndexSize=101
[2022.03.20-14.00.58:168][  0]LogPakFile: PakFile FullDirectoryIndexSize=158
[2022.03.20-14.00.58:168][  0]LogShaderLibrary: Display: ShaderCodeLibraryPakFileMountedCallback: PakFile 'C:/UE_4.27/FeaturePacks/TP_VirtualRealityBP.upack' (chunk index -1, root 'root:/') mounted
[2022.03.20-14.00.58:168][  0]LogShaderLibrary: Display: ShaderCodeLibraryPakFileMountedCallback: pending pak file info (ChunkID:-1 Root:root:/ File:C:/UE_4.27/FeaturePacks/TP_VirtualRealityBP.upack)
[2022.03.20-14.00.58:168][  0]LogPakFile: OnPakFileMounted2Time == 0.000047
[2022.03.20-14.00.58:337][  0]LogNativeClassHierarchy: Verbose: Native class hierarchy updated for 'AddContentDialog' in 0.0003 seconds. Added 0 classes and 0 folders.
[2022.03.20-14.00.58:488][  0]LogSlate: Took 0.000232 seconds to synchronously load lazily loaded font '../../../Engine/Content/Slate/Fonts/Roboto-Regular.ttf' (155K)
[2022.03.20-14.00.58:490][  0]LogSlate: Took 0.000713 seconds to synchronously load lazily loaded font '../../../Engine/Content/Editor/Slate/Fonts/FontAwesome.ttf' (139K)
[2022.03.20-14.00.58:494][  0]LogSlate: Took 0.000198 seconds to synchronously load lazily loaded font '../../../Engine/Content/Slate/Fonts/Roboto-Bold.ttf' (160K)
[2022.03.20-14.00.58:583][  0]LogRenderer: Reallocating scene render targets to support 1228x660 Format 10 NumSamples 1 (Frame:1).
[2022.03.20-14.00.58:652][  0]LogSlate: Took 0.001131 seconds to synchronously load lazily loaded font '../../../Engine/Content/Slate/Fonts/Roboto-Light.ttf' (167K)
[2022.03.20-14.00.59:044][  0]LogNativeClassHierarchy: Verbose: Native class hierarchy updated for 'HierarchicalLODOutliner' in 0.0003 seconds. Added 0 classes and 0 folders.
[2022.03.20-14.00.59:044][  0]LogLoad: (Engine Initialization) Total time: 11.72 seconds
[2022.03.20-14.00.59:044][  0]LogLoad: (Engine Initialization) Total Blueprint compile time: 0.00 seconds
[2022.03.20-14.00.59:155][  0]LogAssetRegistry: Asset discovery search completed in 7.8409 seconds
[2022.03.20-14.00.59:163][  0]LogCollectionManager: Fixed up redirectors for 0 collections in 0.000003 seconds (updated 0 objects)
[2022.03.20-14.00.59:171][  0]LogContentStreaming: Texture pool size now 1000 MB
[2022.03.20-14.02.16:458][380]LogSlate: Took 0.000848 seconds to synchronously load lazily loaded font '../../../Engine/Content/Slate/Fonts/Roboto-Italic.ttf' (157K)
